Log file open, 11/27/19 13:39:56
LogWindows: Failed to load 'aqProf.dll' (GetLastError=126)
LogWindows: File 'aqProf.dll' does not exist
LogWindows: Failed to load 'VtuneApi.dll' (GetLastError=126)
LogWindows: File 'VtuneApi.dll' does not exist
LogWindows: Failed to load 'VtuneApi32e.dll' (GetLastError=126)
LogWindows: File 'VtuneApi32e.dll' does not exist
LogConsoleResponse: Display: Failed to find resolution value strings in scalability ini. Falling back to default.
LogInit: Display: Running engine for game: Game
LogPlatformFile: Not using cached read wrapper
LogTaskGraph: Started task graph with 5 named threads and 14 total threads with 3 sets of task threads.
LogStats: Stats thread started at 1.267649
LogD3D11RHI: Loaded GFSDK_Aftermath_Lib.x64.dll
LogICUInternationalization: ICU TimeZone Detection - Raw Offset: +9:00, Platform Override: ''
LogPluginManager: Mounting plugin Paper2D
LogPluginManager: Mounting plugin AISupport
LogPluginManager: Mounting plugin LightPropagationVolume
LogPluginManager: Mounting plugin ActorLayerUtilities
LogPluginManager: Mounting plugin AnimationSharing
LogPluginManager: Mounting plugin CLionSourceCodeAccess
LogPluginManager: Mounting plugin CodeLiteSourceCodeAccess
LogPluginManager: Mounting plugin GitSourceControl
LogPluginManager: Mounting plugin KDevelopSourceCodeAccess
LogPluginManager: Mounting plugin NullSourceCodeAccess
LogPluginManager: Mounting plugin PerforceSourceControl
LogPluginManager: Mounting plugin SubversionSourceControl
LogPluginManager: Mounting plugin UObjectPlugin
LogPluginManager: Mounting plugin VisualStudioCodeSourceCodeAccess
LogPluginManager: Mounting plugin VisualStudioSourceCodeAccess
LogPluginManager: Mounting plugin XCodeSourceCodeAccess
LogPluginManager: Mounting plugin AssetManagerEditor
LogPluginManager: Mounting plugin CryptoKeys
LogPluginManager: Mounting plugin CurveEditorTools
LogPluginManager: Mounting plugin DataValidation
LogPluginManager: Mounting plugin FacialAnimation
LogPluginManager: Mounting plugin GameplayTagsEditor
LogPluginManager: Mounting plugin MacGraphicsSwitching
LogPluginManager: Mounting plugin MaterialAnalyzer
LogPluginManager: Mounting plugin MobileLauncherProfileWizard
LogPluginManager: Mounting plugin PluginBrowser
LogPluginManager: Mounting plugin SpeedTreeImporter
LogPluginManager: Mounting plugin DatasmithContent
LogPluginManager: Mounting plugin VariantManagerContent
LogPluginManager: Mounting plugin AlembicImporter
LogPluginManager: Mounting plugin AutomationUtils
LogPluginManager: Mounting plugin BackChannel
LogPluginManager: Mounting plugin CharacterAI
LogPluginManager: Mounting plugin GeometryCache
LogPluginManager: Mounting plugin HTML5Networking
LogPluginManager: Mounting plugin PlatformCrypto
LogPluginManager: Mounting plugin ProxyLODPlugin
LogPluginManager: Mounting plugin SkeletalReduction
LogPluginManager: Mounting plugin MagicLeap
LogPluginManager: Mounting plugin MagicLeapMedia
LogPluginManager: Mounting plugin AndroidMedia
LogPluginManager: Mounting plugin AvfMedia
LogPluginManager: Mounting plugin ImgMedia
LogPluginManager: Mounting plugin MediaCompositing
LogPluginManager: Mounting plugin MediaPlayerEditor
LogPluginManager: Mounting plugin WebMMedia
LogPluginManager: Mounting plugin WmfMedia
LogPluginManager: Mounting plugin TcpMessaging
LogPluginManager: Mounting plugin UdpMessaging
LogPluginManager: Mounting plugin ActorSequence
LogPluginManager: Mounting plugin LevelSequenceEditor
LogPluginManager: Mounting plugin MatineeToLevelSequence
LogPluginManager: Mounting plugin NetcodeUnitTest
LogPluginManager: Mounting plugin NUTUnrealEngine4
LogPluginManager: Mounting plugin OnlineSubsystemGooglePlay
LogPluginManager: Mounting plugin OnlineSubsystemIOS
LogPluginManager: Mounting plugin OnlineSubsystem
LogPluginManager: Mounting plugin OnlineSubsystemNull
LogPluginManager: Mounting plugin OnlineSubsystemUtils
LogPluginManager: Mounting plugin LauncherChunkInstaller
LogPluginManager: Mounting plugin AndroidDeviceProfileSelector
LogPluginManager: Mounting plugin AndroidMoviePlayer
LogPluginManager: Mounting plugin AndroidPermission
LogPluginManager: Mounting plugin AppleImageUtils
LogPluginManager: Mounting plugin AppleMoviePlayer
LogPluginManager: Mounting plugin ArchVisCharacter
LogPluginManager: Mounting plugin AudioCapture
LogPluginManager: Mounting plugin CableComponent
LogPluginManager: Mounting plugin CustomMeshComponent
LogPluginManager: Mounting plugin EditableMesh
LogPluginManager: Mounting plugin ExampleDeviceProfileSelector
LogPluginManager: Mounting plugin GoogleCloudMessaging
LogPluginManager: Mounting plugin IOSDeviceProfileSelector
LogPluginManager: Mounting plugin LinuxDeviceProfileSelector
LogPluginManager: Mounting plugin LocationServicesBPLibrary
LogPluginManager: Mounting plugin MobilePatchingUtils
LogPluginManager: Mounting plugin OculusVR
LogPluginManager: Mounting plugin PhysXVehicles
LogPluginManager: Mounting plugin ProceduralMeshComponent
LogPluginManager: Mounting plugin RuntimePhysXCooking
LogPluginManager: Mounting plugin SignificanceManager
LogPluginManager: Mounting plugin SteamVR
LogPluginManager: Mounting plugin WebMMoviePlayer
LogPluginManager: Mounting plugin WindowsMoviePlayer
LogPluginManager: Mounting plugin ScreenshotTools
LogInit: Using libcurl 7.55.1-DEV
LogInit:  - built for x86_64-pc-win32
LogInit:  - supports SSL with OpenSSL/1.1.1
LogInit:  - supports HTTP deflate (compression) using libz 1.2.8
LogInit:  - other features:
LogInit:      CURL_VERSION_SSL
LogInit:      CURL_VERSION_LIBZ
LogInit:      CURL_VERSION_IPV6
LogInit:      CURL_VERSION_ASYNCHDNS
LogInit:      CURL_VERSION_LARGEFILE
LogInit:      CURL_VERSION_IDN
LogInit:  CurlRequestOptions (configurable via config and command line):
LogInit:  - bVerifyPeer = true  - Libcurl will verify peer certificate
LogInit:  - bUseHttpProxy = false  - Libcurl will NOT use HTTP proxy
LogInit:  - bDontReuseConnections = false  - Libcurl will reuse connections
LogInit:  - MaxHostConnections = 16  - Libcurl will limit the number of connections to a host
LogInit:  - LocalHostAddr = Default
LogInit:  - BufferSize = 65536
LogOnline: OSS: Creating online subsystem instance for: NULL
LogInit: WinSock: version 1.1 (2.2), MaxSocks=32767, MaxUdp=65467
LogInit: Build: ++UE4+Release-4.23-CL-9631420
LogInit: Engine Version: 4.23.1-9631420+++UE4+Release-4.23
LogInit: Compatible Engine Version: 4.23.0-8386587+++UE4+Release-4.23
LogInit: Net CL: 8386587
LogInit: OS: Windows 10 (Release 1809) (), CPU: Intel(R) Core(TM) i5-4690 CPU @ 3.50GHz, GPU: Intel(R) HD Graphics 4600
LogInit: Compiled (64-bit): Oct 18 2019 02:07:44
LogInit: Compiled with Visual C++: 19.16.27030.01
LogInit: Build Configuration: Development
LogInit: Branch Name: ++UE4+Release-4.23
LogInit: Command Line:  -EpicPortal -epicusername=cherryfine -epicuserid=607022755b3a4bd88bbba20e16409e56 -epiclocale=ko-KR
LogInit: Base Directory: C:/Program Files/Epic Games/UE_4.23/Engine/Binaries/Win64/
LogInit: Installed Engine Build: 1
LogDevObjectVersion: Number of dev versions registered: 23
LogDevObjectVersion:   Dev-Blueprints (B0D832E4-1F89-4F0D-ACCF-7EB736FD4AA2): 10
LogDevObjectVersion:   Dev-Build (E1C64328-A22C-4D53-A36C-8E866417BD8C): 0
LogDevObjectVersion:   Dev-Core (375EC13C-06E4-48FB-B500-84F0262A717E): 3
LogDevObjectVersion:   Dev-Editor (E4B068ED-F494-42E9-A231-DA0B2E46BB41): 34
LogDevObjectVersion:   Dev-Framework (CFFC743F-43B0-4480-9391-14DF171D2073): 35
LogDevObjectVersion:   Dev-Mobile (B02B49B5-BB20-44E9-A304-32B752E40360): 2
LogDevObjectVersion:   Dev-Networking (A4E4105C-59A1-49B5-A7C5-40C4547EDFEE): 0
LogDevObjectVersion:   Dev-Online (39C831C9-5AE6-47DC-9A44-9C173E1C8E7C): 0
LogDevObjectVersion:   Dev-Physics (78F01B33-EBEA-4F98-B9B4-84EACCB95AA2): 0
LogDevObjectVersion:   Dev-Platform (6631380F-2D4D-43E0-8009-CF276956A95A): 0
LogDevObjectVersion:   Dev-Rendering (12F88B9F-8875-4AFC-A67C-D90C383ABD29): 31
LogDevObjectVersion:   Dev-Sequencer (7B5AE74C-D270-4C10-A958-57980B212A5A): 11
LogDevObjectVersion:   Dev-VR (D7296918-1DD6-4BDD-9DE2-64A83CC13884): 2
LogDevObjectVersion:   Dev-LoadTimes (C2A15278-BFE7-4AFE-6C17-90FF531DF755): 1
LogDevObjectVersion:   Private-Geometry (6EACA3D4-40EC-4CC1-B786-8BED09428FC5): 3
LogDevObjectVersion:   Dev-AnimPhys (29E575DD-E0A3-4627-9D10-D276232CDCEA): 17
LogDevObjectVersion:   Dev-Anim (AF43A65D-7FD3-4947-9873-3E8ED9C1BB05): 2
LogDevObjectVersion:   Dev-ReflectionCapture (6B266CEC-1EC7-4B8F-A30B-E4D90942FC07): 1
LogDevObjectVersion:   Dev-Automation (0DF73D61-A23F-47EA-B727-89E90C41499A): 1
LogDevObjectVersion:   FortniteMain (601D1886-AC64-4F84-AA16-D3DE0DEAC7D6): 27
LogDevObjectVersion:   Dev-Enterprise (9DFFBCD6-494F-0158-E221-12823C92A888): 6
LogDevObjectVersion:   Dev-Niagara (F2AED0AC-9AFE-416F-8664-AA7FFA26D6FC): 1
LogDevObjectVersion:   Dev-Destruction (174F1F0B-B4C6-45A5-B13F-2EE8D0FB917D): 9
LogInit: Presizing for max 16777216 objects, including 0 objects not considered by GC, pre-allocating 0 bytes for permanent pool.
LogInit: Object subsystem initialized
LogConfig: Setting CVar [[con.DebugEarlyDefault:1]]
LogConfig: Setting CVar [[r.setres:1280x720]]
[2019.11.27-04.39.59:312][  0]LogConfig: Setting CVar [[r.VSync:0]]
[2019.11.27-04.39.59:312][  0]LogConfig: Setting CVar [[r.RHICmdBypass:0]]
[2019.11.27-04.39.59:313][  0]LogConfig: Applying CVar settings from Section [/Script/Engine.RendererSettings] File [C:/Users/cheri/OneDrive/바탕 화면/game-master/game-master/Game/Saved/Config/Windows/Engine.ini]
[2019.11.27-04.39.59:313][  0]LogConfig: Setting CVar [[r.GPUCrashDebugging:0]]
[2019.11.27-04.39.59:313][  0]LogConfig: Applying CVar settings from Section [/Script/Engine.RendererOverrideSettings] File [C:/Users/cheri/OneDrive/바탕 화면/game-master/game-master/Game/Saved/Config/Windows/Engine.ini]
[2019.11.27-04.39.59:314][  0]LogConfig: Applying CVar settings from Section [/Script/Engine.StreamingSettings] File [C:/Users/cheri/OneDrive/바탕 화면/game-master/game-master/Game/Saved/Config/Windows/Engine.ini]
[2019.11.27-04.39.59:314][  0]LogConfig: Setting CVar [[s.MinBulkDataSizeForAsyncLoading:131072]]
[2019.11.27-04.39.59:314][  0]LogConfig: Setting CVar [[s.AsyncLoadingThreadEnabled:0]]
[2019.11.27-04.39.59:314][  0]LogConfig: Setting CVar [[s.EventDrivenLoaderEnabled:1]]
[2019.11.27-04.39.59:314][  0]LogConfig: Setting CVar [[s.WarnIfTimeLimitExceeded:0]]
[2019.11.27-04.39.59:315][  0]LogConfig: Setting CVar [[s.TimeLimitExceededMultiplier:1.5]]
[2019.11.27-04.39.59:315][  0]LogConfig: Setting CVar [[s.TimeLimitExceededMinTime:0.005]]
[2019.11.27-04.39.59:315][  0]LogConfig: Setting CVar [[s.UseBackgroundLevelStreaming:1]]
[2019.11.27-04.39.59:315][  0]LogConfig: Setting CVar [[s.PriorityAsyncLoadingExtraTime:15.0]]
[2019.11.27-04.39.59:315][  0]LogConfig: Setting CVar [[s.LevelStreamingActorsUpdateTimeLimit:5.0]]
[2019.11.27-04.39.59:315][  0]LogConfig: Setting CVar [[s.PriorityLevelStreamingActorsUpdateExtraTime:5.0]]
[2019.11.27-04.39.59:316][  0]LogConfig: Setting CVar [[s.LevelStreamingComponentsRegistrationGranularity:10]]
[2019.11.27-04.39.59:316][  0]LogConfig: Setting CVar [[s.UnregisterComponentsTimeLimit:1.0]]
[2019.11.27-04.39.59:316][  0]LogConfig: Setting CVar [[s.LevelStreamingComponentsUnregistrationGranularity:5]]
[2019.11.27-04.39.59:316][  0]LogConfig: Applying CVar settings from Section [/Script/Engine.GarbageCollectionSettings] File [C:/Users/cheri/OneDrive/바탕 화면/game-master/game-master/Game/Saved/Config/Windows/Engine.ini]
[2019.11.27-04.39.59:316][  0]LogConfig: Setting CVar [[gc.MaxObjectsNotConsideredByGC:1]]
[2019.11.27-04.39.59:317][  0]LogConfig: Setting CVar [[gc.SizeOfPermanentObjectPool:0]]
[2019.11.27-04.39.59:317][  0]LogConfig: Setting CVar [[gc.FlushStreamingOnGC:0]]
[2019.11.27-04.39.59:317][  0]LogConfig: Setting CVar [[gc.NumRetriesBeforeForcingGC:10]]
[2019.11.27-04.39.59:318][  0]LogConfig: Setting CVar [[gc.AllowParallelGC:1]]
[2019.11.27-04.39.59:318][  0]LogConfig: Setting CVar [[gc.TimeBetweenPurgingPendingKillObjects:61.1]]
[2019.11.27-04.39.59:318][  0]LogConfig: Setting CVar [[gc.MaxObjectsInEditor:16777216]]
[2019.11.27-04.39.59:318][  0]LogConfig: Setting CVar [[gc.IncrementalBeginDestroyEnabled:1]]
[2019.11.27-04.39.59:318][  0]LogConfig: Setting CVar [[gc.CreateGCClusters:1]]
[2019.11.27-04.39.59:318][  0]LogConfig: Setting CVar [[gc.MinGCClusterSize:5]]
[2019.11.27-04.39.59:319][  0]LogConfig: Setting CVar [[gc.ActorClusteringEnabled:0]]
[2019.11.27-04.39.59:319][  0]LogConfig: Setting CVar [[gc.BlueprintClusteringEnabled:0]]
[2019.11.27-04.39.59:319][  0]LogConfig: Setting CVar [[gc.UseDisregardForGCOnDedicatedServers:0]]
[2019.11.27-04.39.59:319][  0]LogConfig: Applying CVar settings from Section [/Script/Engine.NetworkSettings] File [C:/Users/cheri/OneDrive/바탕 화면/game-master/game-master/Game/Saved/Config/Windows/Engine.ini]
[2019.11.27-04.39.59:319][  0]LogConfig: Applying CVar settings from Section [/Script/UnrealEd.CookerSettings] File [C:/Users/cheri/OneDrive/바탕 화면/game-master/game-master/Game/Saved/Config/Windows/Engine.ini]
[2019.11.27-04.39.59:339][  0]LogConfig: Applying CVar settings from Section [ViewDistanceQuality@3] File [C:/Users/cheri/OneDrive/바탕 화면/game-master/game-master/Game/Saved/Config/Windows/Scalability.ini]
[2019.11.27-04.39.59:339][  0]LogConfig: Setting CVar [[r.SkeletalMeshLODBias:0]]
[2019.11.27-04.39.59:339][  0]LogConfig: Setting CVar [[r.ViewDistanceScale:1.0]]
[2019.11.27-04.39.59:340][  0]LogConfig: Applying CVar settings from Section [AntiAliasingQuality@3] File [C:/Users/cheri/OneDrive/바탕 화면/game-master/game-master/Game/Saved/Config/Windows/Scalability.ini]
[2019.11.27-04.39.59:340][  0]LogConfig: Setting CVar [[r.PostProcessAAQuality:4]]
[2019.11.27-04.39.59:340][  0]LogConfig: Applying CVar settings from Section [ShadowQuality@3] File [C:/Users/cheri/OneDrive/바탕 화면/game-master/game-master/Game/Saved/Config/Windows/Scalability.ini]
[2019.11.27-04.39.59:340][  0]LogConfig: Setting CVar [[r.LightFunctionQuality:1]]
[2019.11.27-04.39.59:340][  0]LogConfig: Setting CVar [[r.ShadowQuality:5]]
[2019.11.27-04.39.59:340][  0]LogConfig: Setting CVar [[r.Shadow.CSM.MaxCascades:10]]
[2019.11.27-04.39.59:341][  0]LogConfig: Setting CVar [[r.Shadow.MaxResolution:2048]]
[2019.11.27-04.39.59:341][  0]LogConfig: Setting CVar [[r.Shadow.MaxCSMResolution:2048]]
[2019.11.27-04.39.59:341][  0]LogConfig: Setting CVar [[r.Shadow.RadiusThreshold:0.01]]
[2019.11.27-04.39.59:341][  0]LogConfig: Setting CVar [[r.Shadow.DistanceScale:1.0]]
[2019.11.27-04.39.59:341][  0]LogConfig: Setting CVar [[r.Shadow.CSM.TransitionScale:1.0]]
[2019.11.27-04.39.59:341][  0]LogConfig: Setting CVar [[r.Shadow.PreShadowResolutionFactor:1.0]]
[2019.11.27-04.39.59:341][  0]LogConfig: Setting CVar [[r.DistanceFieldShadowing:1]]
[2019.11.27-04.39.59:341][  0]LogConfig: Setting CVar [[r.DistanceFieldAO:1]]
[2019.11.27-04.39.59:342][  0]LogConfig: Setting CVar [[r.AOQuality:2]]
[2019.11.27-04.39.59:342][  0]LogConfig: Setting CVar [[r.VolumetricFog:1]]
[2019.11.27-04.39.59:342][  0]LogConfig: Setting CVar [[r.VolumetricFog.GridPixelSize:8]]
[2019.11.27-04.39.59:342][  0]LogConfig: Setting CVar [[r.VolumetricFog.GridSizeZ:128]]
[2019.11.27-04.39.59:342][  0]LogConfig: Setting CVar [[r.VolumetricFog.HistoryMissSupersampleCount:4]]
[2019.11.27-04.39.59:342][  0]LogConfig: Setting CVar [[r.LightMaxDrawDistanceScale:1]]
[2019.11.27-04.39.59:342][  0]LogConfig: Setting CVar [[r.CapsuleShadows:1]]
[2019.11.27-04.39.59:342][  0]LogConfig: Applying CVar settings from Section [PostProcessQuality@3] File [C:/Users/cheri/OneDrive/바탕 화면/game-master/game-master/Game/Saved/Config/Windows/Scalability.ini]
[2019.11.27-04.39.59:342][  0]LogConfig: Setting CVar [[r.MotionBlurQuality:4]]
[2019.11.27-04.39.59:343][  0]LogConfig: Setting CVar [[r.AmbientOcclusionMipLevelFactor:0.4]]
[2019.11.27-04.39.59:343][  0]LogConfig: Setting CVar [[r.AmbientOcclusionMaxQuality:100]]
[2019.11.27-04.39.59:343][  0]LogConfig: Setting CVar [[r.AmbientOcclusionLevels:-1]]
[2019.11.27-04.39.59:343][  0]LogConfig: Setting CVar [[r.AmbientOcclusionRadiusScale:1.0]]
[2019.11.27-04.39.59:343][  0]LogConfig: Setting CVar [[r.DepthOfFieldQuality:2]]
[2019.11.27-04.39.59:343][  0]LogConfig: Setting CVar [[r.RenderTargetPoolMin:400]]
[2019.11.27-04.39.59:343][  0]LogConfig: Setting CVar [[r.LensFlareQuality:2]]
[2019.11.27-04.39.59:343][  0]LogConfig: Setting CVar [[r.SceneColorFringeQuality:1]]
[2019.11.27-04.39.59:344][  0]LogConfig: Setting CVar [[r.EyeAdaptationQuality:2]]
[2019.11.27-04.39.59:344][  0]LogConfig: Setting CVar [[r.BloomQuality:5]]
[2019.11.27-04.39.59:344][  0]LogConfig: Setting CVar [[r.FastBlurThreshold:100]]
[2019.11.27-04.39.59:344][  0]LogConfig: Setting CVar [[r.Upscale.Quality:3]]
[2019.11.27-04.39.59:344][  0]LogConfig: Setting CVar [[r.Tonemapper.GrainQuantization:1]]
[2019.11.27-04.39.59:344][  0]LogConfig: Setting CVar [[r.LightShaftQuality:1]]
[2019.11.27-04.39.59:344][  0]LogConfig: Setting CVar [[r.Filter.SizeScale:1]]
[2019.11.27-04.39.59:344][  0]LogConfig: Setting CVar [[r.Tonemapper.Quality:5]]
[2019.11.27-04.39.59:345][  0]LogConfig: Setting CVar [[r.DOF.Gather.AccumulatorQuality:1        ; higher gathering accumulator quality]]
[2019.11.27-04.39.59:345][  0]LogConfig: Setting CVar [[r.DOF.Gather.PostfilterMethod:1          ; Median3x3 postfilering method]]
[2019.11.27-04.39.59:345][  0]LogConfig: Setting CVar [[r.DOF.Gather.EnableBokehSettings:0       ; no bokeh simulation when gathering]]
[2019.11.27-04.39.59:345][  0]LogConfig: Setting CVar [[r.DOF.Gather.RingCount:4                 ; medium number of samples when gathering]]
[2019.11.27-04.39.59:345][  0]LogConfig: Setting CVar [[r.DOF.Scatter.ForegroundCompositing:1    ; additive foreground scattering]]
[2019.11.27-04.39.59:345][  0]LogConfig: Setting CVar [[r.DOF.Scatter.BackgroundCompositing:2    ; additive background scattering]]
[2019.11.27-04.39.59:345][  0]LogConfig: Setting CVar [[r.DOF.Scatter.EnableBokehSettings:1      ; bokeh simulation when scattering]]
[2019.11.27-04.39.59:345][  0]LogConfig: Setting CVar [[r.DOF.Scatter.MaxSpriteRatio:0.1         ; only a maximum of 10% of scattered bokeh]]
[2019.11.27-04.39.59:346][  0]LogConfig: Setting CVar [[r.DOF.Recombine.Quality:1                ; cheap slight out of focus]]
[2019.11.27-04.39.59:346][  0]LogConfig: Setting CVar [[r.DOF.Recombine.EnableBokehSettings:0    ; no bokeh simulation on slight out of focus]]
[2019.11.27-04.39.59:346][  0]LogConfig: Setting CVar [[r.DOF.TemporalAAQuality:1                ; more stable temporal accumulation]]
[2019.11.27-04.39.59:346][  0]LogConfig: Setting CVar [[r.DOF.Kernel.MaxForegroundRadius:0.025]]
[2019.11.27-04.39.59:346][  0]LogConfig: Setting CVar [[r.DOF.Kernel.MaxBackgroundRadius:0.025]]
[2019.11.27-04.39.59:346][  0]LogConfig: Applying CVar settings from Section [TextureQuality@3] File [C:/Users/cheri/OneDrive/바탕 화면/game-master/game-master/Game/Saved/Config/Windows/Scalability.ini]
[2019.11.27-04.39.59:346][  0]LogConfig: Setting CVar [[r.Streaming.MipBias:0]]
[2019.11.27-04.39.59:346][  0]LogConfig: Setting CVar [[r.Streaming.AmortizeCPUToGPUCopy:0]]
[2019.11.27-04.39.59:347][  0]LogConfig: Setting CVar [[r.Streaming.MaxNumTexturesToStreamPerFrame:0]]
[2019.11.27-04.39.59:347][  0]LogConfig: Setting CVar [[r.Streaming.Boost:1]]
[2019.11.27-04.39.59:347][  0]LogConfig: Setting CVar [[r.MaxAnisotropy:8]]
[2019.11.27-04.39.59:347][  0]LogConfig: Setting CVar [[r.Streaming.LimitPoolSizeToVRAM:0]]
[2019.11.27-04.39.59:347][  0]LogConfig: Setting CVar [[r.Streaming.PoolSize:1000]]
[2019.11.27-04.39.59:347][  0]LogConfig: Setting CVar [[r.Streaming.MaxEffectiveScreenSize:0]]
[2019.11.27-04.39.59:347][  0]LogConfig: Applying CVar settings from Section [EffectsQuality@3] File [C:/Users/cheri/OneDrive/바탕 화면/game-master/game-master/Game/Saved/Config/Windows/Scalability.ini]
[2019.11.27-04.39.59:347][  0]LogConfig: Setting CVar [[r.TranslucencyLightingVolumeDim:64]]
[2019.11.27-04.39.59:348][  0]LogConfig: Setting CVar [[r.RefractionQuality:2]]
[2019.11.27-04.39.59:348][  0]LogConfig: Setting CVar [[r.SSR.Quality:3]]
[2019.11.27-04.39.59:348][  0]LogConfig: Setting CVar [[r.SceneColorFormat:4]]
[2019.11.27-04.39.59:348][  0]LogConfig: Setting CVar [[r.DetailMode:2]]
[2019.11.27-04.39.59:348][  0]LogConfig: Setting CVar [[r.TranslucencyVolumeBlur:1]]
[2019.11.27-04.39.59:348][  0]LogConfig: Setting CVar [[r.MaterialQualityLevel:1 ; High quality]]
[2019.11.27-04.39.59:348][  0]LogConfig: Setting CVar [[r.SSS.Scale:1]]
[2019.11.27-04.39.59:348][  0]LogConfig: Setting CVar [[r.SSS.SampleSet:2]]
[2019.11.27-04.39.59:348][  0]LogConfig: Setting CVar [[r.SSS.Quality:1]]
[2019.11.27-04.39.59:349][  0]LogConfig: Setting CVar [[r.SSS.HalfRes:1]]
[2019.11.27-04.39.59:349][  0]LogConfig: Setting CVar [[r.EmitterSpawnRateScale:1.0]]
[2019.11.27-04.39.59:349][  0]LogConfig: Setting CVar [[r.ParticleLightQuality:2]]
[2019.11.27-04.39.59:349][  0]LogConfig: Applying CVar settings from Section [FoliageQuality@3] File [C:/Users/cheri/OneDrive/바탕 화면/game-master/game-master/Game/Saved/Config/Windows/Scalability.ini]
[2019.11.27-04.39.59:349][  0]LogConfig: Setting CVar [[foliage.DensityScale:1.0]]
[2019.11.27-04.39.59:349][  0]LogConfig: Setting CVar [[grass.DensityScale:1.0]]
[2019.11.27-04.39.59:349][  0]LogInit: Selected Device Profile: [Windows]
[2019.11.27-04.39.59:350][  0]LogInit: Applying CVar settings loaded from the selected device profile: [Windows]
[2019.11.27-04.39.59:398][  0]LogHAL: Display: Platform has ~ 8 GB [8485232640 / 8589934592 / 8], which maps to Default [LargestMinGB=32, LargerMinGB=12, DefaultMinGB=8, SmallerMinGB=6, SmallestMinGB=0)
[2019.11.27-04.39.59:400][  0]LogInit: Going up to parent DeviceProfile []
[2019.11.27-04.39.59:400][  0]LogConfig: Applying CVar settings from Section [ViewDistanceQuality@3] File [C:/Users/cheri/OneDrive/바탕 화면/game-master/game-master/Game/Saved/Config/Windows/Scalability.ini]
[2019.11.27-04.39.59:401][  0]LogConfig: Setting CVar [[r.SkeletalMeshLODBias:0]]
[2019.11.27-04.39.59:401][  0]LogConfig: Setting CVar [[r.ViewDistanceScale:1.0]]
[2019.11.27-04.39.59:401][  0]LogConfig: Applying CVar settings from Section [AntiAliasingQuality@3] File [C:/Users/cheri/OneDrive/바탕 화면/game-master/game-master/Game/Saved/Config/Windows/Scalability.ini]
[2019.11.27-04.39.59:401][  0]LogConfig: Setting CVar [[r.PostProcessAAQuality:4]]
[2019.11.27-04.39.59:401][  0]LogConfig: Applying CVar settings from Section [ShadowQuality@3] File [C:/Users/cheri/OneDrive/바탕 화면/game-master/game-master/Game/Saved/Config/Windows/Scalability.ini]
[2019.11.27-04.39.59:401][  0]LogConfig: Setting CVar [[r.LightFunctionQuality:1]]
[2019.11.27-04.39.59:401][  0]LogConfig: Setting CVar [[r.ShadowQuality:5]]
[2019.11.27-04.39.59:402][  0]LogConfig: Setting CVar [[r.Shadow.CSM.MaxCascades:10]]
[2019.11.27-04.39.59:402][  0]LogConfig: Setting CVar [[r.Shadow.MaxResolution:2048]]
[2019.11.27-04.39.59:402][  0]LogConfig: Setting CVar [[r.Shadow.MaxCSMResolution:2048]]
[2019.11.27-04.39.59:402][  0]LogConfig: Setting CVar [[r.Shadow.RadiusThreshold:0.01]]
[2019.11.27-04.39.59:402][  0]LogConfig: Setting CVar [[r.Shadow.DistanceScale:1.0]]
[2019.11.27-04.39.59:402][  0]LogConfig: Setting CVar [[r.Shadow.CSM.TransitionScale:1.0]]
[2019.11.27-04.39.59:403][  0]LogConfig: Setting CVar [[r.Shadow.PreShadowResolutionFactor:1.0]]
[2019.11.27-04.39.59:403][  0]LogConfig: Setting CVar [[r.DistanceFieldShadowing:1]]
[2019.11.27-04.39.59:403][  0]LogConfig: Setting CVar [[r.DistanceFieldAO:1]]
[2019.11.27-04.39.59:403][  0]LogConfig: Setting CVar [[r.AOQuality:2]]
[2019.11.27-04.39.59:403][  0]LogConfig: Setting CVar [[r.VolumetricFog:1]]
[2019.11.27-04.39.59:404][  0]LogConfig: Setting CVar [[r.VolumetricFog.GridPixelSize:8]]
[2019.11.27-04.39.59:404][  0]LogConfig: Setting CVar [[r.VolumetricFog.GridSizeZ:128]]
[2019.11.27-04.39.59:404][  0]LogConfig: Setting CVar [[r.VolumetricFog.HistoryMissSupersampleCount:4]]
[2019.11.27-04.39.59:404][  0]LogConfig: Setting CVar [[r.LightMaxDrawDistanceScale:1]]
[2019.11.27-04.39.59:404][  0]LogConfig: Setting CVar [[r.CapsuleShadows:1]]
[2019.11.27-04.39.59:404][  0]LogConfig: Applying CVar settings from Section [PostProcessQuality@3] File [C:/Users/cheri/OneDrive/바탕 화면/game-master/game-master/Game/Saved/Config/Windows/Scalability.ini]
[2019.11.27-04.39.59:405][  0]LogConfig: Setting CVar [[r.MotionBlurQuality:4]]
[2019.11.27-04.39.59:405][  0]LogConfig: Setting CVar [[r.AmbientOcclusionMipLevelFactor:0.4]]
[2019.11.27-04.39.59:405][  0]LogConfig: Setting CVar [[r.AmbientOcclusionMaxQuality:100]]
[2019.11.27-04.39.59:405][  0]LogConfig: Setting CVar [[r.AmbientOcclusionLevels:-1]]
[2019.11.27-04.39.59:405][  0]LogConfig: Setting CVar [[r.AmbientOcclusionRadiusScale:1.0]]
[2019.11.27-04.39.59:405][  0]LogConfig: Setting CVar [[r.DepthOfFieldQuality:2]]
[2019.11.27-04.39.59:406][  0]LogConfig: Setting CVar [[r.RenderTargetPoolMin:400]]
[2019.11.27-04.39.59:406][  0]LogConfig: Setting CVar [[r.LensFlareQuality:2]]
[2019.11.27-04.39.59:406][  0]LogConfig: Setting CVar [[r.SceneColorFringeQuality:1]]
[2019.11.27-04.39.59:406][  0]LogConfig: Setting CVar [[r.EyeAdaptationQuality:2]]
[2019.11.27-04.39.59:406][  0]LogConfig: Setting CVar [[r.BloomQuality:5]]
[2019.11.27-04.39.59:406][  0]LogConfig: Setting CVar [[r.FastBlurThreshold:100]]
[2019.11.27-04.39.59:406][  0]LogConfig: Setting CVar [[r.Upscale.Quality:3]]
[2019.11.27-04.39.59:406][  0]LogConfig: Setting CVar [[r.Tonemapper.GrainQuantization:1]]
[2019.11.27-04.39.59:407][  0]LogConfig: Setting CVar [[r.LightShaftQuality:1]]
[2019.11.27-04.39.59:407][  0]LogConfig: Setting CVar [[r.Filter.SizeScale:1]]
[2019.11.27-04.39.59:407][  0]LogConfig: Setting CVar [[r.Tonemapper.Quality:5]]
[2019.11.27-04.39.59:407][  0]LogConfig: Setting CVar [[r.DOF.Gather.AccumulatorQuality:1        ; higher gathering accumulator quality]]
[2019.11.27-04.39.59:407][  0]LogConfig: Setting CVar [[r.DOF.Gather.PostfilterMethod:1          ; Median3x3 postfilering method]]
[2019.11.27-04.39.59:407][  0]LogConfig: Setting CVar [[r.DOF.Gather.EnableBokehSettings:0       ; no bokeh simulation when gathering]]
[2019.11.27-04.39.59:407][  0]LogConfig: Setting CVar [[r.DOF.Gather.RingCount:4                 ; medium number of samples when gathering]]
[2019.11.27-04.39.59:407][  0]LogConfig: Setting CVar [[r.DOF.Scatter.ForegroundCompositing:1    ; additive foreground scattering]]
[2019.11.27-04.39.59:408][  0]LogConfig: Setting CVar [[r.DOF.Scatter.BackgroundCompositing:2    ; additive background scattering]]
[2019.11.27-04.39.59:408][  0]LogConfig: Setting CVar [[r.DOF.Scatter.EnableBokehSettings:1      ; bokeh simulation when scattering]]
[2019.11.27-04.39.59:408][  0]LogConfig: Setting CVar [[r.DOF.Scatter.MaxSpriteRatio:0.1         ; only a maximum of 10% of scattered bokeh]]
[2019.11.27-04.39.59:408][  0]LogConfig: Setting CVar [[r.DOF.Recombine.Quality:1                ; cheap slight out of focus]]
[2019.11.27-04.39.59:408][  0]LogConfig: Setting CVar [[r.DOF.Recombine.EnableBokehSettings:0    ; no bokeh simulation on slight out of focus]]
[2019.11.27-04.39.59:408][  0]LogConfig: Setting CVar [[r.DOF.TemporalAAQuality:1                ; more stable temporal accumulation]]
[2019.11.27-04.39.59:408][  0]LogConfig: Setting CVar [[r.DOF.Kernel.MaxForegroundRadius:0.025]]
[2019.11.27-04.39.59:409][  0]LogConfig: Setting CVar [[r.DOF.Kernel.MaxBackgroundRadius:0.025]]
[2019.11.27-04.39.59:409][  0]LogConfig: Applying CVar settings from Section [TextureQuality@3] File [C:/Users/cheri/OneDrive/바탕 화면/game-master/game-master/Game/Saved/Config/Windows/Scalability.ini]
[2019.11.27-04.39.59:409][  0]LogConfig: Setting CVar [[r.Streaming.MipBias:0]]
[2019.11.27-04.39.59:409][  0]LogConfig: Setting CVar [[r.Streaming.AmortizeCPUToGPUCopy:0]]
[2019.11.27-04.39.59:409][  0]LogConfig: Setting CVar [[r.Streaming.MaxNumTexturesToStreamPerFrame:0]]
[2019.11.27-04.39.59:409][  0]LogConfig: Setting CVar [[r.Streaming.Boost:1]]
[2019.11.27-04.39.59:409][  0]LogConfig: Setting CVar [[r.MaxAnisotropy:8]]
[2019.11.27-04.39.59:409][  0]LogConfig: Setting CVar [[r.Streaming.LimitPoolSizeToVRAM:0]]
[2019.11.27-04.39.59:410][  0]LogConfig: Setting CVar [[r.Streaming.PoolSize:1000]]
[2019.11.27-04.39.59:410][  0]LogConfig: Setting CVar [[r.Streaming.MaxEffectiveScreenSize:0]]
[2019.11.27-04.39.59:410][  0]LogConfig: Applying CVar settings from Section [EffectsQuality@3] File [C:/Users/cheri/OneDrive/바탕 화면/game-master/game-master/Game/Saved/Config/Windows/Scalability.ini]
[2019.11.27-04.39.59:410][  0]LogConfig: Setting CVar [[r.TranslucencyLightingVolumeDim:64]]
[2019.11.27-04.39.59:410][  0]LogConfig: Setting CVar [[r.RefractionQuality:2]]
[2019.11.27-04.39.59:410][  0]LogConfig: Setting CVar [[r.SSR.Quality:3]]
[2019.11.27-04.39.59:410][  0]LogConfig: Setting CVar [[r.SceneColorFormat:4]]
[2019.11.27-04.39.59:411][  0]LogConfig: Setting CVar [[r.DetailMode:2]]
[2019.11.27-04.39.59:411][  0]LogConfig: Setting CVar [[r.TranslucencyVolumeBlur:1]]
[2019.11.27-04.39.59:411][  0]LogConfig: Setting CVar [[r.MaterialQualityLevel:1 ; High quality]]
[2019.11.27-04.39.59:411][  0]LogConfig: Setting CVar [[r.SSS.Scale:1]]
[2019.11.27-04.39.59:411][  0]LogConfig: Setting CVar [[r.SSS.SampleSet:2]]
[2019.11.27-04.39.59:411][  0]LogConfig: Setting CVar [[r.SSS.Quality:1]]
[2019.11.27-04.39.59:411][  0]LogConfig: Setting CVar [[r.SSS.HalfRes:1]]
[2019.11.27-04.39.59:411][  0]LogConfig: Setting CVar [[r.EmitterSpawnRateScale:1.0]]
[2019.11.27-04.39.59:411][  0]LogConfig: Setting CVar [[r.ParticleLightQuality:2]]
[2019.11.27-04.39.59:412][  0]LogConfig: Applying CVar settings from Section [FoliageQuality@3] File [C:/Users/cheri/OneDrive/바탕 화면/game-master/game-master/Game/Saved/Config/Windows/Scalability.ini]
[2019.11.27-04.39.59:412][  0]LogConfig: Setting CVar [[foliage.DensityScale:1.0]]
[2019.11.27-04.39.59:412][  0]LogConfig: Setting CVar [[grass.DensityScale:1.0]]
[2019.11.27-04.39.59:412][  0]LogConfig: Applying CVar settings from Section [Startup] File [../../../Engine/Config/ConsoleVariables.ini]
[2019.11.27-04.39.59:414][  0]LogConfig: Setting CVar [[net.UseAdaptiveNetUpdateFrequency:0]]
[2019.11.27-04.39.59:415][  0]LogConfig: Setting CVar [[p.chaos.AllowCreatePhysxBodies:1]]
[2019.11.27-04.39.59:415][  0]LogConfig: Applying CVar settings from Section [ConsoleVariables] File [C:/Users/cheri/OneDrive/바탕 화면/game-master/game-master/Game/Saved/Config/Windows/Engine.ini]
[2019.11.27-04.39.59:415][  0]LogInit: Computer: DESKTOP-6SK5OMU
[2019.11.27-04.39.59:416][  0]LogInit: User: cheri
[2019.11.27-04.39.59:416][  0]LogInit: CPU Page size=4096, Cores=4
[2019.11.27-04.39.59:416][  0]LogInit: High frequency timer resolution =10.000000 MHz
[2019.11.27-04.39.59:417][  0]LogMemory: Memory total: Physical=7.9GB (8GB approx)
[2019.11.27-04.39.59:417][  0]LogMemory: Platform Memory Stats for Windows
[2019.11.27-04.39.59:417][  0]LogMemory: Process Physical Memory: 100.77 MB used, 100.77 MB peak
[2019.11.27-04.39.59:417][  0]LogMemory: Process Virtual Memory: 99.73 MB used, 99.73 MB peak
[2019.11.27-04.39.59:417][  0]LogMemory: Physical Memory: 6956.49 MB used,  1135.66 MB free, 8092.15 MB total
[2019.11.27-04.39.59:418][  0]LogMemory: Virtual Memory: 4670.16 MB used,  134213056.00 MB free, 134217728.00 MB total
[2019.11.27-04.39.59:441][  0]LogWindows: WindowsPlatformFeatures enabled
[2019.11.27-04.39.59:938][  0]LogInit: Using OS detected language (ko-KR).
[2019.11.27-04.39.59:939][  0]LogInit: Using OS detected locale (ko-KR).
[2019.11.27-04.39.59:976][  0]LogTextLocalizationManager: No specific localization for 'ko-KR' exists, so the 'ko' localization will be used.
[2019.11.27-04.40.01:243][  0]LogInit: Setting process to per monitor DPI aware
[2019.11.27-04.40.01:540][  0]LogSlate: New Slate User Created.  User Index 0, Is Virtual User: 0
[2019.11.27-04.40.01:540][  0]LogSlate: Slate User Registered.  User Index 0, Is Virtual User: 0
[2019.11.27-04.40.03:374][  0]LogHMD: Failed to initialize OpenVR with code 110
[2019.11.27-04.40.03:374][  0]LogD3D11RHI: D3D11 adapters:
[2019.11.27-04.40.03:439][  0]LogD3D11RHI:    0. 'Intel(R) HD Graphics 4600' (Feature Level 11_0)
[2019.11.27-04.40.03:440][  0]LogD3D11RHI:       112/0/2048 MB DedicatedVideo/DedicatedSystem/SharedSystem, Outputs:1, VendorId:0x8086
[2019.11.27-04.40.03:463][  0]LogD3D11RHI:    1. 'Microsoft Basic Render Driver' (Feature Level 11_0)
[2019.11.27-04.40.03:463][  0]LogD3D11RHI:       0/0/4046 MB DedicatedVideo/DedicatedSystem/SharedSystem, Outputs:0, VendorId:0x1414
[2019.11.27-04.40.03:464][  0]LogD3D11RHI: Chosen D3D11 Adapter: 0
[2019.11.27-04.40.03:489][  0]LogD3D11RHI: Creating new Direct3DDevice
[2019.11.27-04.40.03:489][  0]LogD3D11RHI:     GPU DeviceId: 0x412 (for the marketing name, search the web for "GPU Device Id")
[2019.11.27-04.40.03:490][  0]LogWindows: EnumDisplayDevices:
[2019.11.27-04.40.03:490][  0]LogWindows:    0. 'Intel(R) HD Graphics 4600' (P:1 D:1)
[2019.11.27-04.40.03:491][  0]LogWindows:    1. 'Intel(R) HD Graphics 4600' (P:0 D:0)
[2019.11.27-04.40.03:493][  0]LogWindows:    2. 'Intel(R) HD Graphics 4600' (P:0 D:0)
[2019.11.27-04.40.03:494][  0]LogWindows: DebugString: FoundDriverCount:3 
[2019.11.27-04.40.03:494][  0]LogD3D11RHI:     Adapter Name: Intel(R) HD Graphics 4600
[2019.11.27-04.40.03:494][  0]LogD3D11RHI:   Driver Version: 20.19.15.4531 (internal:20.19.15.4531, unified:20.19.15.4531)
[2019.11.27-04.40.03:494][  0]LogD3D11RHI:      Driver Date: 9-29-2016
[2019.11.27-04.40.03:494][  0]LogRHI: Texture pool is 795 MB (70% of 1136 MB)
[2019.11.27-04.40.03:527][  0]LogD3D11RHI: Async texture creation enabled
[2019.11.27-04.40.03:594][  0]LogD3D11RHI: GPU Timing Frequency: 12.500000 (Debug: 2 0)
[2019.11.27-04.40.10:850][  0]LogTemp: Display: Module 'AllDesktopTargetPlatform' loaded TargetPlatform 'AllDesktop'
[2019.11.27-04.40.11:031][  0]LogTemp: Display: Module 'MacClientTargetPlatform' loaded TargetPlatform 'MacClient'
[2019.11.27-04.40.11:210][  0]LogTemp: Display: Module 'MacNoEditorTargetPlatform' loaded TargetPlatform 'MacNoEditor'
[2019.11.27-04.40.11:423][  0]LogTemp: Display: Module 'MacServerTargetPlatform' loaded TargetPlatform 'MacServer'
[2019.11.27-04.40.11:607][  0]LogTemp: Display: Module 'MacTargetPlatform' loaded TargetPlatform 'Mac'
[2019.11.27-04.40.11:859][  0]LogTemp: Display: Module 'WindowsClientTargetPlatform' loaded TargetPlatform 'WindowsClient'
[2019.11.27-04.40.12:166][  0]LogTemp: Display: Module 'WindowsNoEditorTargetPlatform' loaded TargetPlatform 'WindowsNoEditor'
[2019.11.27-04.40.12:541][  0]LogTemp: Display: Module 'WindowsServerTargetPlatform' loaded TargetPlatform 'WindowsServer'
[2019.11.27-04.40.12:713][  0]LogTemp: Display: Module 'WindowsTargetPlatform' loaded TargetPlatform 'Windows'
[2019.11.27-04.40.13:239][  0]LogTemp: Display: Module 'AndroidTargetPlatform' loaded TargetPlatform 'Android'
[2019.11.27-04.40.13:239][  0]LogTemp: Display: Module 'AndroidTargetPlatform' loaded TargetPlatform 'Android_ASTC'
[2019.11.27-04.40.13:239][  0]LogTemp: Display: Module 'AndroidTargetPlatform' loaded TargetPlatform 'Android_ATC'
[2019.11.27-04.40.13:239][  0]LogTemp: Display: Module 'AndroidTargetPlatform' loaded TargetPlatform 'Android_DXT'
[2019.11.27-04.40.13:239][  0]LogTemp: Display: Module 'AndroidTargetPlatform' loaded TargetPlatform 'Android_ETC1'
[2019.11.27-04.40.13:239][  0]LogTemp: Display: Module 'AndroidTargetPlatform' loaded TargetPlatform 'Android_ETC1a'
[2019.11.27-04.40.13:239][  0]LogTemp: Display: Module 'AndroidTargetPlatform' loaded TargetPlatform 'Android_ETC2'
[2019.11.27-04.40.13:239][  0]LogTemp: Display: Module 'AndroidTargetPlatform' loaded TargetPlatform 'Android_PVRTC'
[2019.11.27-04.40.13:239][  0]LogTemp: Display: Module 'AndroidTargetPlatform' loaded TargetPlatform 'AndroidClient'
[2019.11.27-04.40.13:239][  0]LogTemp: Display: Module 'AndroidTargetPlatform' loaded TargetPlatform 'Android_ASTCClient'
[2019.11.27-04.40.13:239][  0]LogTemp: Display: Module 'AndroidTargetPlatform' loaded TargetPlatform 'Android_ATCClient'
[2019.11.27-04.40.13:239][  0]LogTemp: Display: Module 'AndroidTargetPlatform' loaded TargetPlatform 'Android_DXTClient'
[2019.11.27-04.40.13:239][  0]LogTemp: Display: Module 'AndroidTargetPlatform' loaded TargetPlatform 'Android_ETC1Client'
[2019.11.27-04.40.13:239][  0]LogTemp: Display: Module 'AndroidTargetPlatform' loaded TargetPlatform 'Android_ETC1aClient'
[2019.11.27-04.40.13:239][  0]LogTemp: Display: Module 'AndroidTargetPlatform' loaded TargetPlatform 'Android_ETC2Client'
[2019.11.27-04.40.13:240][  0]LogTemp: Display: Module 'AndroidTargetPlatform' loaded TargetPlatform 'Android_PVRTCClient'
[2019.11.27-04.40.13:240][  0]LogTemp: Display: Module 'AndroidTargetPlatform' loaded TargetPlatform 'Android_Multi'
[2019.11.27-04.40.13:240][  0]LogTemp: Display: Module 'AndroidTargetPlatform' loaded TargetPlatform 'Android_MultiClient'
[2019.11.27-04.40.13:249][  0]LogTemp: Display: Module 'HTML5TargetPlatform' loaded TargetPlatform 'HTML5'
[2019.11.27-04.40.13:517][  0]LogTemp: Display: Module 'IOSTargetPlatform' loaded TargetPlatform 'IOSClient'
[2019.11.27-04.40.13:517][  0]LogTemp: Display: Module 'IOSTargetPlatform' loaded TargetPlatform 'IOS'
[2019.11.27-04.40.13:713][  0]LogTemp: Display: Module 'TVOSTargetPlatform' loaded TargetPlatform 'TVOSClient'
[2019.11.27-04.40.13:714][  0]LogTemp: Display: Module 'TVOSTargetPlatform' loaded TargetPlatform 'TVOS'
[2019.11.27-04.40.13:825][  0]LogTemp: Display: Module 'LinuxClientTargetPlatform' loaded TargetPlatform 'LinuxClient'
[2019.11.27-04.40.13:946][  0]LogTemp: Display: Module 'LinuxNoEditorTargetPlatform' loaded TargetPlatform 'LinuxNoEditor'
[2019.11.27-04.40.14:005][  0]LogTemp: Display: Module 'LinuxServerTargetPlatform' loaded TargetPlatform 'LinuxServer'
[2019.11.27-04.40.14:067][  0]LogTemp: Display: Module 'LinuxTargetPlatform' loaded TargetPlatform 'Linux'
[2019.11.27-04.40.14:294][  0]LogTemp: Display: Module 'LuminTargetPlatform' loaded TargetPlatform 'Lumin'
[2019.11.27-04.40.14:295][  0]LogTemp: Display: Module 'LuminTargetPlatform' loaded TargetPlatform 'LuminClient'
[2019.11.27-04.40.14:296][  0]LogTargetPlatformManager: Display: Building Assets For Windows
[2019.11.27-04.40.14:435][  0]LogAudioDebug: Display: Lib vorbis DLL was dynamically loaded.
[2019.11.27-04.40.15:576][  0]LogShaderCompilers: Guid format shader working directory is -27 characters bigger than the processId version (../../../../../../Users/cheri/OneDrive/바탕 화면/game-master/game-master/Game/Intermediate/Shaders/WorkingDirectory/3144/).
[2019.11.27-04.40.15:578][  0]LogShaderCompilers: Cleaned the shader compiler working directory 'C:/Users/cheri/AppData/Local/Temp/UnrealShaderWorkingDir/258F762245861E17F96C1B88C605994A/'.
[2019.11.27-04.40.15:682][  0]LogXGEController: Cannot use XGE Controller as Incredibuild is not installed on this machine.
[2019.11.27-04.40.15:684][  0]LogShaderCompilers: Cannot use XGE Shader Compiler as Incredibuild is not installed on this machine.
[2019.11.27-04.40.15:684][  0]LogShaderCompilers: Display: Using Local Shader Compiler.
[2019.11.27-04.40.34:040][  0]LogDerivedDataCache: Display: Max Cache Size: 512 MB
[2019.11.27-04.40.34:626][  0]LogDerivedDataCache: Loaded boot cache 0.58s 73MB C:/Users/cheri/AppData/Local/UnrealEngine/4.23/DerivedDataCache/Boot.ddc.
[2019.11.27-04.40.34:627][  0]LogDerivedDataCache: Display: Loaded Boot cache: C:/Users/cheri/AppData/Local/UnrealEngine/4.23/DerivedDataCache/Boot.ddc
[2019.11.27-04.40.34:627][  0]LogDerivedDataCache: FDerivedDataBackendGraph:  Pak pak cache file ../../../../../../Users/cheri/OneDrive/바탕 화면/game-master/game-master/Game/DerivedDataCache/DDC.ddp not found, will not use a pak cache.
[2019.11.27-04.40.34:628][  0]LogDerivedDataCache: Unable to find inner node Pak for hierarchical cache Hierarchy.
[2019.11.27-04.40.34:628][  0]LogDerivedDataCache: FDerivedDataBackendGraph:  CompressedPak pak cache file ../../../../../../Users/cheri/OneDrive/바탕 화면/game-master/game-master/Game/DerivedDataCache/Compressed.ddp not found, will not use a pak cache.
[2019.11.27-04.40.34:628][  0]LogDerivedDataCache: Unable to find inner node CompressedPak for hierarchical cache Hierarchy.
[2019.11.27-04.40.34:786][  0]LogDerivedDataCache: Display: Pak cache opened for reading ../../../Engine/DerivedDataCache/Compressed.ddp.
[2019.11.27-04.40.34:787][  0]LogDerivedDataCache: FDerivedDataBackendGraph:  EnterprisePak pak cache file ../../../Enterprise/DerivedDataCache/Compressed.ddp not found, will not use a pak cache.
[2019.11.27-04.40.34:788][  0]LogDerivedDataCache: Unable to find inner node EnterprisePak for hierarchical cache Hierarchy.
[2019.11.27-04.40.34:944][  0]LogDerivedDataCache: Using Local data cache path C:/Users/cheri/AppData/Local/UnrealEngine/Common/DerivedDataCache: Writable
[2019.11.27-04.40.34:944][  0]LogDerivedDataCache: Shared data cache path not found in *engine.ini, will not use an Shared cache.
[2019.11.27-04.40.34:944][  0]LogDerivedDataCache: Unable to find inner node Shared for hierarchical cache Hierarchy.
[2019.11.27-04.40.35:709][  0]LogMaterial: Verifying Global Shaders for PCD3D_SM5
[2019.11.27-04.40.35:735][  0]LogSlate: Using FreeType 2.6.0
[2019.11.27-04.40.35:797][  0]LogSlate: SlateFontServices - WITH_FREETYPE: 1, WITH_HARFBUZZ: 1
[2019.11.27-04.40.38:339][  0]LogAssetRegistry: FAssetRegistry took 0.1201 seconds to start up
[2019.11.27-04.40.41:432][  0]LogInit: Selected Device Profile: [Windows]
[2019.11.27-04.40.43:426][  0]LogMeshReduction: Using QuadricMeshReduction for automatic static mesh reduction
[2019.11.27-04.40.43:427][  0]LogMeshReduction: Using SimplygonMeshReduction for automatic skeletal mesh reduction
[2019.11.27-04.40.43:427][  0]LogMeshReduction: Using ProxyLODMeshReduction for automatic mesh merging
[2019.11.27-04.40.43:427][  0]LogMeshReduction: No distributed automatic mesh merging module available
[2019.11.27-04.40.43:427][  0]LogMeshMerging: No distributed automatic mesh merging module available
[2019.11.27-04.40.43:544][  0]LogNetVersion: Game 1.0.0, NetCL: 8386587, EngineNetVer: 11, GameNetVer: 0 (Checksum: 932843807)
[2019.11.27-04.40.47:239][  0]LogPackageLocalizationCache: Processed 12 localized package path(s) for 1 prioritized culture(s) in 0.529647 seconds
[2019.11.27-04.40.47:276][  0]LogUObjectArray: 43444 objects as part of root set at end of initial load.
[2019.11.27-04.40.47:276][  0]LogUObjectAllocator: 7548648 out of 0 bytes used by permanent object pool.
[2019.11.27-04.40.47:276][  0]LogUObjectArray: CloseDisregardForGC: 0/0 objects in disregard for GC pool
[2019.11.27-04.41.10:139][  0]LogTcpMessaging: Initializing TcpMessaging bridge
[2019.11.27-04.41.10:181][  0]LogUdpMessaging: Initializing bridge on interface 0.0.0.0:0 to multicast group 230.0.0.1:6666.
[2019.11.27-04.41.10:628][  0]SourceControl: 소스 컨트롤이 꺼졌습니다.
[2019.11.27-04.41.10:633][  0]SourceControl: 소스 컨트롤이 꺼졌습니다.
[2019.11.27-04.41.10:655][  0]SourceControl: 소스 컨트롤이 꺼졌습니다.
[2019.11.27-04.41.10:669][  0]SourceControl: 소스 컨트롤이 꺼졌습니다.
[2019.11.27-04.41.11:601][  0]LogAndroidPermission: UAndroidPermissionCallbackProxy::GetInstance
[2019.11.27-04.41.12:214][  0]LogOcInput: OculusInput pre-init called
[2019.11.27-04.41.12:274][  0]LogWindows: Failed to load 'OVRPlugin.dll' (GetLastError=126)
[2019.11.27-04.41.12:274][  0]LogWindows: File 'OVRPlugin.dll' does not exist
[2019.11.27-04.41.13:555][  0]LogEngine: Initializing Engine...
[2019.11.27-04.41.13:560][  0]LogHMD: Failed to initialize OpenVR with code 110
[2019.11.27-04.41.13:566][  0]LogStats: UGameplayTagsManager::InitializeManager -  0.001 s
[2019.11.27-04.41.15:444][  0]LogInit: Initializing FReadOnlyCVARCache
[2019.11.27-04.41.15:545][  0]LogAIModule: Creating AISystem for world Untitled
[2019.11.27-04.41.16:223][  0]LogInit: No audio devices found!
[2019.11.27-04.41.16:224][  0]LogNetVersion: Set ProjectVersion to 1.0.0.0. Version Checksum will be recalculated on next use.
[2019.11.27-04.41.16:585][  0]LogDerivedDataCache: Saved boot cache 0.36s 73MB C:/Users/cheri/AppData/Local/UnrealEngine/4.23/DerivedDataCache/Boot.ddc.
[2019.11.27-04.41.16:680][  0]LogInit: Texture streaming: Enabled
[2019.11.27-04.41.16:796][  0]LogEngineSessionManager: EngineSessionManager initialized
[2019.11.27-04.41.16:797][  0]LogEditorSessionSummary: Verbose: Initializing EditorSessionSummaryWriter for editor session tracking
[2019.11.27-04.41.16:808][  0]LogEditorSessionSummary: EditorSessionSummaryWriter initialized
[2019.11.27-04.41.17:485][  0]LogInit: Transaction tracking system initialized
[2019.11.27-04.41.17:996][  0]BlueprintLog: New page: 에디터 로드
[2019.11.27-04.41.19:243][  0]LocalizationService: 현지화 서비스가 비활성화되었습니다.
[2019.11.27-04.41.22:033][  0]LogFileCache: Scanning file cache for directory 'C:/Users/cheri/OneDrive/바탕 화면/game-master/game-master/Game/Content/' took 0.19s
[2019.11.27-04.41.22:033][  0]LogCook: Display: Max memory allowance for cook 16384mb min free memory 0mb
[2019.11.27-04.41.22:033][  0]LogCook: Display: Mobile HDR setting 1
[2019.11.27-04.41.23:842][  0]SourceControl: 소스 컨트롤이 꺼졌습니다.
[2019.11.27-04.41.23:842][  0]Cmd: MAP LOAD FILE="../../../../../../Users/cheri/OneDrive/바탕 화면/game-master/game-master/Game/Content/FirstPersonBP/Maps/FirstPersonExampleMap.umap" TEMPLATE=0 SHOWPROGRESS=1 FEATURELEVEL=3
[2019.11.27-04.41.23:843][  0]LightingResults: New page: 라이팅 빌드
[2019.11.27-04.41.23:857][  0]LogWorld: UWorld::CleanupWorld for Untitled, bSessionEnded=true, bCleanupResources=true
[2019.11.27-04.41.23:858][  0]MapCheck: New page: 맵 체크
[2019.11.27-04.41.23:858][  0]LightingResults: New page: 라이팅 빌드
[2019.11.27-04.41.26:867][  0]LogUObjectHash: Compacting FUObjectHashTables data took   5.79ms
[2019.11.27-04.41.32:783][  0]LogAIModule: Creating AISystem for world FirstPersonExampleMap
[2019.11.27-04.41.32:830][  0]LogEditorServer: Finished looking for orphan Actors (0.000 secs)
[2019.11.27-04.41.44:036][  0]LogUObjectHash: Compacting FUObjectHashTables data took   8.69ms
[2019.11.27-04.41.44:036][  0]Cmd: MAP CHECKDEP NOCLEARLOG
[2019.11.27-04.41.44:037][  0]MapCheck: 맵 체크 완료: 오류 0 회, 경고 0 회, 소요 시간 0.547ms.
[2019.11.27-04.41.44:037][  0]LogFileHelpers: Loading map 'FirstPersonExampleMap' took 20.195
[2019.11.27-04.41.44:648][  0]LogSlate: Updating window title bar state: overlay mode, drag disabled, window buttons hidden, title bar hidden
[2019.11.27-04.41.44:741][  0]LogSlate: Updating window title bar state: overlay mode, drag disabled, window buttons hidden, title bar hidden
[2019.11.27-04.41.44:832][  0]LogSlate: Updating window title bar state: overlay mode, drag disabled, window buttons hidden, title bar hidden
[2019.11.27-04.41.44:930][  0]LogSlate: Updating window title bar state: overlay mode, drag disabled, window buttons hidden, title bar hidden
[2019.11.27-04.41.45:070][  0]LogCollectionManager: Loaded 0 collections in 0.055971 seconds
[2019.11.27-04.41.45:145][  0]LogFileCache: Scanning file cache for directory 'C:/Users/cheri/OneDrive/바탕 화면/game-master/game-master/Game/Saved/Collections/' took 0.01s
[2019.11.27-04.41.45:146][  0]LogFileCache: Scanning file cache for directory 'C:/Users/cheri/OneDrive/바탕 화면/game-master/game-master/Game/Content/Developers/cheri/Collections/' took 0.00s
[2019.11.27-04.41.45:147][  0]LogFileCache: Scanning file cache for directory 'C:/Users/cheri/OneDrive/바탕 화면/game-master/game-master/Game/Content/Collections/' took 0.00s
[2019.11.27-04.41.45:149][  0]LogCollectionManager: Rebuilt the GUID cache for 0 collections in 0.000004 seconds
[2019.11.27-04.41.45:206][  0]LogContentBrowser: Native class hierarchy populated in 0.0555 seconds. Added 2863 classes and 680 folders.
[2019.11.27-04.41.45:254][  0]LogContentBrowser: Native class hierarchy updated for 'WidgetCarousel' in 0.0012 seconds. Added 0 classes and 0 folders.
[2019.11.27-04.41.47:416][  0]LogContentBrowser: Native class hierarchy updated for 'AddContentDialog' in 0.0005 seconds. Added 0 classes and 0 folders.
[2019.11.27-04.41.47:442][  0]LogContentBrowser: Native class hierarchy updated for 'SceneOutliner' in 0.0010 seconds. Added 1 classes and 2 folders.
[2019.11.27-04.41.47:530][  0]LogSlate: Took 0.026654 seconds to synchronously load lazily loaded font '../../../Engine/Content/Slate/Fonts/Roboto-Regular.ttf' (155K)
[2019.11.27-04.41.47:572][  0]LogSlate: Took 0.038273 seconds to synchronously load lazily loaded font '../../../Engine/Content/Editor/Slate/Fonts/NanumGothic.ttf' (4243K)
[2019.11.27-04.41.47:613][  0]LogSlate: Took 0.038439 seconds to synchronously load lazily loaded font '../../../Engine/Content/Editor/Slate/Fonts/NanumGothicBold.ttf' (4188K)
[2019.11.27-04.41.47:638][  0]LogSlate: Took 0.024034 seconds to synchronously load lazily loaded font '../../../Engine/Content/Slate/Fonts/Roboto-Bold.ttf' (160K)
[2019.11.27-04.41.47:679][  0]LogSlate: Took 0.025286 seconds to synchronously load lazily loaded font '../../../Engine/Content/Editor/Slate/Fonts/FontAwesome.ttf' (139K)
[2019.11.27-04.41.48:902][  0]LogRenderer: Reallocating scene render targets to support 256x256 Format 10 NumSamples 1 (Frame:1).
[2019.11.27-04.41.51:162][  0]LogRenderer: Reallocating scene render targets to support 1284x572 Format 10 NumSamples 1 (Frame:1).
[2019.11.27-04.41.54:654][  0]LogContentBrowser: Native class hierarchy updated for 'HierarchicalLODOutliner' in 0.0006 seconds. Added 0 classes and 0 folders.
[2019.11.27-04.41.54:654][  0]LogLoad: (Engine Initialization) Total time: 133.40 seconds
[2019.11.27-04.41.54:654][  0]LogLoad: (Engine Initialization) Total Blueprint compile time: 0.00 seconds
[2019.11.27-04.41.54:829][  0]LogContentStreaming: Texture pool size now 1000 MB
[2019.11.27-04.41.55:135][  0]LogSlate: Took 0.046159 seconds to synchronously load lazily loaded font '../../../Engine/Content/Slate/Fonts/Roboto-Light.ttf' (167K)
[2019.11.27-04.42.16:986][ 59]LogAssetRegistry: Asset discovery search completed in 98.7563 seconds
[2019.11.27-04.42.17:053][ 59]LogCollectionManager: Rebuilt the object cache for 0 collections in 0.000035 seconds (found 0 objects)
[2019.11.27-04.42.17:054][ 59]LogCollectionManager: Fixed up redirectors for 0 collections in 0.000370 seconds (updated 0 objects)
[2019.11.27-04.43.33:530][289]LogSlate: FSceneViewport::OnFocusLost() reason 0
[2019.11.27-04.43.33:743][289]LogUObjectHash: Compacting FUObjectHashTables data took   6.18ms
[2019.11.27-04.43.34:482][289]LogSlate: Window 'Game - 언리얼 에디터' being destroyed
[2019.11.27-04.43.34:497][289]LogWindowsTextInputMethodSystem: Display: IME system now activated using TSF (Microsoft 입력기).
[2019.11.27-04.43.35:639][290]Cmd: QUIT_EDITOR
[2019.11.27-04.43.35:864][290]LogExit: Preparing to exit.
[2019.11.27-04.43.36:537][290]LogWorld: UWorld::CleanupWorld for World_0, bSessionEnded=true, bCleanupResources=true
[2019.11.27-04.43.37:224][290]LogDemo: Cleaned up 0 splitscreen connections with owner deletion
[2019.11.27-04.43.37:355][290]LogWorld: UWorld::CleanupWorld for None, bSessionEnded=true, bCleanupResources=true
[2019.11.27-04.43.37:355][290]LogExit: Editor shut down
[2019.11.27-04.43.37:356][290]LogExit: Transaction tracking system shut down
[2019.11.27-04.43.39:564][290]LogExit: Object subsystem successfully closed.
[2019.11.27-04.43.39:634][290]LogShaderCompilers: Display: Shaders left to compile 0
[2019.11.27-04.43.39:925][290]LogModuleManager: Shutting down and abandoning module HierarchicalLODOutliner (668)
[2019.11.27-04.43.39:925][290]LogModuleManager: Shutting down and abandoning module SceneOutliner (666)
[2019.11.27-04.43.39:925][290]LogModuleManager: Shutting down and abandoning module AddContentDialog (664)
[2019.11.27-04.43.39:927][290]LogModuleManager: Shutting down and abandoning module WidgetCarousel (663)
[2019.11.27-04.43.39:927][290]LogModuleManager: Shutting down and abandoning module EditorWidgets (660)
[2019.11.27-04.43.39:927][290]LogModuleManager: Shutting down and abandoning module CollectionManager (658)
[2019.11.27-04.43.39:928][290]LogModuleManager: Shutting down and abandoning module StatsViewer (656)
[2019.11.27-04.43.39:928][290]LogModuleManager: Shutting down and abandoning module VirtualTexturingEditor (654)
[2019.11.27-04.43.39:928][290]LogModuleManager: Shutting down and abandoning module FoliageEdit (652)
[2019.11.27-04.43.39:928][290]LogModuleManager: Shutting down and abandoning module LandscapeEditor (650)
[2019.11.27-04.43.39:928][290]LogModuleManager: Shutting down and abandoning module MeshPaintMode (648)
[2019.11.27-04.43.39:928][290]LogModuleManager: Shutting down and abandoning module SceneDepthPickerMode (646)
[2019.11.27-04.43.39:928][290]LogModuleManager: Shutting down and abandoning module ActorPickerMode (644)
[2019.11.27-04.43.39:928][290]LogModuleManager: Shutting down and abandoning module GeometryMode (642)
[2019.11.27-04.43.39:928][290]LogModuleManager: Shutting down and abandoning module TextureAlignMode (640)
[2019.11.27-04.43.39:928][290]LogModuleManager: Shutting down and abandoning module BspMode (638)
[2019.11.27-04.43.39:929][290]LogModuleManager: Shutting down and abandoning module PIEPreviewDeviceProfileSelector (636)
[2019.11.27-04.43.39:929][290]LogModuleManager: Shutting down and abandoning module SequenceRecorderSections (634)
[2019.11.27-04.43.39:929][290]LogModuleManager: Shutting down and abandoning module AutomationWorker (632)
[2019.11.27-04.43.39:929][290]LogModuleManager: Shutting down and abandoning module OculusMR (630)
[2019.11.27-04.43.39:929][290]LogModuleManager: Shutting down and abandoning module AudioCaptureEditor (628)
[2019.11.27-04.43.39:929][290]LogModuleManager: Shutting down and abandoning module MatineeToLevelSequence (626)
[2019.11.27-04.43.39:929][290]LogModuleManager: Shutting down and abandoning module LevelSequenceEditor (624)
[2019.11.27-04.43.39:929][290]LogModuleManager: Shutting down and abandoning module PlacementMode (623)
[2019.11.27-04.43.39:929][290]LogModuleManager: Shutting down and abandoning module MaterialEditor (622)
[2019.11.27-04.43.39:929][290]LogModuleManager: Shutting down and abandoning module ActorSequenceEditor (618)
[2019.11.27-04.43.39:929][290]LogModuleManager: Shutting down and abandoning module WmfMediaFactory (616)
[2019.11.27-04.43.39:929][290]LogModuleManager: Shutting down and abandoning module WmfMediaEditor (614)
[2019.11.27-04.43.39:930][290]LogModuleManager: Shutting down and abandoning module WebMMediaFactory (612)
[2019.11.27-04.43.39:930][290]LogModuleManager: Shutting down and abandoning module WebMMediaEditor (610)
[2019.11.27-04.43.39:930][290]LogModuleManager: Shutting down and abandoning module WebMMedia (608)
[2019.11.27-04.43.39:930][290]LogModuleManager: Shutting down and abandoning module MediaPlayerEditor (606)
[2019.11.27-04.43.39:930][290]LogModuleManager: Shutting down and abandoning module MediaCompositingEditor (604)
[2019.11.27-04.43.39:930][290]LogModuleManager: Shutting down and abandoning module SequenceRecorder (603)
[2019.11.27-04.43.39:930][290]LogModuleManager: Shutting down and abandoning module OpenExrWrapper (600)
[2019.11.27-04.43.39:930][290]LogModuleManager: Shutting down and abandoning module ImgMediaFactory (598)
[2019.11.27-04.43.39:930][290]LogModuleManager: Shutting down and abandoning module ImgMediaEditor (596)
[2019.11.27-04.43.39:930][290]LogModuleManager: Shutting down and abandoning module AvfMediaFactory (594)
[2019.11.27-04.43.39:930][290]LogModuleManager: Shutting down and abandoning module AvfMediaEditor (592)
[2019.11.27-04.43.39:930][290]LogModuleManager: Shutting down and abandoning module AndroidMediaFactory (590)
[2019.11.27-04.43.39:930][290]LogModuleManager: Shutting down and abandoning module AndroidMediaEditor (588)
[2019.11.27-04.43.39:930][290]LogModuleManager: Shutting down and abandoning module MagicLeapCameraPreviewFactory (586)
[2019.11.27-04.43.39:930][290]LogModuleManager: Shutting down and abandoning module MagicLeapMediaCodecFactory (584)
[2019.11.27-04.43.39:930][290]LogModuleManager: Shutting down and abandoning module MagicLeapMediaFactory (582)
[2019.11.27-04.43.39:930][290]LogModuleManager: Shutting down and abandoning module MagicLeapMediaEditor (580)
[2019.11.27-04.43.39:930][290]LogModuleManager: Shutting down and abandoning module CharacterAI (578)
[2019.11.27-04.43.39:930][290]LogModuleManager: Shutting down and abandoning module SmartSnapping (576)
[2019.11.27-04.43.39:931][290]LogModuleManager: Shutting down and abandoning module SessionServices (574)
[2019.11.27-04.43.39:931][290]LogModuleManager: Shutting down and abandoning module MeshPaint (572)
[2019.11.27-04.43.39:931][290]LogModuleManager: Shutting down and abandoning module ViewportSnapping (570)
[2019.11.27-04.43.39:931][290]LogModuleManager: Shutting down and abandoning module ViewportInteraction (568)
[2019.11.27-04.43.39:931][290]LogModuleManager: Shutting down and abandoning module ClothPainter (566)
[2019.11.27-04.43.39:931][290]LogModuleManager: Shutting down and abandoning module SkeletalMeshEditor (565)
[2019.11.27-04.43.39:931][290]LogModuleManager: Shutting down and abandoning module LogVisualizer (562)
[2019.11.27-04.43.39:931][290]LogModuleManager: Shutting down and abandoning module IntroTutorials (560)
[2019.11.27-04.43.39:932][290]LogModuleManager: Shutting down and abandoning module GameProjectGeneration (559)
[2019.11.27-04.43.39:932][290]LogModuleManager: Shutting down and abandoning module LuminPlatformEditor (556)
[2019.11.27-04.43.39:932][290]LogModuleManager: Shutting down and abandoning module IOSPlatformEditor (554)
[2019.11.27-04.43.39:932][290]LogModuleManager: Shutting down and abandoning module HTML5PlatformEditor (552)
[2019.11.27-04.43.39:932][290]LogModuleManager: Shutting down and abandoning module AndroidPlatformEditor (550)
[2019.11.27-04.43.39:932][290]LogModuleManager: Shutting down and abandoning module AndroidDeviceDetection (549)
[2019.11.27-04.43.40:301][290]LogModuleManager: Shutting down and abandoning module WindowsPlatformEditor (546)
[2019.11.27-04.43.40:301][290]LogModuleManager: Shutting down and abandoning module LuminRuntimeSettings (544)
[2019.11.27-04.43.40:301][290]LogModuleManager: Shutting down and abandoning module IOSRuntimeSettings (542)
[2019.11.27-04.43.40:301][290]LogModuleManager: Shutting down and abandoning module AndroidRuntimeSettings (540)
[2019.11.27-04.43.40:301][290]LogModuleManager: Shutting down and abandoning module TimeManagementEditor (538)
[2019.11.27-04.43.40:301][290]LogModuleManager: Shutting down and abandoning module InputBindingEditor (536)
[2019.11.27-04.43.40:302][290]LogModuleManager: Shutting down and abandoning module MergeActors (534)
[2019.11.27-04.43.40:302][290]LogModuleManager: Shutting down and abandoning module LocalizationDashboard (532)
[2019.11.27-04.43.40:302][290]LogModuleManager: Shutting down and abandoning module LocalizationService (531)
[2019.11.27-04.43.40:302][290]LogModuleManager: Shutting down and abandoning module HardwareTargeting (528)
[2019.11.27-04.43.40:302][290]LogModuleManager: Shutting down and abandoning module DeviceProfileEditor (526)
[2019.11.27-04.43.40:302][290]LogModuleManager: Shutting down and abandoning module UndoHistory (524)
[2019.11.27-04.43.40:302][290]LogModuleManager: Shutting down and abandoning module XmlParser (522)
[2019.11.27-04.43.40:302][290]LogModuleManager: Shutting down and abandoning module Blutility (520)
[2019.11.27-04.43.40:302][290]LogModuleManager: Shutting down and abandoning module ProjectSettingsViewer (518)
[2019.11.27-04.43.40:303][290]LogModuleManager: Shutting down and abandoning module ProjectTargetPlatformEditor (517)
[2019.11.27-04.43.40:303][290]LogModuleManager: Shutting down and abandoning module EditorSettingsViewer (514)
[2019.11.27-04.43.40:303][290]LogModuleManager: Shutting down and abandoning module SettingsEditor (512)
[2019.11.27-04.43.40:304][290]LogModuleManager: Shutting down and abandoning module ProjectLauncher (510)
[2019.11.27-04.43.40:304][290]LogModuleManager: Shutting down and abandoning module SessionFrontend (508)
[2019.11.27-04.43.40:304][290]LogModuleManager: Shutting down and abandoning module ProfilerClient (506)
[2019.11.27-04.43.40:304][290]LogModuleManager: Shutting down and abandoning module DeviceManager (504)
[2019.11.27-04.43.40:304][290]LogModuleManager: Shutting down and abandoning module TargetDeviceServices (503)
[2019.11.27-04.43.40:349][290]LogModuleManager: Shutting down and abandoning module AutomationController (500)
[2019.11.27-04.43.40:349][290]LogModuleManager: Shutting down and abandoning module AutomationWindow (498)
[2019.11.27-04.43.40:349][290]LogModuleManager: Shutting down and abandoning module Layers (496)
[2019.11.27-04.43.40:350][290]LogModuleManager: Shutting down and abandoning module ComponentVisualizers (494)
[2019.11.27-04.43.40:350][290]LogModuleManager: Shutting down and abandoning module DetailCustomizations (492)
[2019.11.27-04.43.40:350][290]LogModuleManager: Shutting down and abandoning module PackagesDialog (490)
[2019.11.27-04.43.40:350][290]LogModuleManager: Shutting down and abandoning module AnimationBlueprintEditor (488)
[2019.11.27-04.43.40:350][290]LogModuleManager: Shutting down and abandoning module Persona (486)
[2019.11.27-04.43.40:351][290]LogModuleManager: Shutting down and abandoning module AdvancedPreviewScene (485)
[2019.11.27-04.43.40:351][290]LogModuleManager: Shutting down and abandoning module AnimGraph (483)
[2019.11.27-04.43.40:351][290]LogModuleManager: Shutting down and abandoning module Kismet (480)
[2019.11.27-04.43.40:354][290]LogModuleManager: Shutting down and abandoning module KismetWidgets (479)
[2019.11.27-04.43.40:354][290]LogModuleManager: Shutting down and abandoning module GraphEditor (476)
[2019.11.27-04.43.40:355][290]LogModuleManager: Shutting down and abandoning module StructViewer (474)
[2019.11.27-04.43.40:355][290]LogModuleManager: Shutting down and abandoning module ClassViewer (472)
[2019.11.27-04.43.40:355][290]LogModuleManager: Shutting down and abandoning module Toolbox (470)
[2019.11.27-04.43.40:355][290]LogModuleManager: Shutting down and abandoning module ModuleUI (468)
[2019.11.27-04.43.40:355][290]LogModuleManager: Shutting down and abandoning module MovieSceneTools (466)
[2019.11.27-04.43.40:355][290]LogModuleManager: Shutting down and abandoning module OutputLog (464)
[2019.11.27-04.43.40:356][290]LogModuleManager: Shutting down and abandoning module GammaUI (462)
[2019.11.27-04.43.40:356][290]LogModuleManager: Shutting down and abandoning module Documentation (460)
[2019.11.27-04.43.40:356][290]LogModuleManager: Shutting down and abandoning module LiveCoding (458)
[2019.11.27-04.43.40:357][290]LogModuleManager: Shutting down and abandoning module LevelSequence (456)
[2019.11.27-04.43.40:357][290]LogModuleManager: Shutting down and abandoning module MovieSceneTracks (454)
[2019.11.27-04.43.40:357][290]LogModuleManager: Shutting down and abandoning module MovieScene (452)
[2019.11.27-04.43.40:357][290]LogModuleManager: Shutting down and abandoning module StreamingPauseRendering (450)
[2019.11.27-04.43.40:357][290]LogModuleManager: Shutting down and abandoning module LauncherPlatform (448)
[2019.11.27-04.43.40:357][290]LogModuleManager: Shutting down and abandoning module AnalyticsET (446)
[2019.11.27-04.43.40:357][290]LogModuleManager: Shutting down and abandoning module PortalServices (444)
[2019.11.27-04.43.40:357][290]LogModuleManager: Shutting down and abandoning module PortalRpc (442)
[2019.11.27-04.43.40:357][290]LogModuleManager: Shutting down and abandoning module MessagingRpc (440)
[2019.11.27-04.43.40:357][290]LogModuleManager: Shutting down and abandoning module AIModule (438)
[2019.11.27-04.43.40:357][290]LogModuleManager: Shutting down and abandoning module GameplayDebugger (437)
[2019.11.27-04.43.40:358][290]LogModuleManager: Shutting down and abandoning module AITestSuite (435)
[2019.11.27-04.43.40:358][290]LogModuleManager: Shutting down and abandoning module NavigationSystem (433)
[2019.11.27-04.43.40:358][290]LogModuleManager: Shutting down and abandoning module DesktopPlatform (430)
[2019.11.27-04.43.40:358][290]LogModuleManager: Shutting down and abandoning module ImageWriteQueue (428)
[2019.11.27-04.43.40:371][290]LogModuleManager: Shutting down and abandoning module ProfilerService (426)
[2019.11.27-04.43.40:471][290]LogModuleManager: Shutting down and abandoning module TaskGraph (424)
[2019.11.27-04.43.40:472][290]LogModuleManager: Shutting down and abandoning module ScreenshotTools (422)
[2019.11.27-04.43.40:472][290]LogModuleManager: Shutting down and abandoning module SteamVRController (420)
[2019.11.27-04.43.40:472][290]LogModuleManager: Shutting down and abandoning module ProceduralMeshComponentEditor (418)
[2019.11.27-04.43.40:472][290]LogModuleManager: Shutting down and abandoning module ProceduralMeshComponent (416)
[2019.11.27-04.43.40:472][290]LogModuleManager: Shutting down and abandoning module OculusEditor (414)
[2019.11.27-04.43.40:472][290]LogModuleManager: Shutting down and abandoning module OculusInput (412)
[2019.11.27-04.43.40:472][290]LogModuleManager: Shutting down and abandoning module MobilePatchingUtils (410)
[2019.11.27-04.43.40:472][290]LogModuleManager: Shutting down and abandoning module EditableMesh (408)
[2019.11.27-04.43.40:472][290]LogModuleManager: Shutting down and abandoning module CustomMeshComponent (406)
[2019.11.27-04.43.40:472][290]LogModuleManager: Shutting down and abandoning module CableComponent (404)
[2019.11.27-04.43.40:472][290]LogModuleManager: Shutting down and abandoning module AudioCapture (402)
[2019.11.27-04.43.40:472][290]LogModuleManager: Shutting down and abandoning module ArchVisCharacter (400)
[2019.11.27-04.43.40:472][290]LogModuleManager: Shutting down and abandoning module AppleImageUtilsBlueprintSupport (398)
[2019.11.27-04.43.40:472][290]LogModuleManager: Shutting down and abandoning module AppleImageUtils (396)
[2019.11.27-04.43.40:472][290]LogModuleManager: Shutting down and abandoning module AndroidPermission (394)
[2019.11.27-04.43.40:472][290]LogModuleManager: Shutting down and abandoning module NUTUnrealEngine4 (392)
[2019.11.27-04.43.40:472][290]LogModuleManager: Shutting down and abandoning module NetcodeUnitTest (390)
[2019.11.27-04.43.40:473][290]LogModuleManager: Shutting down and abandoning module MediaCompositing (388)
[2019.11.27-04.43.40:473][290]LogModuleManager: Shutting down and abandoning module ImgMedia (386)
[2019.11.27-04.43.40:473][290]LogModuleManager: Shutting down and abandoning module MagicLeapHelperVulkan (384)
[2019.11.27-04.43.40:473][290]LogModuleManager: Shutting down and abandoning module MagicLeapHelperOpenGL (382)
[2019.11.27-04.43.40:473][290]LogModuleManager: Shutting down and abandoning module MagicLeapAudio (380)
[2019.11.27-04.43.40:473][290]LogModuleManager: Shutting down and abandoning module HTML5Networking (378)
[2019.11.27-04.43.40:473][290]LogModuleManager: Shutting down and abandoning module GeometryCacheTracks (376)
[2019.11.27-04.43.40:473][290]LogModuleManager: Shutting down and abandoning module GeometryCacheSequencer (374)
[2019.11.27-04.43.40:473][290]LogModuleManager: Shutting down and abandoning module BackChannel (372)
[2019.11.27-04.43.40:473][290]LogModuleManager: Shutting down and abandoning module AutomationUtilsEditor (370)
[2019.11.27-04.43.40:473][290]LogModuleManager: Shutting down and abandoning module AutomationUtils (368)
[2019.11.27-04.43.40:473][290]LogModuleManager: Shutting down and abandoning module AlembicImporter (366)
[2019.11.27-04.43.40:473][290]LogModuleManager: Shutting down and abandoning module AlembicLibrary (365)
[2019.11.27-04.43.40:473][290]LogModuleManager: Shutting down and abandoning module GeometryCache (364)
[2019.11.27-04.43.40:473][290]LogModuleManager: Shutting down and abandoning module GeometryCacheEd (363)
[2019.11.27-04.43.40:474][290]LogModuleManager: Shutting down and abandoning module VariantManagerContent (358)
[2019.11.27-04.43.40:474][290]LogModuleManager: Shutting down and abandoning module DatasmithContentEditor (356)
[2019.11.27-04.43.40:474][290]LogModuleManager: Shutting down and abandoning module SpeedTreeImporter (354)
[2019.11.27-04.43.40:474][290]LogModuleManager: Shutting down and abandoning module PluginBrowser (352)
[2019.11.27-04.43.40:474][290]LogModuleManager: Shutting down and abandoning module MobileLauncherProfileWizard (350)
[2019.11.27-04.43.40:474][290]LogModuleManager: Shutting down and abandoning module MaterialAnalyzer (348)
[2019.11.27-04.43.40:474][290]LogModuleManager: Shutting down and abandoning module CurveEditorTools (346)
[2019.11.27-04.43.40:474][290]LogModuleManager: Shutting down and abandoning module CurveEditor (345)
[2019.11.27-04.43.40:475][290]LogModuleManager: Shutting down and abandoning module CryptoKeysOpenSSL (342)
[2019.11.27-04.43.40:475][290]LogModuleManager: Shutting down and abandoning module CryptoKeys (340)
[2019.11.27-04.43.40:475][290]LogModuleManager: Shutting down and abandoning module VisualStudioSourceCodeAccess (338)
[2019.11.27-04.43.40:475][290]LogModuleManager: Shutting down and abandoning module VisualStudioCodeSourceCodeAccess (336)
[2019.11.27-04.43.40:475][290]LogModuleManager: Shutting down and abandoning module UObjectPlugin (334)
[2019.11.27-04.43.40:475][290]LogModuleManager: Shutting down and abandoning module SubversionSourceControl (332)
[2019.11.27-04.43.40:475][290]LogModuleManager: Shutting down and abandoning module PerforceSourceControl (330)
[2019.11.27-04.43.40:475][290]LogModuleManager: Shutting down and abandoning module GitSourceControl (328)
[2019.11.27-04.43.40:475][290]LogModuleManager: Shutting down and abandoning module SourceControl (327)
[2019.11.27-04.43.40:475][290]LogModuleManager: Shutting down and abandoning module CLionSourceCodeAccess (324)
[2019.11.27-04.43.40:475][290]LogModuleManager: Shutting down and abandoning module AnimationSharingEd (322)
[2019.11.27-04.43.40:476][290]LogModuleManager: Shutting down and abandoning module ActorLayerUtilitiesEditor (320)
[2019.11.27-04.43.40:476][290]LogModuleManager: Shutting down and abandoning module ActorLayerUtilities (318)
[2019.11.27-04.43.40:476][290]LogModuleManager: Shutting down and abandoning module LightPropagationVolumeEditor (316)
[2019.11.27-04.43.40:476][290]LogModuleManager: Shutting down and abandoning module PaperTiledImporter (314)
[2019.11.27-04.43.40:476][290]LogModuleManager: Shutting down and abandoning module PaperSpriteSheetImporter (312)
[2019.11.27-04.43.40:476][290]LogModuleManager: Shutting down and abandoning module Paper2DEditor (310)
[2019.11.27-04.43.40:476][290]LogModuleManager: Shutting down and abandoning module SignificanceManager (308)
[2019.11.27-04.43.40:476][290]LogModuleManager: Shutting down and abandoning module RuntimePhysXCooking (306)
[2019.11.27-04.43.40:476][290]LogModuleManager: Shutting down and abandoning module PhysXVehiclesEditor (304)
[2019.11.27-04.43.40:476][290]LogModuleManager: Shutting down and abandoning module LocationServicesBPLibrary (300)
[2019.11.27-04.43.40:476][290]LogModuleManager: Shutting down and abandoning module ActorSequence (298)
[2019.11.27-04.43.40:476][290]LogModuleManager: Shutting down and abandoning module UdpMessaging (296)
[2019.11.27-04.43.40:577][290]LogModuleManager: Shutting down and abandoning module TcpMessaging (294)
[2019.11.27-04.43.40:678][290]LogModuleManager: Shutting down and abandoning module MagicLeapIdentity (292)
[2019.11.27-04.43.40:678][290]LogModuleManager: Shutting down and abandoning module MagicLeapSecureStorage (290)
[2019.11.27-04.43.40:678][290]LogModuleManager: Shutting down and abandoning module MagicLeapHandTracking (288)
[2019.11.27-04.43.40:678][290]LogModuleManager: Shutting down and abandoning module MagicLeapEyeTracker (286)
[2019.11.27-04.43.40:678][290]LogModuleManager: Shutting down and abandoning module MagicLeapController (284)
[2019.11.27-04.43.40:680][290]LogSlate: Slate User Destroyed.  User Index 0, Is Virtual User: 0
[2019.11.27-04.43.40:680][290]LogModuleManager: Shutting down and abandoning module MagicLeapAR (282)
[2019.11.27-04.43.40:680][290]LogModuleManager: Shutting down and abandoning module AugmentedReality (281)
[2019.11.27-04.43.40:680][290]LogModuleManager: Shutting down and abandoning module GameplayTagsEditor (278)
[2019.11.27-04.43.40:680][290]LogModuleManager: Shutting down and abandoning module FacialAnimationEditor (276)
[2019.11.27-04.43.40:680][290]LogModuleManager: Shutting down and abandoning module FacialAnimation (274)
[2019.11.27-04.43.40:681][290]LogModuleManager: Shutting down and abandoning module DataValidation (272)
[2019.11.27-04.43.40:681][290]LogModuleManager: Shutting down and abandoning module AssetManagerEditor (270)
[2019.11.27-04.43.40:682][290]LogModuleManager: Shutting down and abandoning module LevelEditor (269)
[2019.11.27-04.43.40:687][290]LogModuleManager: Shutting down and abandoning module PixelInspectorModule (268)
[2019.11.27-04.43.40:688][290]LogModuleManager: Shutting down and abandoning module CommonMenuExtensions (266)
[2019.11.27-04.43.40:689][290]LogModuleManager: Shutting down and abandoning module MainFrame (264)
[2019.11.27-04.43.40:689][290]LogModuleManager: Shutting down and abandoning module HotReload (263)
[2019.11.27-04.43.40:692][290]LogModuleManager: Shutting down and abandoning module ContentBrowser (259)
[2019.11.27-04.43.40:697][290]LogModuleManager: Shutting down and abandoning module TreeMap (257)
[2019.11.27-04.43.40:697][290]LogModuleManager: Shutting down and abandoning module AnimationSharing (254)
[2019.11.27-04.43.40:697][290]LogModuleManager: Shutting down and abandoning module LightPropagationVolumeRuntime (252)
[2019.11.27-04.43.40:697][290]LogModuleManager: Shutting down and abandoning module Paper2D (250)
[2019.11.27-04.43.40:697][290]LogModuleManager: Shutting down and abandoning module WindowsMoviePlayer (248)
[2019.11.27-04.43.40:708][290]LogModuleManager: Shutting down and abandoning module WebMMoviePlayer (246)
[2019.11.27-04.43.40:709][290]LogModuleManager: Shutting down and abandoning module NetworkReplayStreaming (244)
[2019.11.27-04.43.40:709][290]LogModuleManager: Shutting down and abandoning module PacketHandler (242)
[2019.11.27-04.43.40:709][290]LogModuleManager: Shutting down and abandoning module ClothingSystemEditor (240)
[2019.11.27-04.43.40:709][290]LogModuleManager: Shutting down and abandoning module ClothingSystemRuntime (238)
[2019.11.27-04.43.40:709][290]LogModuleManager: Shutting down and abandoning module MediaAssets (236)
[2019.11.27-04.43.40:709][290]LogModuleManager: Shutting down and abandoning module Overlay (234)
[2019.11.27-04.43.40:710][290]LogModuleManager: Shutting down and abandoning module OverlayEditor (233)
[2019.11.27-04.43.40:710][290]LogModuleManager: Shutting down and abandoning module VREditor (230)
[2019.11.27-04.43.40:710][290]LogModuleManager: Shutting down and abandoning module StringTableEditor (228)
[2019.11.27-04.43.40:710][290]LogModuleManager: Shutting down and abandoning module GameplayTasksEditor (226)
[2019.11.27-04.43.40:710][290]LogModuleManager: Shutting down and abandoning module BehaviorTreeEditor (224)
[2019.11.27-04.43.40:711][290]LogModuleManager: Shutting down and abandoning module FunctionalTesting (222)
[2019.11.27-04.43.40:711][290]LogModuleManager: Shutting down and abandoning module CollisionAnalyzer (220)
[2019.11.27-04.43.40:711][290]LogModuleManager: Shutting down and abandoning module WorkspaceMenuStructure (219)
[2019.11.27-04.43.40:711][290]LogModuleManager: Shutting down and abandoning module UMG (216)
[2019.11.27-04.43.40:711][290]LogModuleManager: Shutting down and abandoning module UMGEditor (215)
[2019.11.27-04.43.40:712][290]LogModuleManager: Shutting down and abandoning module Sequencer (214)
[2019.11.27-04.43.40:712][290]LogModuleManager: Shutting down and abandoning module MessageLog (211)
[2019.11.27-04.43.40:713][290]LogModuleManager: Shutting down and abandoning module SlateReflector (206)
[2019.11.27-04.43.40:713][290]LogModuleManager: Shutting down and abandoning module Slate (204)
[2019.11.27-04.43.40:713][290]LogModuleManager: Shutting down and abandoning module LandscapeEditorUtilities (202)
[2019.11.27-04.43.40:713][290]LogModuleManager: Shutting down and abandoning module EditorStyle (200)
[2019.11.27-04.43.40:720][290]LogModuleManager: Shutting down and abandoning module UnrealEd (198)
[2019.11.27-04.43.40:721][290]LogModuleManager: Shutting down and abandoning module MRMesh (196)
[2019.11.27-04.43.40:721][290]LogModuleManager: Shutting down and abandoning module SourceCodeAccess (194)
[2019.11.27-04.43.40:721][290]LogModuleManager: Shutting down and abandoning module HeadMountedDisplay (192)
[2019.11.27-04.43.40:721][290]LogModuleManager: Shutting down and abandoning module XAudio2 (190)
[2019.11.27-04.43.40:721][290]LogModuleManager: Shutting down and abandoning module Networking (188)
[2019.11.27-04.43.40:721][290]LogModuleManager: Shutting down and abandoning module Core (186)
[2019.11.27-04.43.40:721][290]LogModuleManager: Shutting down and abandoning module KismetCompiler (184)
[2019.11.27-04.43.40:721][290]LogModuleManager: Shutting down and abandoning module MeshUtilities (182)
[2019.11.27-04.43.40:721][290]LogModuleManager: Shutting down and abandoning module MeshMergeUtilities (181)
[2019.11.27-04.43.40:722][290]LogModuleManager: Shutting down and abandoning module MeshReductionInterface (180)
[2019.11.27-04.43.40:722][290]LogModuleManager: Shutting down and abandoning module SkeletalMeshReduction (179)
[2019.11.27-04.43.40:722][290]LogModuleManager: Shutting down and abandoning module ProxyLODMeshReduction (177)
[2019.11.27-04.43.40:722][290]LogModuleManager: Shutting down and abandoning module QuadricMeshReduction (175)
[2019.11.27-04.43.40:722][290]LogModuleManager: Shutting down and abandoning module MaterialBaking (171)
[2019.11.27-04.43.40:722][290]LogModuleManager: Shutting down and abandoning module NullInstallBundleManager (166)
[2019.11.27-04.43.40:722][290]LogModuleManager: Shutting down and abandoning module DerivedDataCache (164)
[2019.11.27-04.43.40:793][290]LogDerivedDataCache: Shutdown
[2019.11.27-04.43.40:793][290]LogModuleManager: Shutting down and abandoning module XGEController (162)
[2019.11.27-04.43.40:794][290]LogModuleManager: Shutting down and abandoning module TargetPlatform (160)
[2019.11.27-04.43.40:794][290]LogModuleManager: Shutting down and abandoning module VulkanShaderFormat (159)
[2019.11.27-04.43.40:794][290]LogModuleManager: Shutting down and abandoning module ShaderFormatVectorVM (157)
[2019.11.27-04.43.40:795][290]LogModuleManager: Shutting down and abandoning module ShaderFormatOpenGL (155)
[2019.11.27-04.43.40:795][290]LogModuleManager: Shutting down and abandoning module ShaderFormatD3D (153)
[2019.11.27-04.43.40:795][290]LogModuleManager: Shutting down and abandoning module MetalShaderFormat (151)
[2019.11.27-04.43.40:796][290]LogModuleManager: Shutting down and abandoning module TextureFormatUncompressed (149)
[2019.11.27-04.43.40:796][290]LogModuleManager: Shutting down and abandoning module TextureFormatPVR (147)
[2019.11.27-04.43.40:796][290]LogModuleManager: Shutting down and abandoning module TextureFormatDXT (145)
[2019.11.27-04.43.40:796][290]LogModuleManager: Shutting down and abandoning module TextureFormatIntelISPCTexComp (143)
[2019.11.27-04.43.40:797][290]LogModuleManager: Shutting down and abandoning module TextureFormatASTC (141)
[2019.11.27-04.43.40:798][290]LogModuleManager: Shutting down and abandoning module ImageWrapper (140)
[2019.11.27-04.43.40:798][290]LogModuleManager: Shutting down and abandoning module TextureFormatAndroid (137)
[2019.11.27-04.43.40:798][290]LogModuleManager: Shutting down and abandoning module AudioFormatOpus (135)
[2019.11.27-04.43.40:799][290]LogModuleManager: Shutting down and abandoning module AudioFormatOgg (133)
[2019.11.27-04.43.40:799][290]LogModuleManager: Shutting down and abandoning module AudioFormatADPCM (131)
[2019.11.27-04.43.40:799][290]LogModuleManager: Shutting down and abandoning module LuminTargetPlatform (129)
[2019.11.27-04.43.40:806][290]LogModuleManager: Shutting down and abandoning module LinuxTargetPlatform (127)
[2019.11.27-04.43.40:806][290]LogModuleManager: Shutting down and abandoning module LinuxServerTargetPlatform (125)
[2019.11.27-04.43.40:806][290]LogModuleManager: Shutting down and abandoning module LinuxNoEditorTargetPlatform (123)
[2019.11.27-04.43.40:807][290]LogModuleManager: Shutting down and abandoning module LinuxClientTargetPlatform (121)
[2019.11.27-04.43.40:807][290]LogModuleManager: Shutting down and abandoning module TVOSTargetPlatform (119)
[2019.11.27-04.43.40:813][290]LogModuleManager: Shutting down and abandoning module Messaging (117)
[2019.11.27-04.43.40:813][290]LogModuleManager: Shutting down and abandoning module IOSTargetPlatform (115)
[2019.11.27-04.43.40:823][290]LogModuleManager: Shutting down and abandoning module HTML5TargetPlatform (113)
[2019.11.27-04.43.40:823][290]LogModuleManager: Shutting down and abandoning module AndroidTargetPlatform (111)
[2019.11.27-04.43.40:851][290]LogModuleManager: Shutting down and abandoning module WindowsTargetPlatform (109)
[2019.11.27-04.43.40:851][290]LogModuleManager: Shutting down and abandoning module WindowsServerTargetPlatform (107)
[2019.11.27-04.43.40:851][290]LogModuleManager: Shutting down and abandoning module WindowsNoEditorTargetPlatform (105)
[2019.11.27-04.43.40:852][290]LogModuleManager: Shutting down and abandoning module WindowsClientTargetPlatform (103)
[2019.11.27-04.43.40:852][290]LogModuleManager: Shutting down and abandoning module MacTargetPlatform (101)
[2019.11.27-04.43.40:852][290]LogModuleManager: Shutting down and abandoning module MacServerTargetPlatform (99)
[2019.11.27-04.43.40:852][290]LogModuleManager: Shutting down and abandoning module MacNoEditorTargetPlatform (97)
[2019.11.27-04.43.40:852][290]LogModuleManager: Shutting down and abandoning module MacClientTargetPlatform (95)
[2019.11.27-04.43.40:853][290]LogModuleManager: Shutting down and abandoning module AllDesktopTargetPlatform (93)
[2019.11.27-04.43.40:853][290]LogModuleManager: Shutting down and abandoning module InputCore (90)
[2019.11.27-04.43.40:853][290]LogModuleManager: Shutting down and abandoning module Settings (88)
[2019.11.27-04.43.40:853][290]LogModuleManager: Shutting down and abandoning module DirectoryWatcher (86)
[2019.11.27-04.43.40:854][290]LogModuleManager: Shutting down and abandoning module PhysXCooking (84)
[2019.11.27-04.43.40:854][290]LogModuleManager: Shutting down and abandoning module WindowsPlatformFeatures (82)
[2019.11.27-04.43.40:855][290]LogModuleManager: Shutting down and abandoning module GameplayMediaEncoder (81)
[2019.11.27-04.43.40:855][290]LogModuleManager: Shutting down and abandoning module SteamVR (78)
[2019.11.27-04.43.40:855][290]LogHMD: Freeing OpenVRDLLHandle.
[2019.11.27-04.43.40:855][290]LogModuleManager: Shutting down and abandoning module OculusHMD (76)
[2019.11.27-04.43.40:855][290]LogModuleManager: Shutting down and abandoning module ExampleDeviceProfileSelector (74)
[2019.11.27-04.43.40:855][290]LogModuleManager: Shutting down and abandoning module LauncherChunkInstaller (72)
[2019.11.27-04.43.40:855][290]LogModuleManager: Shutting down and abandoning module OnlineBlueprintSupport (70)
[2019.11.27-04.43.40:855][290]LogModuleManager: Shutting down and abandoning module OnlineSubsystem (66)
[2019.11.27-04.43.40:858][290]LogModuleManager: Shutting down and abandoning module XMPP (61)
[2019.11.27-04.43.40:858][290]LogModuleManager: Shutting down and abandoning module WebSockets (60)
[2019.11.27-04.43.40:869][290]LogModuleManager: Shutting down and abandoning module HTTP (57)
[2019.11.27-04.43.40:869][290]LogHttp: Display: Http module shutting down, but needs to wait on 1 outstanding Http requests:
[2019.11.27-04.43.40:869][290]LogHttp: Display: 	verb=[POST] url=[https://datarouter.ol.epicgames.com/datarouter/api/v1/public/data?SessionID=%7B203C0DFA-4C7D-119F-3981-66A18FD37E3D%7D&AppID=UEEditor.Rocket.Release&AppVersion=4.23.1-9631420%2B%2B%2BUE4%2BRelease-4.23&UserID=6063a0a2426a861b5185ef97bdc4e056%7C607022755b3a4bd88bbba20e16409e56%7Cc0c5d550-02b5-4e37-a415-71829215c8a0&AppEnvironment=datacollector-binary&UploadType=eteventstream] status=Processing
[2019.11.27-04.43.40:898][290]LogModuleManager: Shutting down and abandoning module SSL (56)
[2019.11.27-04.43.40:902][290]LogModuleManager: Shutting down and abandoning module WmfMedia (52)
[2019.11.27-04.43.40:908][290]LogModuleManager: Shutting down and abandoning module Media (51)
[2019.11.27-04.43.40:910][290]LogModuleManager: Shutting down and abandoning module MagicLeap (48)
[2019.11.27-04.43.40:910][290]LogModuleManager: Shutting down and abandoning module DatasmithContent (46)
[2019.11.27-04.43.40:915][290]LogModuleManager: Shutting down and abandoning module AISupportModule (44)
[2019.11.27-04.43.40:915][290]LogModuleManager: Shutting down and abandoning module PlatformCryptoOpenSSL (42)
[2019.11.27-04.43.40:915][290]LogModuleManager: Shutting down and abandoning module PlatformCrypto (40)
[2019.11.27-04.43.40:915][290]LogModuleManager: Shutting down and abandoning module AnimationModifiers (38)
[2019.11.27-04.43.40:915][290]LogModuleManager: Shutting down and abandoning module PropertyEditor (37)
[2019.11.27-04.43.40:916][290]LogModuleManager: Shutting down and abandoning module AudioEditor (34)
[2019.11.27-04.43.40:917][290]LogModuleManager: Shutting down and abandoning module TextureCompressor (32)
[2019.11.27-04.43.40:918][290]LogModuleManager: Shutting down and abandoning module RenderCore (30)
[2019.11.27-04.43.40:918][290]LogModuleManager: Shutting down and abandoning module Landscape (28)
[2019.11.27-04.43.40:918][290]LogModuleManager: Shutting down and abandoning module SlateRHIRenderer (26)
[2019.11.27-04.43.40:929][290]LogModuleManager: Shutting down and abandoning module OpenGLDrv (24)
[2019.11.27-04.43.40:929][290]LogModuleManager: Shutting down and abandoning module D3D11RHI (22)
[2019.11.27-04.43.40:929][290]LogModuleManager: Shutting down and abandoning module AnimGraphRuntime (20)
[2019.11.27-04.43.40:929][290]LogModuleManager: Shutting down and abandoning module Renderer (18)
[2019.11.27-04.43.40:929][290]LogModuleManager: Shutting down and abandoning module Engine (16)
[2019.11.27-04.43.40:930][290]LogModuleManager: Shutting down and abandoning module CoreUObject (14)
[2019.11.27-04.43.40:930][290]LogModuleManager: Shutting down and abandoning module NetworkFile (12)
[2019.11.27-04.43.40:930][290]LogModuleManager: Shutting down and abandoning module CookedIterativeFile (10)
[2019.11.27-04.43.40:930][290]LogModuleManager: Shutting down and abandoning module StreamingFile (8)
[2019.11.27-04.43.40:930][290]LogModuleManager: Shutting down and abandoning module SandboxFile (6)
[2019.11.27-04.43.40:930][290]LogModuleManager: Shutting down and abandoning module PakFile (4)
[2019.11.27-04.43.40:930][290]LogModuleManager: Shutting down and abandoning module RSA (3)
[2019.11.27-04.43.40:943][290]LogD3D11RHI: Shutdown
[2019.11.27-04.43.40:943][290]LogD3D11RHI: CleanupD3DDevice
[2019.11.27-04.43.40:953][290]LogRendererCore: FGlobalDynamicReadBuffer::Cleanup()
[2019.11.27-04.43.40:953][290]LogRendererCore: FGlobalDynamicReadBuffer::Cleanup()
[2019.11.27-04.43.40:953][290]LogRendererCore: FGlobalDynamicReadBuffer::Cleanup()
[2019.11.27-04.43.41:806][290]LogD3D11RHI: ~FD3D11DynamicRHI
[2019.11.27-04.43.41:885][290]LogExit: Exiting.
[2019.11.27-04.43.41:923][290]Log file closed, 11/27/19 13:43:41
