Log file open, 11/27/19 13:35:52
LogWindows: Failed to load 'aqProf.dll' (GetLastError=126)
LogWindows: File 'aqProf.dll' does not exist
LogWindows: Failed to load 'VtuneApi.dll' (GetLastError=126)
LogWindows: File 'VtuneApi.dll' does not exist
LogWindows: Failed to load 'VtuneApi32e.dll' (GetLastError=126)
LogWindows: File 'VtuneApi32e.dll' does not exist
LogConsoleResponse: Display: Failed to find resolution value strings in scalability ini. Falling back to default.
LogInit: Display: Running engine for game: Game
LogPlatformFile: Not using cached read wrapper
LogTaskGraph: Started task graph with 5 named threads and 14 total threads with 3 sets of task threads.
LogStats: Stats thread started at 0.756039
LogD3D11RHI: Loaded GFSDK_Aftermath_Lib.x64.dll
LogICUInternationalization: ICU TimeZone Detection - Raw Offset: +9:00, Platform Override: ''
LogPluginManager: Mounting plugin Paper2D
LogPluginManager: Mounting plugin AISupport
LogPluginManager: Mounting plugin LightPropagationVolume
LogPluginManager: Mounting plugin ActorLayerUtilities
LogPluginManager: Mounting plugin AnimationSharing
LogPluginManager: Mounting plugin CLionSourceCodeAccess
LogPluginManager: Mounting plugin CodeLiteSourceCodeAccess
LogPluginManager: Mounting plugin GitSourceControl
LogPluginManager: Mounting plugin KDevelopSourceCodeAccess
LogPluginManager: Mounting plugin NullSourceCodeAccess
LogPluginManager: Mounting plugin PerforceSourceControl
LogPluginManager: Mounting plugin SubversionSourceControl
LogPluginManager: Mounting plugin UObjectPlugin
LogPluginManager: Mounting plugin VisualStudioCodeSourceCodeAccess
LogPluginManager: Mounting plugin VisualStudioSourceCodeAccess
LogPluginManager: Mounting plugin XCodeSourceCodeAccess
LogPluginManager: Mounting plugin AssetManagerEditor
LogPluginManager: Mounting plugin CryptoKeys
LogPluginManager: Mounting plugin CurveEditorTools
LogPluginManager: Mounting plugin DataValidation
LogPluginManager: Mounting plugin FacialAnimation
LogPluginManager: Mounting plugin GameplayTagsEditor
LogPluginManager: Mounting plugin MacGraphicsSwitching
LogPluginManager: Mounting plugin MaterialAnalyzer
LogPluginManager: Mounting plugin MobileLauncherProfileWizard
LogPluginManager: Mounting plugin PluginBrowser
LogPluginManager: Mounting plugin SpeedTreeImporter
LogPluginManager: Mounting plugin DatasmithContent
LogPluginManager: Mounting plugin VariantManagerContent
LogPluginManager: Mounting plugin AlembicImporter
LogPluginManager: Mounting plugin AutomationUtils
LogPluginManager: Mounting plugin BackChannel
LogPluginManager: Mounting plugin CharacterAI
LogPluginManager: Mounting plugin GeometryCache
LogPluginManager: Mounting plugin HTML5Networking
LogPluginManager: Mounting plugin PlatformCrypto
LogPluginManager: Mounting plugin ProxyLODPlugin
LogPluginManager: Mounting plugin SkeletalReduction
LogPluginManager: Mounting plugin MagicLeap
LogPluginManager: Mounting plugin MagicLeapMedia
LogPluginManager: Mounting plugin AndroidMedia
LogPluginManager: Mounting plugin AvfMedia
LogPluginManager: Mounting plugin ImgMedia
LogPluginManager: Mounting plugin MediaCompositing
LogPluginManager: Mounting plugin MediaPlayerEditor
LogPluginManager: Mounting plugin WebMMedia
LogPluginManager: Mounting plugin WmfMedia
LogPluginManager: Mounting plugin TcpMessaging
LogPluginManager: Mounting plugin UdpMessaging
LogPluginManager: Mounting plugin ActorSequence
LogPluginManager: Mounting plugin LevelSequenceEditor
LogPluginManager: Mounting plugin MatineeToLevelSequence
LogPluginManager: Mounting plugin NetcodeUnitTest
LogPluginManager: Mounting plugin NUTUnrealEngine4
LogPluginManager: Mounting plugin OnlineSubsystemGooglePlay
LogPluginManager: Mounting plugin OnlineSubsystemIOS
LogPluginManager: Mounting plugin OnlineSubsystem
LogPluginManager: Mounting plugin OnlineSubsystemNull
LogPluginManager: Mounting plugin OnlineSubsystemUtils
LogPluginManager: Mounting plugin LauncherChunkInstaller
LogPluginManager: Mounting plugin AndroidDeviceProfileSelector
LogPluginManager: Mounting plugin AndroidMoviePlayer
LogPluginManager: Mounting plugin AndroidPermission
LogPluginManager: Mounting plugin AppleImageUtils
LogPluginManager: Mounting plugin AppleMoviePlayer
LogPluginManager: Mounting plugin ArchVisCharacter
LogPluginManager: Mounting plugin AudioCapture
LogPluginManager: Mounting plugin CableComponent
LogPluginManager: Mounting plugin CustomMeshComponent
LogPluginManager: Mounting plugin EditableMesh
LogPluginManager: Mounting plugin ExampleDeviceProfileSelector
LogPluginManager: Mounting plugin GoogleCloudMessaging
LogPluginManager: Mounting plugin IOSDeviceProfileSelector
LogPluginManager: Mounting plugin LinuxDeviceProfileSelector
LogPluginManager: Mounting plugin LocationServicesBPLibrary
LogPluginManager: Mounting plugin MobilePatchingUtils
LogPluginManager: Mounting plugin OculusVR
LogPluginManager: Mounting plugin PhysXVehicles
LogPluginManager: Mounting plugin ProceduralMeshComponent
LogPluginManager: Mounting plugin RuntimePhysXCooking
LogPluginManager: Mounting plugin SignificanceManager
LogPluginManager: Mounting plugin SteamVR
LogPluginManager: Mounting plugin WebMMoviePlayer
LogPluginManager: Mounting plugin WindowsMoviePlayer
LogPluginManager: Mounting plugin ScreenshotTools
LogInit: Using libcurl 7.55.1-DEV
LogInit:  - built for x86_64-pc-win32
LogInit:  - supports SSL with OpenSSL/1.1.1
LogInit:  - supports HTTP deflate (compression) using libz 1.2.8
LogInit:  - other features:
LogInit:      CURL_VERSION_SSL
LogInit:      CURL_VERSION_LIBZ
LogInit:      CURL_VERSION_IPV6
LogInit:      CURL_VERSION_ASYNCHDNS
LogInit:      CURL_VERSION_LARGEFILE
LogInit:      CURL_VERSION_IDN
LogInit:  CurlRequestOptions (configurable via config and command line):
LogInit:  - bVerifyPeer = true  - Libcurl will verify peer certificate
LogInit:  - bUseHttpProxy = false  - Libcurl will NOT use HTTP proxy
LogInit:  - bDontReuseConnections = false  - Libcurl will reuse connections
LogInit:  - MaxHostConnections = 16  - Libcurl will limit the number of connections to a host
LogInit:  - LocalHostAddr = Default
LogInit:  - BufferSize = 65536
LogOnline: OSS: Creating online subsystem instance for: NULL
LogInit: WinSock: version 1.1 (2.2), MaxSocks=32767, MaxUdp=65467
LogInit: Build: ++UE4+Release-4.23-CL-9631420
LogInit: Engine Version: 4.23.1-9631420+++UE4+Release-4.23
LogInit: Compatible Engine Version: 4.23.0-8386587+++UE4+Release-4.23
LogInit: Net CL: 8386587
LogInit: OS: Windows 10 (Release 1809) (), CPU: Intel(R) Core(TM) i5-4690 CPU @ 3.50GHz, GPU: Intel(R) HD Graphics 4600
LogInit: Compiled (64-bit): Oct 18 2019 02:07:44
LogInit: Compiled with Visual C++: 19.16.27030.01
LogInit: Build Configuration: Development
LogInit: Branch Name: ++UE4+Release-4.23
LogInit: Command Line:  -EpicPortal -epicusername=cherryfine -epicuserid=607022755b3a4bd88bbba20e16409e56 -epiclocale=ko-KR
LogInit: Base Directory: C:/Program Files/Epic Games/UE_4.23/Engine/Binaries/Win64/
LogInit: Installed Engine Build: 1
LogDevObjectVersion: Number of dev versions registered: 23
LogDevObjectVersion:   Dev-Blueprints (B0D832E4-1F89-4F0D-ACCF-7EB736FD4AA2): 10
LogDevObjectVersion:   Dev-Build (E1C64328-A22C-4D53-A36C-8E866417BD8C): 0
LogDevObjectVersion:   Dev-Core (375EC13C-06E4-48FB-B500-84F0262A717E): 3
LogDevObjectVersion:   Dev-Editor (E4B068ED-F494-42E9-A231-DA0B2E46BB41): 34
LogDevObjectVersion:   Dev-Framework (CFFC743F-43B0-4480-9391-14DF171D2073): 35
LogDevObjectVersion:   Dev-Mobile (B02B49B5-BB20-44E9-A304-32B752E40360): 2
LogDevObjectVersion:   Dev-Networking (A4E4105C-59A1-49B5-A7C5-40C4547EDFEE): 0
LogDevObjectVersion:   Dev-Online (39C831C9-5AE6-47DC-9A44-9C173E1C8E7C): 0
LogDevObjectVersion:   Dev-Physics (78F01B33-EBEA-4F98-B9B4-84EACCB95AA2): 0
LogDevObjectVersion:   Dev-Platform (6631380F-2D4D-43E0-8009-CF276956A95A): 0
LogDevObjectVersion:   Dev-Rendering (12F88B9F-8875-4AFC-A67C-D90C383ABD29): 31
LogDevObjectVersion:   Dev-Sequencer (7B5AE74C-D270-4C10-A958-57980B212A5A): 11
LogDevObjectVersion:   Dev-VR (D7296918-1DD6-4BDD-9DE2-64A83CC13884): 2
LogDevObjectVersion:   Dev-LoadTimes (C2A15278-BFE7-4AFE-6C17-90FF531DF755): 1
LogDevObjectVersion:   Private-Geometry (6EACA3D4-40EC-4CC1-B786-8BED09428FC5): 3
LogDevObjectVersion:   Dev-AnimPhys (29E575DD-E0A3-4627-9D10-D276232CDCEA): 17
LogDevObjectVersion:   Dev-Anim (AF43A65D-7FD3-4947-9873-3E8ED9C1BB05): 2
LogDevObjectVersion:   Dev-ReflectionCapture (6B266CEC-1EC7-4B8F-A30B-E4D90942FC07): 1
LogDevObjectVersion:   Dev-Automation (0DF73D61-A23F-47EA-B727-89E90C41499A): 1
LogDevObjectVersion:   FortniteMain (601D1886-AC64-4F84-AA16-D3DE0DEAC7D6): 27
LogDevObjectVersion:   Dev-Enterprise (9DFFBCD6-494F-0158-E221-12823C92A888): 6
LogDevObjectVersion:   Dev-Niagara (F2AED0AC-9AFE-416F-8664-AA7FFA26D6FC): 1
LogDevObjectVersion:   Dev-Destruction (174F1F0B-B4C6-45A5-B13F-2EE8D0FB917D): 9
LogInit: Presizing for max 16777216 objects, including 0 objects not considered by GC, pre-allocating 0 bytes for permanent pool.
LogInit: Object subsystem initialized
LogConfig: Setting CVar [[con.DebugEarlyDefault:1]]
LogConfig: Setting CVar [[r.setres:1280x720]]
[2019.11.27-04.35.55:794][  0]LogConfig: Setting CVar [[r.VSync:0]]
[2019.11.27-04.35.55:795][  0]LogConfig: Setting CVar [[r.RHICmdBypass:0]]
[2019.11.27-04.35.55:795][  0]LogConfig: Applying CVar settings from Section [/Script/Engine.RendererSettings] File [C:/Users/cheri/OneDrive/바탕 화면/game-master/game-master/Game/Saved/Config/Windows/Engine.ini]
[2019.11.27-04.35.55:795][  0]LogConfig: Setting CVar [[r.GPUCrashDebugging:0]]
[2019.11.27-04.35.55:795][  0]LogConfig: Applying CVar settings from Section [/Script/Engine.RendererOverrideSettings] File [C:/Users/cheri/OneDrive/바탕 화면/game-master/game-master/Game/Saved/Config/Windows/Engine.ini]
[2019.11.27-04.35.55:795][  0]LogConfig: Applying CVar settings from Section [/Script/Engine.StreamingSettings] File [C:/Users/cheri/OneDrive/바탕 화면/game-master/game-master/Game/Saved/Config/Windows/Engine.ini]
[2019.11.27-04.35.55:795][  0]LogConfig: Setting CVar [[s.MinBulkDataSizeForAsyncLoading:131072]]
[2019.11.27-04.35.55:796][  0]LogConfig: Setting CVar [[s.AsyncLoadingThreadEnabled:0]]
[2019.11.27-04.35.55:796][  0]LogConfig: Setting CVar [[s.EventDrivenLoaderEnabled:1]]
[2019.11.27-04.35.55:796][  0]LogConfig: Setting CVar [[s.WarnIfTimeLimitExceeded:0]]
[2019.11.27-04.35.55:796][  0]LogConfig: Setting CVar [[s.TimeLimitExceededMultiplier:1.5]]
[2019.11.27-04.35.55:796][  0]LogConfig: Setting CVar [[s.TimeLimitExceededMinTime:0.005]]
[2019.11.27-04.35.55:796][  0]LogConfig: Setting CVar [[s.UseBackgroundLevelStreaming:1]]
[2019.11.27-04.35.55:796][  0]LogConfig: Setting CVar [[s.PriorityAsyncLoadingExtraTime:15.0]]
[2019.11.27-04.35.55:796][  0]LogConfig: Setting CVar [[s.LevelStreamingActorsUpdateTimeLimit:5.0]]
[2019.11.27-04.35.55:797][  0]LogConfig: Setting CVar [[s.PriorityLevelStreamingActorsUpdateExtraTime:5.0]]
[2019.11.27-04.35.55:797][  0]LogConfig: Setting CVar [[s.LevelStreamingComponentsRegistrationGranularity:10]]
[2019.11.27-04.35.55:797][  0]LogConfig: Setting CVar [[s.UnregisterComponentsTimeLimit:1.0]]
[2019.11.27-04.35.55:797][  0]LogConfig: Setting CVar [[s.LevelStreamingComponentsUnregistrationGranularity:5]]
[2019.11.27-04.35.55:798][  0]LogConfig: Applying CVar settings from Section [/Script/Engine.GarbageCollectionSettings] File [C:/Users/cheri/OneDrive/바탕 화면/game-master/game-master/Game/Saved/Config/Windows/Engine.ini]
[2019.11.27-04.35.55:798][  0]LogConfig: Setting CVar [[gc.MaxObjectsNotConsideredByGC:1]]
[2019.11.27-04.35.55:798][  0]LogConfig: Setting CVar [[gc.SizeOfPermanentObjectPool:0]]
[2019.11.27-04.35.55:798][  0]LogConfig: Setting CVar [[gc.FlushStreamingOnGC:0]]
[2019.11.27-04.35.55:799][  0]LogConfig: Setting CVar [[gc.NumRetriesBeforeForcingGC:10]]
[2019.11.27-04.35.55:799][  0]LogConfig: Setting CVar [[gc.AllowParallelGC:1]]
[2019.11.27-04.35.55:799][  0]LogConfig: Setting CVar [[gc.TimeBetweenPurgingPendingKillObjects:61.1]]
[2019.11.27-04.35.55:799][  0]LogConfig: Setting CVar [[gc.MaxObjectsInEditor:16777216]]
[2019.11.27-04.35.55:799][  0]LogConfig: Setting CVar [[gc.IncrementalBeginDestroyEnabled:1]]
[2019.11.27-04.35.55:799][  0]LogConfig: Setting CVar [[gc.CreateGCClusters:1]]
[2019.11.27-04.35.55:800][  0]LogConfig: Setting CVar [[gc.MinGCClusterSize:5]]
[2019.11.27-04.35.55:800][  0]LogConfig: Setting CVar [[gc.ActorClusteringEnabled:0]]
[2019.11.27-04.35.55:800][  0]LogConfig: Setting CVar [[gc.BlueprintClusteringEnabled:0]]
[2019.11.27-04.35.55:800][  0]LogConfig: Setting CVar [[gc.UseDisregardForGCOnDedicatedServers:0]]
[2019.11.27-04.35.55:800][  0]LogConfig: Applying CVar settings from Section [/Script/Engine.NetworkSettings] File [C:/Users/cheri/OneDrive/바탕 화면/game-master/game-master/Game/Saved/Config/Windows/Engine.ini]
[2019.11.27-04.35.55:800][  0]LogConfig: Applying CVar settings from Section [/Script/UnrealEd.CookerSettings] File [C:/Users/cheri/OneDrive/바탕 화면/game-master/game-master/Game/Saved/Config/Windows/Engine.ini]
[2019.11.27-04.35.55:838][  0]LogConfig: Applying CVar settings from Section [ViewDistanceQuality@3] File [C:/Users/cheri/OneDrive/바탕 화면/game-master/game-master/Game/Saved/Config/Windows/Scalability.ini]
[2019.11.27-04.35.55:838][  0]LogConfig: Setting CVar [[r.SkeletalMeshLODBias:0]]
[2019.11.27-04.35.55:839][  0]LogConfig: Setting CVar [[r.ViewDistanceScale:1.0]]
[2019.11.27-04.35.55:839][  0]LogConfig: Applying CVar settings from Section [AntiAliasingQuality@3] File [C:/Users/cheri/OneDrive/바탕 화면/game-master/game-master/Game/Saved/Config/Windows/Scalability.ini]
[2019.11.27-04.35.55:839][  0]LogConfig: Setting CVar [[r.PostProcessAAQuality:4]]
[2019.11.27-04.35.55:839][  0]LogConfig: Applying CVar settings from Section [ShadowQuality@3] File [C:/Users/cheri/OneDrive/바탕 화면/game-master/game-master/Game/Saved/Config/Windows/Scalability.ini]
[2019.11.27-04.35.55:839][  0]LogConfig: Setting CVar [[r.LightFunctionQuality:1]]
[2019.11.27-04.35.55:840][  0]LogConfig: Setting CVar [[r.ShadowQuality:5]]
[2019.11.27-04.35.55:840][  0]LogConfig: Setting CVar [[r.Shadow.CSM.MaxCascades:10]]
[2019.11.27-04.35.55:841][  0]LogConfig: Setting CVar [[r.Shadow.MaxResolution:2048]]
[2019.11.27-04.35.55:841][  0]LogConfig: Setting CVar [[r.Shadow.MaxCSMResolution:2048]]
[2019.11.27-04.35.55:841][  0]LogConfig: Setting CVar [[r.Shadow.RadiusThreshold:0.01]]
[2019.11.27-04.35.55:842][  0]LogConfig: Setting CVar [[r.Shadow.DistanceScale:1.0]]
[2019.11.27-04.35.55:842][  0]LogConfig: Setting CVar [[r.Shadow.CSM.TransitionScale:1.0]]
[2019.11.27-04.35.55:843][  0]LogConfig: Setting CVar [[r.Shadow.PreShadowResolutionFactor:1.0]]
[2019.11.27-04.35.55:843][  0]LogConfig: Setting CVar [[r.DistanceFieldShadowing:1]]
[2019.11.27-04.35.55:843][  0]LogConfig: Setting CVar [[r.DistanceFieldAO:1]]
[2019.11.27-04.35.55:844][  0]LogConfig: Setting CVar [[r.AOQuality:2]]
[2019.11.27-04.35.55:844][  0]LogConfig: Setting CVar [[r.VolumetricFog:1]]
[2019.11.27-04.35.55:844][  0]LogConfig: Setting CVar [[r.VolumetricFog.GridPixelSize:8]]
[2019.11.27-04.35.55:845][  0]LogConfig: Setting CVar [[r.VolumetricFog.GridSizeZ:128]]
[2019.11.27-04.35.55:845][  0]LogConfig: Setting CVar [[r.VolumetricFog.HistoryMissSupersampleCount:4]]
[2019.11.27-04.35.55:845][  0]LogConfig: Setting CVar [[r.LightMaxDrawDistanceScale:1]]
[2019.11.27-04.35.55:845][  0]LogConfig: Setting CVar [[r.CapsuleShadows:1]]
[2019.11.27-04.35.55:846][  0]LogConfig: Applying CVar settings from Section [PostProcessQuality@3] File [C:/Users/cheri/OneDrive/바탕 화면/game-master/game-master/Game/Saved/Config/Windows/Scalability.ini]
[2019.11.27-04.35.55:846][  0]LogConfig: Setting CVar [[r.MotionBlurQuality:4]]
[2019.11.27-04.35.55:846][  0]LogConfig: Setting CVar [[r.AmbientOcclusionMipLevelFactor:0.4]]
[2019.11.27-04.35.55:847][  0]LogConfig: Setting CVar [[r.AmbientOcclusionMaxQuality:100]]
[2019.11.27-04.35.55:847][  0]LogConfig: Setting CVar [[r.AmbientOcclusionLevels:-1]]
[2019.11.27-04.35.55:847][  0]LogConfig: Setting CVar [[r.AmbientOcclusionRadiusScale:1.0]]
[2019.11.27-04.35.55:847][  0]LogConfig: Setting CVar [[r.DepthOfFieldQuality:2]]
[2019.11.27-04.35.55:847][  0]LogConfig: Setting CVar [[r.RenderTargetPoolMin:400]]
[2019.11.27-04.35.55:848][  0]LogConfig: Setting CVar [[r.LensFlareQuality:2]]
[2019.11.27-04.35.55:848][  0]LogConfig: Setting CVar [[r.SceneColorFringeQuality:1]]
[2019.11.27-04.35.55:848][  0]LogConfig: Setting CVar [[r.EyeAdaptationQuality:2]]
[2019.11.27-04.35.55:848][  0]LogConfig: Setting CVar [[r.BloomQuality:5]]
[2019.11.27-04.35.55:848][  0]LogConfig: Setting CVar [[r.FastBlurThreshold:100]]
[2019.11.27-04.35.55:849][  0]LogConfig: Setting CVar [[r.Upscale.Quality:3]]
[2019.11.27-04.35.55:849][  0]LogConfig: Setting CVar [[r.Tonemapper.GrainQuantization:1]]
[2019.11.27-04.35.55:849][  0]LogConfig: Setting CVar [[r.LightShaftQuality:1]]
[2019.11.27-04.35.55:850][  0]LogConfig: Setting CVar [[r.Filter.SizeScale:1]]
[2019.11.27-04.35.55:850][  0]LogConfig: Setting CVar [[r.Tonemapper.Quality:5]]
[2019.11.27-04.35.55:850][  0]LogConfig: Setting CVar [[r.DOF.Gather.AccumulatorQuality:1        ; higher gathering accumulator quality]]
[2019.11.27-04.35.55:850][  0]LogConfig: Setting CVar [[r.DOF.Gather.PostfilterMethod:1          ; Median3x3 postfilering method]]
[2019.11.27-04.35.55:850][  0]LogConfig: Setting CVar [[r.DOF.Gather.EnableBokehSettings:0       ; no bokeh simulation when gathering]]
[2019.11.27-04.35.55:851][  0]LogConfig: Setting CVar [[r.DOF.Gather.RingCount:4                 ; medium number of samples when gathering]]
[2019.11.27-04.35.55:851][  0]LogConfig: Setting CVar [[r.DOF.Scatter.ForegroundCompositing:1    ; additive foreground scattering]]
[2019.11.27-04.35.55:851][  0]LogConfig: Setting CVar [[r.DOF.Scatter.BackgroundCompositing:2    ; additive background scattering]]
[2019.11.27-04.35.55:851][  0]LogConfig: Setting CVar [[r.DOF.Scatter.EnableBokehSettings:1      ; bokeh simulation when scattering]]
[2019.11.27-04.35.55:851][  0]LogConfig: Setting CVar [[r.DOF.Scatter.MaxSpriteRatio:0.1         ; only a maximum of 10% of scattered bokeh]]
[2019.11.27-04.35.55:852][  0]LogConfig: Setting CVar [[r.DOF.Recombine.Quality:1                ; cheap slight out of focus]]
[2019.11.27-04.35.55:852][  0]LogConfig: Setting CVar [[r.DOF.Recombine.EnableBokehSettings:0    ; no bokeh simulation on slight out of focus]]
[2019.11.27-04.35.55:852][  0]LogConfig: Setting CVar [[r.DOF.TemporalAAQuality:1                ; more stable temporal accumulation]]
[2019.11.27-04.35.55:852][  0]LogConfig: Setting CVar [[r.DOF.Kernel.MaxForegroundRadius:0.025]]
[2019.11.27-04.35.55:852][  0]LogConfig: Setting CVar [[r.DOF.Kernel.MaxBackgroundRadius:0.025]]
[2019.11.27-04.35.55:853][  0]LogConfig: Applying CVar settings from Section [TextureQuality@3] File [C:/Users/cheri/OneDrive/바탕 화면/game-master/game-master/Game/Saved/Config/Windows/Scalability.ini]
[2019.11.27-04.35.55:853][  0]LogConfig: Setting CVar [[r.Streaming.MipBias:0]]
[2019.11.27-04.35.55:853][  0]LogConfig: Setting CVar [[r.Streaming.AmortizeCPUToGPUCopy:0]]
[2019.11.27-04.35.55:853][  0]LogConfig: Setting CVar [[r.Streaming.MaxNumTexturesToStreamPerFrame:0]]
[2019.11.27-04.35.55:853][  0]LogConfig: Setting CVar [[r.Streaming.Boost:1]]
[2019.11.27-04.35.55:854][  0]LogConfig: Setting CVar [[r.MaxAnisotropy:8]]
[2019.11.27-04.35.55:854][  0]LogConfig: Setting CVar [[r.Streaming.LimitPoolSizeToVRAM:0]]
[2019.11.27-04.35.55:854][  0]LogConfig: Setting CVar [[r.Streaming.PoolSize:1000]]
[2019.11.27-04.35.55:854][  0]LogConfig: Setting CVar [[r.Streaming.MaxEffectiveScreenSize:0]]
[2019.11.27-04.35.55:855][  0]LogConfig: Applying CVar settings from Section [EffectsQuality@3] File [C:/Users/cheri/OneDrive/바탕 화면/game-master/game-master/Game/Saved/Config/Windows/Scalability.ini]
[2019.11.27-04.35.55:856][  0]LogConfig: Setting CVar [[r.TranslucencyLightingVolumeDim:64]]
[2019.11.27-04.35.55:857][  0]LogConfig: Setting CVar [[r.RefractionQuality:2]]
[2019.11.27-04.35.55:857][  0]LogConfig: Setting CVar [[r.SSR.Quality:3]]
[2019.11.27-04.35.55:857][  0]LogConfig: Setting CVar [[r.SceneColorFormat:4]]
[2019.11.27-04.35.55:857][  0]LogConfig: Setting CVar [[r.DetailMode:2]]
[2019.11.27-04.35.55:857][  0]LogConfig: Setting CVar [[r.TranslucencyVolumeBlur:1]]
[2019.11.27-04.35.55:857][  0]LogConfig: Setting CVar [[r.MaterialQualityLevel:1 ; High quality]]
[2019.11.27-04.35.55:858][  0]LogConfig: Setting CVar [[r.SSS.Scale:1]]
[2019.11.27-04.35.55:858][  0]LogConfig: Setting CVar [[r.SSS.SampleSet:2]]
[2019.11.27-04.35.55:858][  0]LogConfig: Setting CVar [[r.SSS.Quality:1]]
[2019.11.27-04.35.55:858][  0]LogConfig: Setting CVar [[r.SSS.HalfRes:1]]
[2019.11.27-04.35.55:858][  0]LogConfig: Setting CVar [[r.EmitterSpawnRateScale:1.0]]
[2019.11.27-04.35.55:859][  0]LogConfig: Setting CVar [[r.ParticleLightQuality:2]]
[2019.11.27-04.35.55:859][  0]LogConfig: Applying CVar settings from Section [FoliageQuality@3] File [C:/Users/cheri/OneDrive/바탕 화면/game-master/game-master/Game/Saved/Config/Windows/Scalability.ini]
[2019.11.27-04.35.55:860][  0]LogConfig: Setting CVar [[foliage.DensityScale:1.0]]
[2019.11.27-04.35.55:860][  0]LogConfig: Setting CVar [[grass.DensityScale:1.0]]
[2019.11.27-04.35.55:860][  0]LogInit: Selected Device Profile: [Windows]
[2019.11.27-04.35.55:861][  0]LogInit: Applying CVar settings loaded from the selected device profile: [Windows]
[2019.11.27-04.35.55:911][  0]LogHAL: Display: Platform has ~ 8 GB [8485232640 / 8589934592 / 8], which maps to Default [LargestMinGB=32, LargerMinGB=12, DefaultMinGB=8, SmallerMinGB=6, SmallestMinGB=0)
[2019.11.27-04.35.55:912][  0]LogInit: Going up to parent DeviceProfile []
[2019.11.27-04.35.55:913][  0]LogConfig: Applying CVar settings from Section [ViewDistanceQuality@3] File [C:/Users/cheri/OneDrive/바탕 화면/game-master/game-master/Game/Saved/Config/Windows/Scalability.ini]
[2019.11.27-04.35.55:913][  0]LogConfig: Setting CVar [[r.SkeletalMeshLODBias:0]]
[2019.11.27-04.35.55:913][  0]LogConfig: Setting CVar [[r.ViewDistanceScale:1.0]]
[2019.11.27-04.35.55:913][  0]LogConfig: Applying CVar settings from Section [AntiAliasingQuality@3] File [C:/Users/cheri/OneDrive/바탕 화면/game-master/game-master/Game/Saved/Config/Windows/Scalability.ini]
[2019.11.27-04.35.55:913][  0]LogConfig: Setting CVar [[r.PostProcessAAQuality:4]]
[2019.11.27-04.35.55:914][  0]LogConfig: Applying CVar settings from Section [ShadowQuality@3] File [C:/Users/cheri/OneDrive/바탕 화면/game-master/game-master/Game/Saved/Config/Windows/Scalability.ini]
[2019.11.27-04.35.55:914][  0]LogConfig: Setting CVar [[r.LightFunctionQuality:1]]
[2019.11.27-04.35.55:915][  0]LogConfig: Setting CVar [[r.ShadowQuality:5]]
[2019.11.27-04.35.55:915][  0]LogConfig: Setting CVar [[r.Shadow.CSM.MaxCascades:10]]
[2019.11.27-04.35.55:915][  0]LogConfig: Setting CVar [[r.Shadow.MaxResolution:2048]]
[2019.11.27-04.35.55:915][  0]LogConfig: Setting CVar [[r.Shadow.MaxCSMResolution:2048]]
[2019.11.27-04.35.55:915][  0]LogConfig: Setting CVar [[r.Shadow.RadiusThreshold:0.01]]
[2019.11.27-04.35.55:916][  0]LogConfig: Setting CVar [[r.Shadow.DistanceScale:1.0]]
[2019.11.27-04.35.55:916][  0]LogConfig: Setting CVar [[r.Shadow.CSM.TransitionScale:1.0]]
[2019.11.27-04.35.55:916][  0]LogConfig: Setting CVar [[r.Shadow.PreShadowResolutionFactor:1.0]]
[2019.11.27-04.35.55:916][  0]LogConfig: Setting CVar [[r.DistanceFieldShadowing:1]]
[2019.11.27-04.35.55:917][  0]LogConfig: Setting CVar [[r.DistanceFieldAO:1]]
[2019.11.27-04.35.55:917][  0]LogConfig: Setting CVar [[r.AOQuality:2]]
[2019.11.27-04.35.55:917][  0]LogConfig: Setting CVar [[r.VolumetricFog:1]]
[2019.11.27-04.35.55:918][  0]LogConfig: Setting CVar [[r.VolumetricFog.GridPixelSize:8]]
[2019.11.27-04.35.55:918][  0]LogConfig: Setting CVar [[r.VolumetricFog.GridSizeZ:128]]
[2019.11.27-04.35.55:919][  0]LogConfig: Setting CVar [[r.VolumetricFog.HistoryMissSupersampleCount:4]]
[2019.11.27-04.35.55:919][  0]LogConfig: Setting CVar [[r.LightMaxDrawDistanceScale:1]]
[2019.11.27-04.35.55:919][  0]LogConfig: Setting CVar [[r.CapsuleShadows:1]]
[2019.11.27-04.35.55:920][  0]LogConfig: Applying CVar settings from Section [PostProcessQuality@3] File [C:/Users/cheri/OneDrive/바탕 화면/game-master/game-master/Game/Saved/Config/Windows/Scalability.ini]
[2019.11.27-04.35.55:920][  0]LogConfig: Setting CVar [[r.MotionBlurQuality:4]]
[2019.11.27-04.35.55:920][  0]LogConfig: Setting CVar [[r.AmbientOcclusionMipLevelFactor:0.4]]
[2019.11.27-04.35.55:920][  0]LogConfig: Setting CVar [[r.AmbientOcclusionMaxQuality:100]]
[2019.11.27-04.35.55:921][  0]LogConfig: Setting CVar [[r.AmbientOcclusionLevels:-1]]
[2019.11.27-04.35.55:921][  0]LogConfig: Setting CVar [[r.AmbientOcclusionRadiusScale:1.0]]
[2019.11.27-04.35.55:921][  0]LogConfig: Setting CVar [[r.DepthOfFieldQuality:2]]
[2019.11.27-04.35.55:921][  0]LogConfig: Setting CVar [[r.RenderTargetPoolMin:400]]
[2019.11.27-04.35.55:922][  0]LogConfig: Setting CVar [[r.LensFlareQuality:2]]
[2019.11.27-04.35.55:922][  0]LogConfig: Setting CVar [[r.SceneColorFringeQuality:1]]
[2019.11.27-04.35.55:923][  0]LogConfig: Setting CVar [[r.EyeAdaptationQuality:2]]
[2019.11.27-04.35.55:923][  0]LogConfig: Setting CVar [[r.BloomQuality:5]]
[2019.11.27-04.35.55:923][  0]LogConfig: Setting CVar [[r.FastBlurThreshold:100]]
[2019.11.27-04.35.55:923][  0]LogConfig: Setting CVar [[r.Upscale.Quality:3]]
[2019.11.27-04.35.55:924][  0]LogConfig: Setting CVar [[r.Tonemapper.GrainQuantization:1]]
[2019.11.27-04.35.55:924][  0]LogConfig: Setting CVar [[r.LightShaftQuality:1]]
[2019.11.27-04.35.55:924][  0]LogConfig: Setting CVar [[r.Filter.SizeScale:1]]
[2019.11.27-04.35.55:924][  0]LogConfig: Setting CVar [[r.Tonemapper.Quality:5]]
[2019.11.27-04.35.55:924][  0]LogConfig: Setting CVar [[r.DOF.Gather.AccumulatorQuality:1        ; higher gathering accumulator quality]]
[2019.11.27-04.35.55:924][  0]LogConfig: Setting CVar [[r.DOF.Gather.PostfilterMethod:1          ; Median3x3 postfilering method]]
[2019.11.27-04.35.55:924][  0]LogConfig: Setting CVar [[r.DOF.Gather.EnableBokehSettings:0       ; no bokeh simulation when gathering]]
[2019.11.27-04.35.55:925][  0]LogConfig: Setting CVar [[r.DOF.Gather.RingCount:4                 ; medium number of samples when gathering]]
[2019.11.27-04.35.55:925][  0]LogConfig: Setting CVar [[r.DOF.Scatter.ForegroundCompositing:1    ; additive foreground scattering]]
[2019.11.27-04.35.55:925][  0]LogConfig: Setting CVar [[r.DOF.Scatter.BackgroundCompositing:2    ; additive background scattering]]
[2019.11.27-04.35.55:925][  0]LogConfig: Setting CVar [[r.DOF.Scatter.EnableBokehSettings:1      ; bokeh simulation when scattering]]
[2019.11.27-04.35.55:926][  0]LogConfig: Setting CVar [[r.DOF.Scatter.MaxSpriteRatio:0.1         ; only a maximum of 10% of scattered bokeh]]
[2019.11.27-04.35.55:926][  0]LogConfig: Setting CVar [[r.DOF.Recombine.Quality:1                ; cheap slight out of focus]]
[2019.11.27-04.35.55:926][  0]LogConfig: Setting CVar [[r.DOF.Recombine.EnableBokehSettings:0    ; no bokeh simulation on slight out of focus]]
[2019.11.27-04.35.55:926][  0]LogConfig: Setting CVar [[r.DOF.TemporalAAQuality:1                ; more stable temporal accumulation]]
[2019.11.27-04.35.55:926][  0]LogConfig: Setting CVar [[r.DOF.Kernel.MaxForegroundRadius:0.025]]
[2019.11.27-04.35.55:926][  0]LogConfig: Setting CVar [[r.DOF.Kernel.MaxBackgroundRadius:0.025]]
[2019.11.27-04.35.55:927][  0]LogConfig: Applying CVar settings from Section [TextureQuality@3] File [C:/Users/cheri/OneDrive/바탕 화면/game-master/game-master/Game/Saved/Config/Windows/Scalability.ini]
[2019.11.27-04.35.55:927][  0]LogConfig: Setting CVar [[r.Streaming.MipBias:0]]
[2019.11.27-04.35.55:927][  0]LogConfig: Setting CVar [[r.Streaming.AmortizeCPUToGPUCopy:0]]
[2019.11.27-04.35.55:927][  0]LogConfig: Setting CVar [[r.Streaming.MaxNumTexturesToStreamPerFrame:0]]
[2019.11.27-04.35.55:927][  0]LogConfig: Setting CVar [[r.Streaming.Boost:1]]
[2019.11.27-04.35.55:927][  0]LogConfig: Setting CVar [[r.MaxAnisotropy:8]]
[2019.11.27-04.35.55:927][  0]LogConfig: Setting CVar [[r.Streaming.LimitPoolSizeToVRAM:0]]
[2019.11.27-04.35.55:927][  0]LogConfig: Setting CVar [[r.Streaming.PoolSize:1000]]
[2019.11.27-04.35.55:928][  0]LogConfig: Setting CVar [[r.Streaming.MaxEffectiveScreenSize:0]]
[2019.11.27-04.35.55:928][  0]LogConfig: Applying CVar settings from Section [EffectsQuality@3] File [C:/Users/cheri/OneDrive/바탕 화면/game-master/game-master/Game/Saved/Config/Windows/Scalability.ini]
[2019.11.27-04.35.55:928][  0]LogConfig: Setting CVar [[r.TranslucencyLightingVolumeDim:64]]
[2019.11.27-04.35.55:928][  0]LogConfig: Setting CVar [[r.RefractionQuality:2]]
[2019.11.27-04.35.55:928][  0]LogConfig: Setting CVar [[r.SSR.Quality:3]]
[2019.11.27-04.35.55:928][  0]LogConfig: Setting CVar [[r.SceneColorFormat:4]]
[2019.11.27-04.35.55:928][  0]LogConfig: Setting CVar [[r.DetailMode:2]]
[2019.11.27-04.35.55:928][  0]LogConfig: Setting CVar [[r.TranslucencyVolumeBlur:1]]
[2019.11.27-04.35.55:929][  0]LogConfig: Setting CVar [[r.MaterialQualityLevel:1 ; High quality]]
[2019.11.27-04.35.55:929][  0]LogConfig: Setting CVar [[r.SSS.Scale:1]]
[2019.11.27-04.35.55:929][  0]LogConfig: Setting CVar [[r.SSS.SampleSet:2]]
[2019.11.27-04.35.55:929][  0]LogConfig: Setting CVar [[r.SSS.Quality:1]]
[2019.11.27-04.35.55:929][  0]LogConfig: Setting CVar [[r.SSS.HalfRes:1]]
[2019.11.27-04.35.55:929][  0]LogConfig: Setting CVar [[r.EmitterSpawnRateScale:1.0]]
[2019.11.27-04.35.55:929][  0]LogConfig: Setting CVar [[r.ParticleLightQuality:2]]
[2019.11.27-04.35.55:929][  0]LogConfig: Applying CVar settings from Section [FoliageQuality@3] File [C:/Users/cheri/OneDrive/바탕 화면/game-master/game-master/Game/Saved/Config/Windows/Scalability.ini]
[2019.11.27-04.35.55:930][  0]LogConfig: Setting CVar [[foliage.DensityScale:1.0]]
[2019.11.27-04.35.55:930][  0]LogConfig: Setting CVar [[grass.DensityScale:1.0]]
[2019.11.27-04.35.55:930][  0]LogConfig: Applying CVar settings from Section [Startup] File [../../../Engine/Config/ConsoleVariables.ini]
[2019.11.27-04.35.55:933][  0]LogConfig: Setting CVar [[net.UseAdaptiveNetUpdateFrequency:0]]
[2019.11.27-04.35.55:933][  0]LogConfig: Setting CVar [[p.chaos.AllowCreatePhysxBodies:1]]
[2019.11.27-04.35.55:933][  0]LogConfig: Applying CVar settings from Section [ConsoleVariables] File [C:/Users/cheri/OneDrive/바탕 화면/game-master/game-master/Game/Saved/Config/Windows/Engine.ini]
[2019.11.27-04.35.55:934][  0]LogInit: Computer: DESKTOP-6SK5OMU
[2019.11.27-04.35.55:934][  0]LogInit: User: cheri
[2019.11.27-04.35.55:934][  0]LogInit: CPU Page size=4096, Cores=4
[2019.11.27-04.35.55:935][  0]LogInit: High frequency timer resolution =10.000000 MHz
[2019.11.27-04.35.55:936][  0]LogMemory: Memory total: Physical=7.9GB (8GB approx)
[2019.11.27-04.35.55:936][  0]LogMemory: Platform Memory Stats for Windows
[2019.11.27-04.35.55:936][  0]LogMemory: Process Physical Memory: 100.86 MB used, 100.87 MB peak
[2019.11.27-04.35.55:936][  0]LogMemory: Process Virtual Memory: 100.03 MB used, 100.03 MB peak
[2019.11.27-04.35.55:936][  0]LogMemory: Physical Memory: 5616.23 MB used,  2475.92 MB free, 8092.15 MB total
[2019.11.27-04.35.55:936][  0]LogMemory: Virtual Memory: 4670.16 MB used,  134213056.00 MB free, 134217728.00 MB total
[2019.11.27-04.35.55:960][  0]LogWindows: WindowsPlatformFeatures enabled
[2019.11.27-04.35.56:349][  0]LogInit: Using OS detected language (ko-KR).
[2019.11.27-04.35.56:350][  0]LogInit: Using OS detected locale (ko-KR).
[2019.11.27-04.35.56:364][  0]LogTextLocalizationManager: No specific localization for 'ko-KR' exists, so the 'ko' localization will be used.
[2019.11.27-04.35.57:676][  0]LogInit: Setting process to per monitor DPI aware
[2019.11.27-04.35.58:208][  0]LogSlate: New Slate User Created.  User Index 0, Is Virtual User: 0
[2019.11.27-04.35.58:208][  0]LogSlate: Slate User Registered.  User Index 0, Is Virtual User: 0
[2019.11.27-04.36.00:714][  0]LogHMD: Failed to initialize OpenVR with code 110
[2019.11.27-04.36.00:715][  0]LogD3D11RHI: D3D11 adapters:
[2019.11.27-04.36.00:801][  0]LogD3D11RHI:    0. 'Intel(R) HD Graphics 4600' (Feature Level 11_0)
[2019.11.27-04.36.00:802][  0]LogD3D11RHI:       112/0/2048 MB DedicatedVideo/DedicatedSystem/SharedSystem, Outputs:1, VendorId:0x8086
[2019.11.27-04.36.00:837][  0]LogD3D11RHI:    1. 'Microsoft Basic Render Driver' (Feature Level 11_0)
[2019.11.27-04.36.00:837][  0]LogD3D11RHI:       0/0/4046 MB DedicatedVideo/DedicatedSystem/SharedSystem, Outputs:0, VendorId:0x1414
[2019.11.27-04.36.00:838][  0]LogD3D11RHI: Chosen D3D11 Adapter: 0
[2019.11.27-04.36.00:868][  0]LogD3D11RHI: Creating new Direct3DDevice
[2019.11.27-04.36.00:868][  0]LogD3D11RHI:     GPU DeviceId: 0x412 (for the marketing name, search the web for "GPU Device Id")
[2019.11.27-04.36.00:868][  0]LogWindows: EnumDisplayDevices:
[2019.11.27-04.36.00:868][  0]LogWindows:    0. 'Intel(R) HD Graphics 4600' (P:1 D:1)
[2019.11.27-04.36.00:870][  0]LogWindows:    1. 'Intel(R) HD Graphics 4600' (P:0 D:0)
[2019.11.27-04.36.00:870][  0]LogWindows:    2. 'Intel(R) HD Graphics 4600' (P:0 D:0)
[2019.11.27-04.36.00:871][  0]LogWindows: DebugString: FoundDriverCount:3 
[2019.11.27-04.36.00:871][  0]LogD3D11RHI:     Adapter Name: Intel(R) HD Graphics 4600
[2019.11.27-04.36.00:871][  0]LogD3D11RHI:   Driver Version: 20.19.15.4531 (internal:20.19.15.4531, unified:20.19.15.4531)
[2019.11.27-04.36.00:871][  0]LogD3D11RHI:      Driver Date: 9-29-2016
[2019.11.27-04.36.00:871][  0]LogRHI: Texture pool is 795 MB (70% of 1136 MB)
[2019.11.27-04.36.00:910][  0]LogD3D11RHI: Async texture creation enabled
[2019.11.27-04.36.01:001][  0]LogD3D11RHI: GPU Timing Frequency: 12.500000 (Debug: 2 0)
[2019.11.27-04.36.08:006][  0]LogTemp: Display: Module 'AllDesktopTargetPlatform' loaded TargetPlatform 'AllDesktop'
[2019.11.27-04.36.08:195][  0]LogTemp: Display: Module 'MacClientTargetPlatform' loaded TargetPlatform 'MacClient'
[2019.11.27-04.36.08:388][  0]LogTemp: Display: Module 'MacNoEditorTargetPlatform' loaded TargetPlatform 'MacNoEditor'
[2019.11.27-04.36.08:470][  0]LogTemp: Display: Module 'MacServerTargetPlatform' loaded TargetPlatform 'MacServer'
[2019.11.27-04.36.08:640][  0]LogTemp: Display: Module 'MacTargetPlatform' loaded TargetPlatform 'Mac'
[2019.11.27-04.36.08:745][  0]LogTemp: Display: Module 'WindowsClientTargetPlatform' loaded TargetPlatform 'WindowsClient'
[2019.11.27-04.36.08:858][  0]LogTemp: Display: Module 'WindowsNoEditorTargetPlatform' loaded TargetPlatform 'WindowsNoEditor'
[2019.11.27-04.36.09:001][  0]LogTemp: Display: Module 'WindowsServerTargetPlatform' loaded TargetPlatform 'WindowsServer'
[2019.11.27-04.36.09:082][  0]LogTemp: Display: Module 'WindowsTargetPlatform' loaded TargetPlatform 'Windows'
[2019.11.27-04.36.09:629][  0]LogTemp: Display: Module 'AndroidTargetPlatform' loaded TargetPlatform 'Android'
[2019.11.27-04.36.09:629][  0]LogTemp: Display: Module 'AndroidTargetPlatform' loaded TargetPlatform 'Android_ASTC'
[2019.11.27-04.36.09:630][  0]LogTemp: Display: Module 'AndroidTargetPlatform' loaded TargetPlatform 'Android_ATC'
[2019.11.27-04.36.09:630][  0]LogTemp: Display: Module 'AndroidTargetPlatform' loaded TargetPlatform 'Android_DXT'
[2019.11.27-04.36.09:630][  0]LogTemp: Display: Module 'AndroidTargetPlatform' loaded TargetPlatform 'Android_ETC1'
[2019.11.27-04.36.09:630][  0]LogTemp: Display: Module 'AndroidTargetPlatform' loaded TargetPlatform 'Android_ETC1a'
[2019.11.27-04.36.09:631][  0]LogTemp: Display: Module 'AndroidTargetPlatform' loaded TargetPlatform 'Android_ETC2'
[2019.11.27-04.36.09:631][  0]LogTemp: Display: Module 'AndroidTargetPlatform' loaded TargetPlatform 'Android_PVRTC'
[2019.11.27-04.36.09:632][  0]LogTemp: Display: Module 'AndroidTargetPlatform' loaded TargetPlatform 'AndroidClient'
[2019.11.27-04.36.09:632][  0]LogTemp: Display: Module 'AndroidTargetPlatform' loaded TargetPlatform 'Android_ASTCClient'
[2019.11.27-04.36.09:633][  0]LogTemp: Display: Module 'AndroidTargetPlatform' loaded TargetPlatform 'Android_ATCClient'
[2019.11.27-04.36.09:633][  0]LogTemp: Display: Module 'AndroidTargetPlatform' loaded TargetPlatform 'Android_DXTClient'
[2019.11.27-04.36.09:633][  0]LogTemp: Display: Module 'AndroidTargetPlatform' loaded TargetPlatform 'Android_ETC1Client'
[2019.11.27-04.36.09:633][  0]LogTemp: Display: Module 'AndroidTargetPlatform' loaded TargetPlatform 'Android_ETC1aClient'
[2019.11.27-04.36.09:633][  0]LogTemp: Display: Module 'AndroidTargetPlatform' loaded TargetPlatform 'Android_ETC2Client'
[2019.11.27-04.36.09:634][  0]LogTemp: Display: Module 'AndroidTargetPlatform' loaded TargetPlatform 'Android_PVRTCClient'
[2019.11.27-04.36.09:634][  0]LogTemp: Display: Module 'AndroidTargetPlatform' loaded TargetPlatform 'Android_Multi'
[2019.11.27-04.36.09:634][  0]LogTemp: Display: Module 'AndroidTargetPlatform' loaded TargetPlatform 'Android_MultiClient'
[2019.11.27-04.36.09:656][  0]LogTemp: Display: Module 'HTML5TargetPlatform' loaded TargetPlatform 'HTML5'
[2019.11.27-04.36.09:945][  0]LogTemp: Display: Module 'IOSTargetPlatform' loaded TargetPlatform 'IOSClient'
[2019.11.27-04.36.09:946][  0]LogTemp: Display: Module 'IOSTargetPlatform' loaded TargetPlatform 'IOS'
[2019.11.27-04.36.10:237][  0]LogTemp: Display: Module 'TVOSTargetPlatform' loaded TargetPlatform 'TVOSClient'
[2019.11.27-04.36.10:238][  0]LogTemp: Display: Module 'TVOSTargetPlatform' loaded TargetPlatform 'TVOS'
[2019.11.27-04.36.10:340][  0]LogTemp: Display: Module 'LinuxClientTargetPlatform' loaded TargetPlatform 'LinuxClient'
[2019.11.27-04.36.10:407][  0]LogTemp: Display: Module 'LinuxNoEditorTargetPlatform' loaded TargetPlatform 'LinuxNoEditor'
[2019.11.27-04.36.10:456][  0]LogTemp: Display: Module 'LinuxServerTargetPlatform' loaded TargetPlatform 'LinuxServer'
[2019.11.27-04.36.10:610][  0]LogTemp: Display: Module 'LinuxTargetPlatform' loaded TargetPlatform 'Linux'
[2019.11.27-04.36.11:014][  0]LogTemp: Display: Module 'LuminTargetPlatform' loaded TargetPlatform 'Lumin'
[2019.11.27-04.36.11:016][  0]LogTemp: Display: Module 'LuminTargetPlatform' loaded TargetPlatform 'LuminClient'
[2019.11.27-04.36.11:017][  0]LogTargetPlatformManager: Display: Building Assets For Windows
[2019.11.27-04.36.11:213][  0]LogAudioDebug: Display: Lib vorbis DLL was dynamically loaded.
[2019.11.27-04.36.12:154][  0]LogShaderCompilers: Guid format shader working directory is -27 characters bigger than the processId version (../../../../../../Users/cheri/OneDrive/바탕 화면/game-master/game-master/Game/Intermediate/Shaders/WorkingDirectory/9556/).
[2019.11.27-04.36.12:155][  0]LogShaderCompilers: Cleaned the shader compiler working directory 'C:/Users/cheri/AppData/Local/Temp/UnrealShaderWorkingDir/6D4AFE4C4FA90644303B5EBE91F416CA/'.
[2019.11.27-04.36.12:197][  0]LogXGEController: Cannot use XGE Controller as Incredibuild is not installed on this machine.
[2019.11.27-04.36.12:198][  0]LogShaderCompilers: Cannot use XGE Shader Compiler as Incredibuild is not installed on this machine.
[2019.11.27-04.36.12:198][  0]LogShaderCompilers: Display: Using Local Shader Compiler.
[2019.11.27-04.36.21:403][  0]LogDerivedDataCache: Display: Max Cache Size: 512 MB
[2019.11.27-04.36.22:204][  0]LogDerivedDataCache: Loaded boot cache 0.80s 73MB C:/Users/cheri/AppData/Local/UnrealEngine/4.23/DerivedDataCache/Boot.ddc.
[2019.11.27-04.36.22:205][  0]LogDerivedDataCache: Display: Loaded Boot cache: C:/Users/cheri/AppData/Local/UnrealEngine/4.23/DerivedDataCache/Boot.ddc
[2019.11.27-04.36.22:206][  0]LogDerivedDataCache: FDerivedDataBackendGraph:  Pak pak cache file ../../../../../../Users/cheri/OneDrive/바탕 화면/game-master/game-master/Game/DerivedDataCache/DDC.ddp not found, will not use a pak cache.
[2019.11.27-04.36.22:206][  0]LogDerivedDataCache: Unable to find inner node Pak for hierarchical cache Hierarchy.
[2019.11.27-04.36.22:207][  0]LogDerivedDataCache: FDerivedDataBackendGraph:  CompressedPak pak cache file ../../../../../../Users/cheri/OneDrive/바탕 화면/game-master/game-master/Game/DerivedDataCache/Compressed.ddp not found, will not use a pak cache.
[2019.11.27-04.36.22:207][  0]LogDerivedDataCache: Unable to find inner node CompressedPak for hierarchical cache Hierarchy.
[2019.11.27-04.36.22:394][  0]LogDerivedDataCache: Display: Pak cache opened for reading ../../../Engine/DerivedDataCache/Compressed.ddp.
[2019.11.27-04.36.22:395][  0]LogDerivedDataCache: FDerivedDataBackendGraph:  EnterprisePak pak cache file ../../../Enterprise/DerivedDataCache/Compressed.ddp not found, will not use a pak cache.
[2019.11.27-04.36.22:395][  0]LogDerivedDataCache: Unable to find inner node EnterprisePak for hierarchical cache Hierarchy.
[2019.11.27-04.36.22:423][  0]LogDerivedDataCache: Using Local data cache path C:/Users/cheri/AppData/Local/UnrealEngine/Common/DerivedDataCache: Writable
[2019.11.27-04.36.22:424][  0]LogDerivedDataCache: Shared data cache path not found in *engine.ini, will not use an Shared cache.
[2019.11.27-04.36.22:424][  0]LogDerivedDataCache: Unable to find inner node Shared for hierarchical cache Hierarchy.
[2019.11.27-04.36.22:672][  0]LogMaterial: Verifying Global Shaders for PCD3D_SM5
[2019.11.27-04.36.22:694][  0]LogSlate: Using FreeType 2.6.0
[2019.11.27-04.36.22:702][  0]LogSlate: SlateFontServices - WITH_FREETYPE: 1, WITH_HARFBUZZ: 1
[2019.11.27-04.36.23:295][  0]LogAssetRegistry: FAssetRegistry took 0.0084 seconds to start up
[2019.11.27-04.36.26:506][  0]LogInit: Selected Device Profile: [Windows]
[2019.11.27-04.36.28:405][  0]LogMeshReduction: Using QuadricMeshReduction for automatic static mesh reduction
[2019.11.27-04.36.28:406][  0]LogMeshReduction: Using SimplygonMeshReduction for automatic skeletal mesh reduction
[2019.11.27-04.36.28:406][  0]LogMeshReduction: Using ProxyLODMeshReduction for automatic mesh merging
[2019.11.27-04.36.28:406][  0]LogMeshReduction: No distributed automatic mesh merging module available
[2019.11.27-04.36.28:406][  0]LogMeshMerging: No distributed automatic mesh merging module available
[2019.11.27-04.36.28:476][  0]LogNetVersion: Game 1.0.0, NetCL: 8386587, EngineNetVer: 11, GameNetVer: 0 (Checksum: 932843807)
[2019.11.27-04.36.33:833][  0]LogPackageLocalizationCache: Processed 12 localized package path(s) for 1 prioritized culture(s) in 0.479622 seconds
[2019.11.27-04.36.33:863][  0]LogUObjectArray: 43444 objects as part of root set at end of initial load.
[2019.11.27-04.36.33:863][  0]LogUObjectAllocator: 7548648 out of 0 bytes used by permanent object pool.
[2019.11.27-04.36.33:863][  0]LogUObjectArray: CloseDisregardForGC: 0/0 objects in disregard for GC pool
[2019.11.27-04.36.43:368][  0]LogTcpMessaging: Initializing TcpMessaging bridge
[2019.11.27-04.36.43:376][  0]LogUdpMessaging: Initializing bridge on interface 0.0.0.0:0 to multicast group 230.0.0.1:6666.
[2019.11.27-04.36.43:584][  0]SourceControl: 소스 컨트롤이 꺼졌습니다.
[2019.11.27-04.36.43:584][  0]SourceControl: 소스 컨트롤이 꺼졌습니다.
[2019.11.27-04.36.43:611][  0]SourceControl: 소스 컨트롤이 꺼졌습니다.
[2019.11.27-04.36.43:630][  0]SourceControl: 소스 컨트롤이 꺼졌습니다.
[2019.11.27-04.36.44:192][  0]LogAndroidPermission: UAndroidPermissionCallbackProxy::GetInstance
[2019.11.27-04.36.44:653][  0]LogOcInput: OculusInput pre-init called
[2019.11.27-04.36.44:775][  0]LogWindows: Failed to load 'OVRPlugin.dll' (GetLastError=126)
[2019.11.27-04.36.44:776][  0]LogWindows: File 'OVRPlugin.dll' does not exist
[2019.11.27-04.36.45:400][  0]LogEngine: Initializing Engine...
[2019.11.27-04.36.45:407][  0]LogHMD: Failed to initialize OpenVR with code 110
[2019.11.27-04.36.45:415][  0]LogStats: UGameplayTagsManager::InitializeManager -  0.001 s
[2019.11.27-04.36.48:003][  0]LogInit: Initializing FReadOnlyCVARCache
[2019.11.27-04.36.48:111][  0]LogAIModule: Creating AISystem for world Untitled
[2019.11.27-04.36.48:143][  0]LogInit: No audio devices found!
[2019.11.27-04.36.48:146][  0]LogNetVersion: Set ProjectVersion to 1.0.0.0. Version Checksum will be recalculated on next use.
[2019.11.27-04.36.48:582][  0]LogDerivedDataCache: Saved boot cache 0.44s 73MB C:/Users/cheri/AppData/Local/UnrealEngine/4.23/DerivedDataCache/Boot.ddc.
[2019.11.27-04.36.48:633][  0]LogInit: Texture streaming: Enabled
[2019.11.27-04.36.48:832][  0]LogEngineSessionManager: EngineSessionManager initialized
[2019.11.27-04.36.48:833][  0]LogEditorSessionSummary: Verbose: Initializing EditorSessionSummaryWriter for editor session tracking
[2019.11.27-04.36.48:838][  0]LogEditorSessionSummary: EditorSessionSummaryWriter initialized
[2019.11.27-04.36.49:659][  0]LogInit: Transaction tracking system initialized
[2019.11.27-04.36.50:137][  0]BlueprintLog: New page: 에디터 로드
[2019.11.27-04.36.51:270][  0]LocalizationService: 현지화 서비스가 비활성화되었습니다.
[2019.11.27-04.36.52:920][  0]LogFileCache: Scanning file cache for directory 'C:/Users/cheri/OneDrive/바탕 화면/game-master/game-master/Game/Content/' took 0.08s
[2019.11.27-04.36.52:921][  0]LogCook: Display: Max memory allowance for cook 16384mb min free memory 0mb
[2019.11.27-04.36.52:922][  0]LogCook: Display: Mobile HDR setting 1
[2019.11.27-04.36.54:083][  0]SourceControl: 소스 컨트롤이 꺼졌습니다.
[2019.11.27-04.36.54:305][  0]LogSlate: Took 0.017329 seconds to synchronously load lazily loaded font '../../../Engine/Content/Editor/Slate/Fonts/NanumGothic.ttf' (4243K)
[2019.11.27-04.36.54:306][  0]LogSlate: Took 0.000835 seconds to synchronously load lazily loaded font '../../../Engine/Content/Slate/Fonts/Roboto-Regular.ttf' (155K)
[2019.11.27-04.39.27:179][  0]LogSlate: Window '패키지 복원' being destroyed
[2019.11.27-04.39.27:185][  0]LogWindowsTextInputMethodSystem: Display: IME system now activated using TSF (Microsoft 입력기).
[2019.11.27-04.39.27:235][  0]LogWindowsTextInputMethodSystem: Display: IME system now activated using TSF (Microsoft 입력기).
[2019.11.27-04.39.28:829][  0]LogSlate: Window '소스 컨트롤에서 체크아웃할 수 없습니다!' being destroyed
[2019.11.27-04.39.28:838][  0]LogWindowsTextInputMethodSystem: Display: IME system now activated using TSF (Microsoft 입력기).
[2019.11.27-04.39.29:041][  0]LogWindowsTextInputMethodSystem: Display: IME system now activated using TSF (Microsoft 입력기).
[2019.11.27-04.39.29:043][  0]Cmd: MAP LOAD FILE="../../../../../../Users/cheri/OneDrive/바탕 화면/game-master/game-master/Game/Content/FirstPersonBP/Maps/FirstPersonExampleMap.umap" TEMPLATE=0 SHOWPROGRESS=1 FEATURELEVEL=3
[2019.11.27-04.39.29:045][  0]LightingResults: New page: 라이팅 빌드
[2019.11.27-04.39.29:058][  0]LogWorld: UWorld::CleanupWorld for Untitled, bSessionEnded=true, bCleanupResources=true
[2019.11.27-04.39.29:058][  0]MapCheck: New page: 맵 체크
[2019.11.27-04.39.29:059][  0]LightingResults: New page: 라이팅 빌드
[2019.11.27-04.39.29:216][  0]LogUObjectHash: Compacting FUObjectHashTables data took  17.09ms
[2019.11.27-04.39.38:774][  0]LogAIModule: Creating AISystem for world FirstPersonExampleMap
[2019.11.27-04.39.38:892][  0]LogEditorServer: Finished looking for orphan Actors (0.000 secs)
[2019.11.27-04.39.40:243][  0]LogUObjectHash: Compacting FUObjectHashTables data took  16.79ms
[2019.11.27-04.39.40:244][  0]Cmd: MAP CHECKDEP NOCLEARLOG
[2019.11.27-04.39.40:246][  0]MapCheck: 맵 체크 완료: 오류 0 회, 경고 0 회, 소요 시간 1.39ms.
[2019.11.27-04.39.40:246][  0]LogFileHelpers: Loading map 'FirstPersonExampleMap' took 11.203
[2019.11.27-04.39.40:722][  0]LogSlate: Updating window title bar state: overlay mode, drag disabled, window buttons hidden, title bar hidden
[2019.11.27-04.39.40:831][  0]LogSlate: Updating window title bar state: overlay mode, drag disabled, window buttons hidden, title bar hidden
[2019.11.27-04.39.40:878][  0]LogSlate: Updating window title bar state: overlay mode, drag disabled, window buttons hidden, title bar hidden
[2019.11.27-04.39.40:960][  0]LogSlate: Updating window title bar state: overlay mode, drag disabled, window buttons hidden, title bar hidden
[2019.11.27-04.39.41:050][  0]LogCollectionManager: Loaded 0 collections in 0.017959 seconds
[2019.11.27-04.39.41:107][  0]LogFileCache: Scanning file cache for directory 'C:/Users/cheri/OneDrive/바탕 화면/game-master/game-master/Game/Saved/Collections/' took 0.00s
[2019.11.27-04.39.41:107][  0]LogFileCache: Scanning file cache for directory 'C:/Users/cheri/OneDrive/바탕 화면/game-master/game-master/Game/Content/Developers/cheri/Collections/' took 0.00s
[2019.11.27-04.39.41:107][  0]LogFileCache: Scanning file cache for directory 'C:/Users/cheri/OneDrive/바탕 화면/game-master/game-master/Game/Content/Collections/' took 0.00s
[2019.11.27-04.39.41:107][  0]LogCollectionManager: Rebuilt the GUID cache for 0 collections in 0.000004 seconds
[2019.11.27-04.39.41:134][  0]LogContentBrowser: Native class hierarchy populated in 0.0243 seconds. Added 2863 classes and 680 folders.
[2019.11.27-04.39.41:176][  0]LogContentBrowser: Native class hierarchy updated for 'WidgetCarousel' in 0.0006 seconds. Added 0 classes and 0 folders.
[2019.11.27-04.39.42:701][  0]LogContentBrowser: Native class hierarchy updated for 'AddContentDialog' in 0.0025 seconds. Added 0 classes and 0 folders.
[2019.11.27-04.39.42:860][  0]LogContentBrowser: Native class hierarchy updated for 'SceneOutliner' in 0.0011 seconds. Added 1 classes and 2 folders.
[2019.11.27-04.39.43:000][  0]LogSlate: Took 0.006539 seconds to synchronously load lazily loaded font '../../../Engine/Content/Editor/Slate/Fonts/NanumGothicBold.ttf' (4188K)
[2019.11.27-04.39.43:001][  0]LogSlate: Took 0.000439 seconds to synchronously load lazily loaded font '../../../Engine/Content/Slate/Fonts/Roboto-Bold.ttf' (160K)
[2019.11.27-04.39.43:033][  0]LogSlate: Took 0.017477 seconds to synchronously load lazily loaded font '../../../Engine/Content/Editor/Slate/Fonts/FontAwesome.ttf' (139K)
[2019.11.27-04.39.44:087][  0]LogRenderer: Reallocating scene render targets to support 256x256 Format 10 NumSamples 1 (Frame:1).
[2019.11.27-04.39.44:883][  0]LogRenderer: Reallocating scene render targets to support 1284x572 Format 10 NumSamples 1 (Frame:1).
[2019.11.27-04.39.47:016][  0]LogContentBrowser: Native class hierarchy updated for 'HierarchicalLODOutliner' in 0.0006 seconds. Added 0 classes and 0 folders.
[2019.11.27-04.39.47:016][  0]LogLoad: (Engine Initialization) Total time: 248.84 seconds
[2019.11.27-04.39.47:016][  0]LogLoad: (Engine Initialization) Total Blueprint compile time: 0.00 seconds
[2019.11.27-04.39.47:049][  0]LogSlate: FSceneViewport::OnFocusLost() reason 0
[2019.11.27-04.39.47:131][  0]LogContentStreaming: Texture pool size now 1000 MB
[2019.11.27-04.39.47:250][  0]LogSlate: Took 0.015100 seconds to synchronously load lazily loaded font '../../../Engine/Content/Slate/Fonts/Roboto-Light.ttf' (167K)
[2019.11.27-04.39.47:272][  1]LogCollectionManager: Rebuilt the object cache for 0 collections in 0.000012 seconds (found 0 objects)
[2019.11.27-04.39.57:735][ 14]LogTemp: Repeating last play command: 선택된 뷰포트
[2019.11.27-04.39.58:250][ 14]LogBlueprintUserMessages: Early PlayInEditor Detection: Level '/Game/FirstPersonBP/Maps/FirstPersonExampleMap.FirstPersonExampleMap:PersistentLevel' has LevelScriptBlueprint '/Game/FirstPersonBP/Maps/FirstPersonExampleMap.FirstPersonExampleMap:PersistentLevel.FirstPersonExampleMap' with GeneratedClass '/Game/FirstPersonBP/Maps/FirstPersonExampleMap.FirstPersonExampleMap_C' with ClassGeneratedBy '/Game/FirstPersonBP/Maps/FirstPersonExampleMap.FirstPersonExampleMap:PersistentLevel.FirstPersonExampleMap'
[2019.11.27-04.39.58:252][ 14]LogPlayLevel: PlayLevel: No blueprints needed recompiling
[2019.11.27-04.39.58:269][ 14]PIE: New page: PIE 세션: FirstPersonExampleMap (2019. 11. 27. 오후 10:39:58)
[2019.11.27-04.39.58:275][ 14]LogOnline: OSS: Creating online subsystem instance for: NULL
[2019.11.27-04.39.58:286][ 14]LogPlayLevel: Creating play world package: /Game/FirstPersonBP/Maps/UEDPIE_0_FirstPersonExampleMap
[2019.11.27-04.39.58:420][ 14]LogPlayLevel: PIE: StaticDuplicateObject took: (0.132774s)
[2019.11.27-04.39.58:426][ 14]LogAIModule: Creating AISystem for world FirstPersonExampleMap
[2019.11.27-04.39.58:427][ 14]LogPlayLevel: PIE: World Init took: (0.006653s)
[2019.11.27-04.39.58:427][ 14]LogPlayLevel: PIE: Created PIE world by copying editor world from /Game/FirstPersonBP/Maps/FirstPersonExampleMap.FirstPersonExampleMap to /Game/FirstPersonBP/Maps/UEDPIE_0_FirstPersonExampleMap.FirstPersonExampleMap (0.141141s)
[2019.11.27-04.39.59:202][ 14]LogUObjectHash: Compacting FUObjectHashTables data took  21.96ms
[2019.11.27-04.39.59:293][ 14]LogLoad: Game class is 'FirstPersonGameMode_C'
[2019.11.27-04.39.59:346][ 14]LogWorld: Bringing World /Game/FirstPersonBP/Maps/UEDPIE_0_FirstPersonExampleMap.FirstPersonExampleMap up for play (max tick rate 0) at 2019.11.27-13.39.59
[2019.11.27-04.39.59:407][ 14]LogWorld: Bringing up level for play took: 0.084034
[2019.11.27-04.39.59:410][ 14]LogOnline: OSS: Creating online subsystem instance for: :Context_2
[2019.11.27-04.39.59:536][ 14]LogContentBrowser: Native class hierarchy updated for 'MovieSceneCapture' in 0.0030 seconds. Added 20 classes and 0 folders.
[2019.11.27-04.39.59:621][ 14]PIE: /Game/FirstPersonBP/Maps/UEDPIE_0_FirstPersonExampleMap 에 대한 에디터에서 플레이 시작 시간: 0.599
[2019.11.27-04.39.59:622][ 14]LogBlueprintUserMessages: Late PlayInEditor Detection: Level '/Game/FirstPersonBP/Maps/FirstPersonExampleMap.FirstPersonExampleMap:PersistentLevel' has LevelScriptBlueprint '/Game/FirstPersonBP/Maps/FirstPersonExampleMap.FirstPersonExampleMap:PersistentLevel.FirstPersonExampleMap' with GeneratedClass '/Game/FirstPersonBP/Maps/FirstPersonExampleMap.FirstPersonExampleMap_C' with ClassGeneratedBy '/Game/FirstPersonBP/Maps/FirstPersonExampleMap.FirstPersonExampleMap:PersistentLevel.FirstPersonExampleMap'
[2019.11.27-04.40.01:517][ 17]LogAssetRegistry: Asset discovery search completed in 218.2256 seconds
[2019.11.27-04.40.01:533][ 17]LogCollectionManager: Fixed up redirectors for 0 collections in 0.000028 seconds (updated 0 objects)
[2019.11.27-04.40.01:535][ 17]LogCharacterMovement: Warning: GetSimulationTimeStep() - Max iterations 8 hit while remaining time 0.063001 > MaxSimulationTimeStep (0.050) for 'FirstPersonCharacter_C_1', movement 'Walking'
[2019.11.27-04.40.28:364][ 93]LogBlueprintUserMessages: [SimpleAI3_8] Die
[2019.11.27-04.40.28:890][ 95]LogSpawn: Warning: SpawnActor failed because of collision at the spawn location [X=-234.206 Y=-23.538 Z=195.912] for [FirstPersonProjectile_C]
[2019.11.27-04.40.29:216][ 96]LogSpawn: Warning: SpawnActor failed because of collision at the spawn location [X=-254.994 Y=-46.388 Z=202.866] for [FirstPersonProjectile_C]
[2019.11.27-04.40.29:222][ 96]LogSpawn: Warning: SpawnActor failed because of collision at the spawn location [X=-254.994 Y=-46.388 Z=202.866] for [FirstPersonProjectile_C]
[2019.11.27-04.40.31:975][101]LogSpawn: Warning: SpawnActor failed because of collision at the spawn location [X=-260.087 Y=-70.420 Z=202.472] for [FirstPersonProjectile_C]
[2019.11.27-04.40.31:978][101]LogSpawn: Warning: SpawnActor failed because of collision at the spawn location [X=-260.087 Y=-70.420 Z=202.472] for [FirstPersonProjectile_C]
[2019.11.27-04.40.31:980][101]LogSpawn: Warning: SpawnActor failed because of collision at the spawn location [X=-260.087 Y=-70.420 Z=202.472] for [FirstPersonProjectile_C]
[2019.11.27-04.40.31:982][101]LogSpawn: Warning: SpawnActor failed because of collision at the spawn location [X=-260.087 Y=-70.420 Z=202.472] for [FirstPersonProjectile_C]
[2019.11.27-04.40.32:542][103]LogBlueprintUserMessages: [SimpleAI2_5] Die
[2019.11.27-04.40.37:693][120]LogSpawn: Warning: SpawnActor failed because of collision at the spawn location [X=-263.950 Y=-90.680 Z=209.287] for [FirstPersonProjectile_C]
[2019.11.27-04.40.38:868][123]LogSpawn: Warning: SpawnActor failed because of collision at the spawn location [X=-243.542 Y=-79.536 Z=207.274] for [FirstPersonProjectile_C]
[2019.11.27-04.40.38:873][123]LogSpawn: Warning: SpawnActor failed because of collision at the spawn location [X=-243.542 Y=-79.536 Z=207.274] for [FirstPersonProjectile_C]
[2019.11.27-04.40.43:143][133]LogSlate: Took 0.000729 seconds to synchronously load lazily loaded font '../../../Engine/Content/Slate/Fonts/Roboto-Light.ttf' (167K)
[2019.11.27-04.40.54:768][155]LogBlueprintUserMessages: Early EndPlayMap Detection: Level '/Game/FirstPersonBP/Maps/FirstPersonExampleMap.FirstPersonExampleMap:PersistentLevel' has LevelScriptBlueprint '/Game/FirstPersonBP/Maps/FirstPersonExampleMap.FirstPersonExampleMap:PersistentLevel.FirstPersonExampleMap' with GeneratedClass '/Game/FirstPersonBP/Maps/FirstPersonExampleMap.FirstPersonExampleMap_C' with ClassGeneratedBy '/Game/FirstPersonBP/Maps/FirstPersonExampleMap.FirstPersonExampleMap:PersistentLevel.FirstPersonExampleMap'
[2019.11.27-04.40.54:771][155]LogSlate: Updating window title bar state: overlay mode, drag disabled, window buttons hidden, title bar hidden
[2019.11.27-04.40.54:772][155]LogWorld: BeginTearingDown for /Game/FirstPersonBP/Maps/UEDPIE_0_FirstPersonExampleMap
[2019.11.27-04.40.54:774][155]LogWorld: UWorld::CleanupWorld for FirstPersonExampleMap, bSessionEnded=true, bCleanupResources=true
[2019.11.27-04.40.56:277][155]LogPlayLevel: Display: Shutting down PIE online subsystems
[2019.11.27-04.40.56:279][155]LogBlueprintUserMessages: Late EndPlayMap Detection: Level '/Game/FirstPersonBP/Maps/FirstPersonExampleMap.FirstPersonExampleMap:PersistentLevel' has LevelScriptBlueprint '/Game/FirstPersonBP/Maps/FirstPersonExampleMap.FirstPersonExampleMap:PersistentLevel.FirstPersonExampleMap' with GeneratedClass '/Game/FirstPersonBP/Maps/FirstPersonExampleMap.FirstPersonExampleMap_C' with ClassGeneratedBy '/Game/FirstPersonBP/Maps/FirstPersonExampleMap.FirstPersonExampleMap:PersistentLevel.FirstPersonExampleMap'
[2019.11.27-04.40.56:415][155]LogSlate: Updating window title bar state: overlay mode, drag disabled, window buttons hidden, title bar hidden
[2019.11.27-04.40.56:433][155]LogUObjectHash: Compacting FUObjectHashTables data took   7.00ms
[2019.11.27-04.40.56:562][156]LogPlayLevel: Display: Destroying online subsystem :Context_2
[2019.11.27-04.41.04:400][179]LogSlate: FSceneViewport::OnFocusLost() reason 0
[2019.11.27-04.43.32:077][497]LogD3D11RHI: Timed out while waiting for GPU to catch up. (0.5 s) (ErrorCode 00000001)
[2019.11.27-04.43.32:591][498]LogD3D11RHI: Timed out while waiting for GPU to catch up. (0.5 s) (ErrorCode 00000001)
[2019.11.27-04.46.02:769][860]LogEditorSessionSummary: EditorSessionSummary sent report. Type=Shutdown, SessionId={25C12D7B-47CC-7B09-36D5-A4B30C2F830A}
[2019.11.27-04.50.03:520][509]LogEditorSessionSummary: EditorSessionSummary sent report. Type=Shutdown, SessionId={9C6DDEFD-4602-680E-7B62-F0AE64046BE0}
[2019.11.27-04.53.04:153][952]LogEditorSessionSummary: EditorSessionSummary sent report. Type=Shutdown, SessionId={203C0DFA-4C7D-119F-3981-66A18FD37E3D}
[2019.11.27-05.28.21:062][109]LogUObjectHash: Compacting FUObjectHashTables data took  93.40ms
[2019.11.27-05.28.22:586][109]LogSlate: Window 'Game - 언리얼 에디터' being destroyed
[2019.11.27-05.28.22:599][109]LogWindowsTextInputMethodSystem: Display: IME system now activated using TSF (Microsoft 입력기).
[2019.11.27-05.28.24:715][110]Cmd: QUIT_EDITOR
[2019.11.27-05.28.32:891][110]LogExit: Preparing to exit.
[2019.11.27-05.28.38:606][110]LogWorld: UWorld::CleanupWorld for World_0, bSessionEnded=true, bCleanupResources=true
[2019.11.27-05.28.39:035][110]LogDemo: Cleaned up 0 splitscreen connections with owner deletion
[2019.11.27-05.28.39:229][110]LogWorld: UWorld::CleanupWorld for None, bSessionEnded=true, bCleanupResources=true
[2019.11.27-05.28.39:236][110]LogExit: Editor shut down
[2019.11.27-05.28.39:248][110]LogExit: Transaction tracking system shut down
[2019.11.27-05.28.49:115][110]LogExit: Object subsystem successfully closed.
[2019.11.27-05.28.49:164][110]LogShaderCompilers: Display: Shaders left to compile 0
[2019.11.27-05.28.49:557][110]LogModuleManager: Shutting down and abandoning module MovieSceneCapture (672)
[2019.11.27-05.28.49:613][110]LogModuleManager: Shutting down and abandoning module Voice (670)
[2019.11.27-05.28.49:648][110]LogModuleManager: Shutting down and abandoning module HierarchicalLODOutliner (668)
[2019.11.27-05.28.49:649][110]LogModuleManager: Shutting down and abandoning module SceneOutliner (666)
[2019.11.27-05.28.49:814][110]LogModuleManager: Shutting down and abandoning module AddContentDialog (664)
[2019.11.27-05.28.49:914][110]LogModuleManager: Shutting down and abandoning module WidgetCarousel (663)
[2019.11.27-05.28.49:914][110]LogModuleManager: Shutting down and abandoning module EditorWidgets (660)
[2019.11.27-05.28.49:914][110]LogModuleManager: Shutting down and abandoning module CollectionManager (658)
[2019.11.27-05.28.49:917][110]LogModuleManager: Shutting down and abandoning module StatsViewer (656)
[2019.11.27-05.28.49:918][110]LogModuleManager: Shutting down and abandoning module VirtualTexturingEditor (654)
[2019.11.27-05.28.49:918][110]LogModuleManager: Shutting down and abandoning module FoliageEdit (652)
[2019.11.27-05.28.49:920][110]LogModuleManager: Shutting down and abandoning module LandscapeEditor (650)
[2019.11.27-05.28.49:925][110]LogModuleManager: Shutting down and abandoning module MeshPaintMode (648)
[2019.11.27-05.28.49:925][110]LogModuleManager: Shutting down and abandoning module SceneDepthPickerMode (646)
[2019.11.27-05.28.49:926][110]LogModuleManager: Shutting down and abandoning module ActorPickerMode (644)
[2019.11.27-05.28.49:926][110]LogModuleManager: Shutting down and abandoning module GeometryMode (642)
[2019.11.27-05.28.49:926][110]LogModuleManager: Shutting down and abandoning module TextureAlignMode (640)
[2019.11.27-05.28.49:926][110]LogModuleManager: Shutting down and abandoning module BspMode (638)
[2019.11.27-05.28.49:927][110]LogModuleManager: Shutting down and abandoning module PIEPreviewDeviceProfileSelector (636)
[2019.11.27-05.28.49:929][110]LogModuleManager: Shutting down and abandoning module SequenceRecorderSections (634)
[2019.11.27-05.28.49:930][110]LogModuleManager: Shutting down and abandoning module AutomationWorker (632)
[2019.11.27-05.28.49:930][110]LogModuleManager: Shutting down and abandoning module OculusMR (630)
[2019.11.27-05.28.49:930][110]LogModuleManager: Shutting down and abandoning module AudioCaptureEditor (628)
[2019.11.27-05.28.49:949][110]LogModuleManager: Shutting down and abandoning module MatineeToLevelSequence (626)
[2019.11.27-05.28.49:959][110]LogModuleManager: Shutting down and abandoning module LevelSequenceEditor (624)
[2019.11.27-05.28.49:966][110]LogModuleManager: Shutting down and abandoning module PlacementMode (623)
[2019.11.27-05.28.49:969][110]LogModuleManager: Shutting down and abandoning module MaterialEditor (622)
[2019.11.27-05.28.49:982][110]LogModuleManager: Shutting down and abandoning module ActorSequenceEditor (618)
[2019.11.27-05.28.49:997][110]LogModuleManager: Shutting down and abandoning module WmfMediaFactory (616)
[2019.11.27-05.28.49:998][110]LogModuleManager: Shutting down and abandoning module WmfMediaEditor (614)
[2019.11.27-05.28.49:998][110]LogModuleManager: Shutting down and abandoning module WebMMediaFactory (612)
[2019.11.27-05.28.49:998][110]LogModuleManager: Shutting down and abandoning module WebMMediaEditor (610)
[2019.11.27-05.28.49:998][110]LogModuleManager: Shutting down and abandoning module WebMMedia (608)
[2019.11.27-05.28.50:010][110]LogModuleManager: Shutting down and abandoning module MediaPlayerEditor (606)
[2019.11.27-05.28.50:018][110]LogModuleManager: Shutting down and abandoning module MediaCompositingEditor (604)
[2019.11.27-05.28.50:059][110]LogModuleManager: Shutting down and abandoning module SequenceRecorder (603)
[2019.11.27-05.28.50:059][110]LogModuleManager: Shutting down and abandoning module OpenExrWrapper (600)
[2019.11.27-05.28.50:059][110]LogModuleManager: Shutting down and abandoning module ImgMediaFactory (598)
[2019.11.27-05.28.50:060][110]LogModuleManager: Shutting down and abandoning module ImgMediaEditor (596)
[2019.11.27-05.28.50:060][110]LogModuleManager: Shutting down and abandoning module AvfMediaFactory (594)
[2019.11.27-05.28.50:060][110]LogModuleManager: Shutting down and abandoning module AvfMediaEditor (592)
[2019.11.27-05.28.50:060][110]LogModuleManager: Shutting down and abandoning module AndroidMediaFactory (590)
[2019.11.27-05.28.50:060][110]LogModuleManager: Shutting down and abandoning module AndroidMediaEditor (588)
[2019.11.27-05.28.50:060][110]LogModuleManager: Shutting down and abandoning module MagicLeapCameraPreviewFactory (586)
[2019.11.27-05.28.50:060][110]LogModuleManager: Shutting down and abandoning module MagicLeapMediaCodecFactory (584)
[2019.11.27-05.28.50:060][110]LogModuleManager: Shutting down and abandoning module MagicLeapMediaFactory (582)
[2019.11.27-05.28.50:060][110]LogModuleManager: Shutting down and abandoning module MagicLeapMediaEditor (580)
[2019.11.27-05.28.50:060][110]LogModuleManager: Shutting down and abandoning module CharacterAI (578)
[2019.11.27-05.28.50:060][110]LogModuleManager: Shutting down and abandoning module SmartSnapping (576)
[2019.11.27-05.28.50:060][110]LogModuleManager: Shutting down and abandoning module SessionServices (574)
[2019.11.27-05.28.50:060][110]LogModuleManager: Shutting down and abandoning module MeshPaint (572)
[2019.11.27-05.28.50:062][110]LogModuleManager: Shutting down and abandoning module ViewportSnapping (570)
[2019.11.27-05.28.50:063][110]LogModuleManager: Shutting down and abandoning module ViewportInteraction (568)
[2019.11.27-05.28.50:063][110]LogModuleManager: Shutting down and abandoning module ClothPainter (566)
[2019.11.27-05.28.50:082][110]LogModuleManager: Shutting down and abandoning module SkeletalMeshEditor (565)
[2019.11.27-05.28.50:105][110]LogModuleManager: Shutting down and abandoning module LogVisualizer (562)
[2019.11.27-05.28.50:107][110]LogModuleManager: Shutting down and abandoning module IntroTutorials (560)
[2019.11.27-05.28.50:108][110]LogModuleManager: Shutting down and abandoning module GameProjectGeneration (559)
[2019.11.27-05.28.50:110][110]LogModuleManager: Shutting down and abandoning module LuminPlatformEditor (556)
[2019.11.27-05.28.50:110][110]LogModuleManager: Shutting down and abandoning module IOSPlatformEditor (554)
[2019.11.27-05.28.50:114][110]LogModuleManager: Shutting down and abandoning module HTML5PlatformEditor (552)
[2019.11.27-05.28.50:114][110]LogModuleManager: Shutting down and abandoning module AndroidPlatformEditor (550)
[2019.11.27-05.28.50:114][110]LogModuleManager: Shutting down and abandoning module AndroidDeviceDetection (549)
[2019.11.27-05.28.51:015][110]LogModuleManager: Shutting down and abandoning module WindowsPlatformEditor (546)
[2019.11.27-05.28.51:015][110]LogModuleManager: Shutting down and abandoning module LuminRuntimeSettings (544)
[2019.11.27-05.28.51:015][110]LogModuleManager: Shutting down and abandoning module IOSRuntimeSettings (542)
[2019.11.27-05.28.51:016][110]LogModuleManager: Shutting down and abandoning module AndroidRuntimeSettings (540)
[2019.11.27-05.28.51:016][110]LogModuleManager: Shutting down and abandoning module TimeManagementEditor (538)
[2019.11.27-05.28.51:016][110]LogModuleManager: Shutting down and abandoning module InputBindingEditor (536)
[2019.11.27-05.28.51:018][110]LogModuleManager: Shutting down and abandoning module MergeActors (534)
[2019.11.27-05.28.51:060][110]LogModuleManager: Shutting down and abandoning module LocalizationDashboard (532)
[2019.11.27-05.28.51:065][110]LogModuleManager: Shutting down and abandoning module LocalizationService (531)
[2019.11.27-05.28.51:066][110]LogModuleManager: Shutting down and abandoning module HardwareTargeting (528)
[2019.11.27-05.28.51:067][110]LogModuleManager: Shutting down and abandoning module DeviceProfileEditor (526)
[2019.11.27-05.28.51:072][110]LogModuleManager: Shutting down and abandoning module UndoHistory (524)
[2019.11.27-05.28.51:075][110]LogModuleManager: Shutting down and abandoning module XmlParser (522)
[2019.11.27-05.28.51:076][110]LogModuleManager: Shutting down and abandoning module Blutility (520)
[2019.11.27-05.28.51:078][110]LogModuleManager: Shutting down and abandoning module ProjectSettingsViewer (518)
[2019.11.27-05.28.51:080][110]LogModuleManager: Shutting down and abandoning module ProjectTargetPlatformEditor (517)
[2019.11.27-05.28.51:088][110]LogModuleManager: Shutting down and abandoning module EditorSettingsViewer (514)
[2019.11.27-05.28.51:091][110]LogModuleManager: Shutting down and abandoning module SettingsEditor (512)
[2019.11.27-05.28.51:094][110]LogModuleManager: Shutting down and abandoning module ProjectLauncher (510)
[2019.11.27-05.28.51:096][110]LogModuleManager: Shutting down and abandoning module SessionFrontend (508)
[2019.11.27-05.28.51:097][110]LogModuleManager: Shutting down and abandoning module ProfilerClient (506)
[2019.11.27-05.28.51:098][110]LogModuleManager: Shutting down and abandoning module DeviceManager (504)
[2019.11.27-05.28.51:114][110]LogModuleManager: Shutting down and abandoning module TargetDeviceServices (503)
[2019.11.27-05.28.51:169][110]LogModuleManager: Shutting down and abandoning module AutomationController (500)
[2019.11.27-05.28.51:172][110]LogModuleManager: Shutting down and abandoning module AutomationWindow (498)
[2019.11.27-05.28.51:174][110]LogModuleManager: Shutting down and abandoning module Layers (496)
[2019.11.27-05.28.51:179][110]LogModuleManager: Shutting down and abandoning module ComponentVisualizers (494)
[2019.11.27-05.28.51:180][110]LogModuleManager: Shutting down and abandoning module DetailCustomizations (492)
[2019.11.27-05.28.51:184][110]LogModuleManager: Shutting down and abandoning module PackagesDialog (490)
[2019.11.27-05.28.51:187][110]LogModuleManager: Shutting down and abandoning module AnimationBlueprintEditor (488)
[2019.11.27-05.28.51:195][110]LogModuleManager: Shutting down and abandoning module Persona (486)
[2019.11.27-05.28.51:201][110]LogModuleManager: Shutting down and abandoning module AdvancedPreviewScene (485)
[2019.11.27-05.28.51:204][110]LogModuleManager: Shutting down and abandoning module AnimGraph (483)
[2019.11.27-05.28.51:210][110]LogModuleManager: Shutting down and abandoning module Kismet (480)
[2019.11.27-05.28.51:378][110]LogModuleManager: Shutting down and abandoning module KismetWidgets (479)
[2019.11.27-05.28.51:379][110]LogModuleManager: Shutting down and abandoning module GraphEditor (476)
[2019.11.27-05.28.51:382][110]LogModuleManager: Shutting down and abandoning module StructViewer (474)
[2019.11.27-05.28.51:382][110]LogModuleManager: Shutting down and abandoning module ClassViewer (472)
[2019.11.27-05.28.51:383][110]LogModuleManager: Shutting down and abandoning module Toolbox (470)
[2019.11.27-05.28.51:383][110]LogModuleManager: Shutting down and abandoning module ModuleUI (468)
[2019.11.27-05.28.51:383][110]LogModuleManager: Shutting down and abandoning module MovieSceneTools (466)
[2019.11.27-05.28.51:385][110]LogModuleManager: Shutting down and abandoning module OutputLog (464)
[2019.11.27-05.28.51:389][110]LogModuleManager: Shutting down and abandoning module GammaUI (462)
[2019.11.27-05.28.51:389][110]LogModuleManager: Shutting down and abandoning module Documentation (460)
[2019.11.27-05.28.51:389][110]LogModuleManager: Shutting down and abandoning module LiveCoding (458)
[2019.11.27-05.28.51:392][110]LogModuleManager: Shutting down and abandoning module LevelSequence (456)
[2019.11.27-05.28.51:392][110]LogModuleManager: Shutting down and abandoning module MovieSceneTracks (454)
[2019.11.27-05.28.51:392][110]LogModuleManager: Shutting down and abandoning module MovieScene (452)
[2019.11.27-05.28.51:393][110]LogModuleManager: Shutting down and abandoning module StreamingPauseRendering (450)
[2019.11.27-05.28.51:393][110]LogModuleManager: Shutting down and abandoning module LauncherPlatform (448)
[2019.11.27-05.28.51:394][110]LogModuleManager: Shutting down and abandoning module AnalyticsET (446)
[2019.11.27-05.28.51:394][110]LogModuleManager: Shutting down and abandoning module PortalServices (444)
[2019.11.27-05.28.51:394][110]LogModuleManager: Shutting down and abandoning module PortalRpc (442)
[2019.11.27-05.28.51:394][110]LogModuleManager: Shutting down and abandoning module MessagingRpc (440)
[2019.11.27-05.28.51:394][110]LogModuleManager: Shutting down and abandoning module AIModule (438)
[2019.11.27-05.28.51:396][110]LogModuleManager: Shutting down and abandoning module GameplayDebugger (437)
[2019.11.27-05.28.51:396][110]LogModuleManager: Shutting down and abandoning module AITestSuite (435)
[2019.11.27-05.28.51:396][110]LogModuleManager: Shutting down and abandoning module NavigationSystem (433)
[2019.11.27-05.28.51:396][110]LogModuleManager: Shutting down and abandoning module DesktopPlatform (430)
[2019.11.27-05.28.51:397][110]LogModuleManager: Shutting down and abandoning module ImageWriteQueue (428)
[2019.11.27-05.28.51:414][110]LogModuleManager: Shutting down and abandoning module ProfilerService (426)
[2019.11.27-05.28.51:619][110]LogModuleManager: Shutting down and abandoning module TaskGraph (424)
[2019.11.27-05.28.51:622][110]LogModuleManager: Shutting down and abandoning module ScreenshotTools (422)
[2019.11.27-05.28.51:623][110]LogModuleManager: Shutting down and abandoning module SteamVRController (420)
[2019.11.27-05.28.51:624][110]LogModuleManager: Shutting down and abandoning module ProceduralMeshComponentEditor (418)
[2019.11.27-05.28.51:624][110]LogModuleManager: Shutting down and abandoning module ProceduralMeshComponent (416)
[2019.11.27-05.28.51:624][110]LogModuleManager: Shutting down and abandoning module OculusEditor (414)
[2019.11.27-05.28.51:625][110]LogModuleManager: Shutting down and abandoning module OculusInput (412)
[2019.11.27-05.28.51:625][110]LogModuleManager: Shutting down and abandoning module MobilePatchingUtils (410)
[2019.11.27-05.28.51:625][110]LogModuleManager: Shutting down and abandoning module EditableMesh (408)
[2019.11.27-05.28.51:626][110]LogModuleManager: Shutting down and abandoning module CustomMeshComponent (406)
[2019.11.27-05.28.51:627][110]LogModuleManager: Shutting down and abandoning module CableComponent (404)
[2019.11.27-05.28.51:627][110]LogModuleManager: Shutting down and abandoning module AudioCapture (402)
[2019.11.27-05.28.51:627][110]LogModuleManager: Shutting down and abandoning module ArchVisCharacter (400)
[2019.11.27-05.28.51:627][110]LogModuleManager: Shutting down and abandoning module AppleImageUtilsBlueprintSupport (398)
[2019.11.27-05.28.51:627][110]LogModuleManager: Shutting down and abandoning module AppleImageUtils (396)
[2019.11.27-05.28.51:627][110]LogModuleManager: Shutting down and abandoning module AndroidPermission (394)
[2019.11.27-05.28.51:627][110]LogModuleManager: Shutting down and abandoning module NUTUnrealEngine4 (392)
[2019.11.27-05.28.51:628][110]LogModuleManager: Shutting down and abandoning module NetcodeUnitTest (390)
[2019.11.27-05.28.51:630][110]LogModuleManager: Shutting down and abandoning module MediaCompositing (388)
[2019.11.27-05.28.51:630][110]LogModuleManager: Shutting down and abandoning module ImgMedia (386)
[2019.11.27-05.28.51:631][110]LogModuleManager: Shutting down and abandoning module MagicLeapHelperVulkan (384)
[2019.11.27-05.28.51:631][110]LogModuleManager: Shutting down and abandoning module MagicLeapHelperOpenGL (382)
[2019.11.27-05.28.51:631][110]LogModuleManager: Shutting down and abandoning module MagicLeapAudio (380)
[2019.11.27-05.28.51:632][110]LogModuleManager: Shutting down and abandoning module HTML5Networking (378)
[2019.11.27-05.28.51:632][110]LogModuleManager: Shutting down and abandoning module GeometryCacheTracks (376)
[2019.11.27-05.28.51:632][110]LogModuleManager: Shutting down and abandoning module GeometryCacheSequencer (374)
[2019.11.27-05.28.51:632][110]LogModuleManager: Shutting down and abandoning module BackChannel (372)
[2019.11.27-05.28.51:633][110]LogModuleManager: Shutting down and abandoning module AutomationUtilsEditor (370)
[2019.11.27-05.28.51:634][110]LogModuleManager: Shutting down and abandoning module AutomationUtils (368)
[2019.11.27-05.28.51:634][110]LogModuleManager: Shutting down and abandoning module AlembicImporter (366)
[2019.11.27-05.28.51:635][110]LogModuleManager: Shutting down and abandoning module AlembicLibrary (365)
[2019.11.27-05.28.51:636][110]LogModuleManager: Shutting down and abandoning module GeometryCache (364)
[2019.11.27-05.28.51:637][110]LogModuleManager: Shutting down and abandoning module GeometryCacheEd (363)
[2019.11.27-05.28.51:637][110]LogModuleManager: Shutting down and abandoning module VariantManagerContent (358)
[2019.11.27-05.28.51:637][110]LogModuleManager: Shutting down and abandoning module DatasmithContentEditor (356)
[2019.11.27-05.28.51:638][110]LogModuleManager: Shutting down and abandoning module SpeedTreeImporter (354)
[2019.11.27-05.28.51:638][110]LogModuleManager: Shutting down and abandoning module PluginBrowser (352)
[2019.11.27-05.28.51:648][110]LogModuleManager: Shutting down and abandoning module MobileLauncherProfileWizard (350)
[2019.11.27-05.28.51:649][110]LogModuleManager: Shutting down and abandoning module MaterialAnalyzer (348)
[2019.11.27-05.28.51:650][110]LogModuleManager: Shutting down and abandoning module CurveEditorTools (346)
[2019.11.27-05.28.51:651][110]LogModuleManager: Shutting down and abandoning module CurveEditor (345)
[2019.11.27-05.28.51:656][110]LogModuleManager: Shutting down and abandoning module CryptoKeysOpenSSL (342)
[2019.11.27-05.28.51:656][110]LogModuleManager: Shutting down and abandoning module CryptoKeys (340)
[2019.11.27-05.28.51:656][110]LogModuleManager: Shutting down and abandoning module VisualStudioSourceCodeAccess (338)
[2019.11.27-05.28.51:657][110]LogModuleManager: Shutting down and abandoning module VisualStudioCodeSourceCodeAccess (336)
[2019.11.27-05.28.51:657][110]LogModuleManager: Shutting down and abandoning module UObjectPlugin (334)
[2019.11.27-05.28.51:657][110]LogModuleManager: Shutting down and abandoning module SubversionSourceControl (332)
[2019.11.27-05.28.51:659][110]LogModuleManager: Shutting down and abandoning module PerforceSourceControl (330)
[2019.11.27-05.28.51:663][110]LogModuleManager: Shutting down and abandoning module GitSourceControl (328)
[2019.11.27-05.28.51:666][110]LogModuleManager: Shutting down and abandoning module SourceControl (327)
[2019.11.27-05.28.51:667][110]LogModuleManager: Shutting down and abandoning module CLionSourceCodeAccess (324)
[2019.11.27-05.28.51:668][110]LogModuleManager: Shutting down and abandoning module AnimationSharingEd (322)
[2019.11.27-05.28.51:668][110]LogModuleManager: Shutting down and abandoning module ActorLayerUtilitiesEditor (320)
[2019.11.27-05.28.51:668][110]LogModuleManager: Shutting down and abandoning module ActorLayerUtilities (318)
[2019.11.27-05.28.51:668][110]LogModuleManager: Shutting down and abandoning module LightPropagationVolumeEditor (316)
[2019.11.27-05.28.51:669][110]LogModuleManager: Shutting down and abandoning module PaperTiledImporter (314)
[2019.11.27-05.28.51:669][110]LogModuleManager: Shutting down and abandoning module PaperSpriteSheetImporter (312)
[2019.11.27-05.28.51:669][110]LogModuleManager: Shutting down and abandoning module Paper2DEditor (310)
[2019.11.27-05.28.51:673][110]LogModuleManager: Shutting down and abandoning module SignificanceManager (308)
[2019.11.27-05.28.51:673][110]LogModuleManager: Shutting down and abandoning module RuntimePhysXCooking (306)
[2019.11.27-05.28.51:673][110]LogModuleManager: Shutting down and abandoning module PhysXVehiclesEditor (304)
[2019.11.27-05.28.51:673][110]LogModuleManager: Shutting down and abandoning module LocationServicesBPLibrary (300)
[2019.11.27-05.28.51:673][110]LogModuleManager: Shutting down and abandoning module ActorSequence (298)
[2019.11.27-05.28.51:674][110]LogModuleManager: Shutting down and abandoning module UdpMessaging (296)
[2019.11.27-05.28.51:775][110]LogModuleManager: Shutting down and abandoning module TcpMessaging (294)
[2019.11.27-05.28.51:905][110]LogModuleManager: Shutting down and abandoning module MagicLeapIdentity (292)
[2019.11.27-05.28.51:906][110]LogModuleManager: Shutting down and abandoning module MagicLeapSecureStorage (290)
[2019.11.27-05.28.51:906][110]LogModuleManager: Shutting down and abandoning module MagicLeapHandTracking (288)
[2019.11.27-05.28.51:907][110]LogModuleManager: Shutting down and abandoning module MagicLeapEyeTracker (286)
[2019.11.27-05.28.51:907][110]LogModuleManager: Shutting down and abandoning module MagicLeapController (284)
[2019.11.27-05.28.51:909][110]LogSlate: Slate User Destroyed.  User Index 0, Is Virtual User: 0
[2019.11.27-05.28.51:909][110]LogModuleManager: Shutting down and abandoning module MagicLeapAR (282)
[2019.11.27-05.28.51:910][110]LogModuleManager: Shutting down and abandoning module AugmentedReality (281)
[2019.11.27-05.28.51:910][110]LogModuleManager: Shutting down and abandoning module GameplayTagsEditor (278)
[2019.11.27-05.28.51:910][110]LogModuleManager: Shutting down and abandoning module FacialAnimationEditor (276)
[2019.11.27-05.28.51:911][110]LogModuleManager: Shutting down and abandoning module FacialAnimation (274)
[2019.11.27-05.28.51:911][110]LogModuleManager: Shutting down and abandoning module DataValidation (272)
[2019.11.27-05.28.51:911][110]LogModuleManager: Shutting down and abandoning module AssetManagerEditor (270)
[2019.11.27-05.28.51:914][110]LogModuleManager: Shutting down and abandoning module LevelEditor (269)
[2019.11.27-05.28.51:924][110]LogModuleManager: Shutting down and abandoning module PixelInspectorModule (268)
[2019.11.27-05.28.51:925][110]LogModuleManager: Shutting down and abandoning module CommonMenuExtensions (266)
[2019.11.27-05.28.51:926][110]LogModuleManager: Shutting down and abandoning module MainFrame (264)
[2019.11.27-05.28.51:927][110]LogModuleManager: Shutting down and abandoning module HotReload (263)
[2019.11.27-05.28.51:929][110]LogModuleManager: Shutting down and abandoning module ContentBrowser (259)
[2019.11.27-05.28.51:939][110]LogModuleManager: Shutting down and abandoning module TreeMap (257)
[2019.11.27-05.28.51:940][110]LogModuleManager: Shutting down and abandoning module AnimationSharing (254)
[2019.11.27-05.28.51:940][110]LogModuleManager: Shutting down and abandoning module LightPropagationVolumeRuntime (252)
[2019.11.27-05.28.51:940][110]LogModuleManager: Shutting down and abandoning module Paper2D (250)
[2019.11.27-05.28.51:940][110]LogModuleManager: Shutting down and abandoning module WindowsMoviePlayer (248)
[2019.11.27-05.28.51:950][110]LogModuleManager: Shutting down and abandoning module WebMMoviePlayer (246)
[2019.11.27-05.28.51:951][110]LogModuleManager: Shutting down and abandoning module NetworkReplayStreaming (244)
[2019.11.27-05.28.51:951][110]LogModuleManager: Shutting down and abandoning module PacketHandler (242)
[2019.11.27-05.28.51:951][110]LogModuleManager: Shutting down and abandoning module ClothingSystemEditor (240)
[2019.11.27-05.28.51:951][110]LogModuleManager: Shutting down and abandoning module ClothingSystemRuntime (238)
[2019.11.27-05.28.51:952][110]LogModuleManager: Shutting down and abandoning module MediaAssets (236)
[2019.11.27-05.28.51:952][110]LogModuleManager: Shutting down and abandoning module Overlay (234)
[2019.11.27-05.28.51:952][110]LogModuleManager: Shutting down and abandoning module OverlayEditor (233)
[2019.11.27-05.28.51:952][110]LogModuleManager: Shutting down and abandoning module VREditor (230)
[2019.11.27-05.28.51:953][110]LogModuleManager: Shutting down and abandoning module StringTableEditor (228)
[2019.11.27-05.28.51:954][110]LogModuleManager: Shutting down and abandoning module GameplayTasksEditor (226)
[2019.11.27-05.28.51:954][110]LogModuleManager: Shutting down and abandoning module BehaviorTreeEditor (224)
[2019.11.27-05.28.51:956][110]LogModuleManager: Shutting down and abandoning module FunctionalTesting (222)
[2019.11.27-05.28.51:957][110]LogModuleManager: Shutting down and abandoning module CollisionAnalyzer (220)
[2019.11.27-05.28.51:958][110]LogModuleManager: Shutting down and abandoning module WorkspaceMenuStructure (219)
[2019.11.27-05.28.51:959][110]LogModuleManager: Shutting down and abandoning module UMG (216)
[2019.11.27-05.28.51:959][110]LogModuleManager: Shutting down and abandoning module UMGEditor (215)
[2019.11.27-05.28.51:960][110]LogModuleManager: Shutting down and abandoning module Sequencer (214)
[2019.11.27-05.28.51:964][110]LogModuleManager: Shutting down and abandoning module MessageLog (211)
[2019.11.27-05.28.51:964][110]LogModuleManager: Shutting down and abandoning module SlateReflector (206)
[2019.11.27-05.28.51:968][110]LogModuleManager: Shutting down and abandoning module Slate (204)
[2019.11.27-05.28.51:968][110]LogModuleManager: Shutting down and abandoning module LandscapeEditorUtilities (202)
[2019.11.27-05.28.51:968][110]LogModuleManager: Shutting down and abandoning module EditorStyle (200)
[2019.11.27-05.28.51:976][110]LogModuleManager: Shutting down and abandoning module UnrealEd (198)
[2019.11.27-05.28.51:976][110]LogModuleManager: Shutting down and abandoning module MRMesh (196)
[2019.11.27-05.28.51:976][110]LogModuleManager: Shutting down and abandoning module SourceCodeAccess (194)
[2019.11.27-05.28.51:976][110]LogModuleManager: Shutting down and abandoning module HeadMountedDisplay (192)
[2019.11.27-05.28.51:976][110]LogModuleManager: Shutting down and abandoning module XAudio2 (190)
[2019.11.27-05.28.51:977][110]LogModuleManager: Shutting down and abandoning module Networking (188)
[2019.11.27-05.28.51:977][110]LogModuleManager: Shutting down and abandoning module Core (186)
[2019.11.27-05.28.51:977][110]LogModuleManager: Shutting down and abandoning module KismetCompiler (184)
[2019.11.27-05.28.51:977][110]LogModuleManager: Shutting down and abandoning module MeshUtilities (182)
[2019.11.27-05.28.51:977][110]LogModuleManager: Shutting down and abandoning module MeshMergeUtilities (181)
[2019.11.27-05.28.51:977][110]LogModuleManager: Shutting down and abandoning module MeshReductionInterface (180)
[2019.11.27-05.28.51:978][110]LogModuleManager: Shutting down and abandoning module SkeletalMeshReduction (179)
[2019.11.27-05.28.51:979][110]LogModuleManager: Shutting down and abandoning module ProxyLODMeshReduction (177)
[2019.11.27-05.28.51:980][110]LogModuleManager: Shutting down and abandoning module QuadricMeshReduction (175)
[2019.11.27-05.28.51:980][110]LogModuleManager: Shutting down and abandoning module MaterialBaking (171)
[2019.11.27-05.28.51:981][110]LogModuleManager: Shutting down and abandoning module NullInstallBundleManager (166)
[2019.11.27-05.28.51:981][110]LogModuleManager: Shutting down and abandoning module DerivedDataCache (164)
[2019.11.27-05.28.52:024][110]LogDerivedDataCache: Shutdown
[2019.11.27-05.28.52:026][110]LogModuleManager: Shutting down and abandoning module XGEController (162)
[2019.11.27-05.28.52:029][110]LogModuleManager: Shutting down and abandoning module TargetPlatform (160)
[2019.11.27-05.28.52:031][110]LogModuleManager: Shutting down and abandoning module VulkanShaderFormat (159)
[2019.11.27-05.28.52:032][110]LogModuleManager: Shutting down and abandoning module ShaderFormatVectorVM (157)
[2019.11.27-05.28.52:033][110]LogModuleManager: Shutting down and abandoning module ShaderFormatOpenGL (155)
[2019.11.27-05.28.52:035][110]LogModuleManager: Shutting down and abandoning module ShaderFormatD3D (153)
[2019.11.27-05.28.52:036][110]LogModuleManager: Shutting down and abandoning module MetalShaderFormat (151)
[2019.11.27-05.28.52:037][110]LogModuleManager: Shutting down and abandoning module TextureFormatUncompressed (149)
[2019.11.27-05.28.52:037][110]LogModuleManager: Shutting down and abandoning module TextureFormatPVR (147)
[2019.11.27-05.28.52:038][110]LogModuleManager: Shutting down and abandoning module TextureFormatDXT (145)
[2019.11.27-05.28.52:039][110]LogModuleManager: Shutting down and abandoning module TextureFormatIntelISPCTexComp (143)
[2019.11.27-05.28.52:041][110]LogModuleManager: Shutting down and abandoning module TextureFormatASTC (141)
[2019.11.27-05.28.52:042][110]LogModuleManager: Shutting down and abandoning module ImageWrapper (140)
[2019.11.27-05.28.52:042][110]LogModuleManager: Shutting down and abandoning module TextureFormatAndroid (137)
[2019.11.27-05.28.52:042][110]LogModuleManager: Shutting down and abandoning module AudioFormatOpus (135)
[2019.11.27-05.28.52:043][110]LogModuleManager: Shutting down and abandoning module AudioFormatOgg (133)
[2019.11.27-05.28.52:043][110]LogModuleManager: Shutting down and abandoning module AudioFormatADPCM (131)
[2019.11.27-05.28.52:044][110]LogModuleManager: Shutting down and abandoning module LuminTargetPlatform (129)
[2019.11.27-05.28.52:377][110]LogModuleManager: Shutting down and abandoning module LinuxTargetPlatform (127)
[2019.11.27-05.28.52:378][110]LogModuleManager: Shutting down and abandoning module LinuxServerTargetPlatform (125)
[2019.11.27-05.28.52:379][110]LogModuleManager: Shutting down and abandoning module LinuxNoEditorTargetPlatform (123)
[2019.11.27-05.28.52:381][110]LogModuleManager: Shutting down and abandoning module LinuxClientTargetPlatform (121)
[2019.11.27-05.28.52:382][110]LogModuleManager: Shutting down and abandoning module TVOSTargetPlatform (119)
[2019.11.27-05.28.52:430][110]LogModuleManager: Shutting down and abandoning module Messaging (117)
[2019.11.27-05.28.52:431][110]LogModuleManager: Shutting down and abandoning module IOSTargetPlatform (115)
[2019.11.27-05.28.52:541][110]LogModuleManager: Shutting down and abandoning module HTML5TargetPlatform (113)
[2019.11.27-05.28.52:541][110]LogModuleManager: Shutting down and abandoning module AndroidTargetPlatform (111)
[2019.11.27-05.28.52:654][110]LogModuleManager: Shutting down and abandoning module WindowsTargetPlatform (109)
[2019.11.27-05.28.52:654][110]LogModuleManager: Shutting down and abandoning module WindowsServerTargetPlatform (107)
[2019.11.27-05.28.52:654][110]LogModuleManager: Shutting down and abandoning module WindowsNoEditorTargetPlatform (105)
[2019.11.27-05.28.52:654][110]LogModuleManager: Shutting down and abandoning module WindowsClientTargetPlatform (103)
[2019.11.27-05.28.52:654][110]LogModuleManager: Shutting down and abandoning module MacTargetPlatform (101)
[2019.11.27-05.28.52:655][110]LogModuleManager: Shutting down and abandoning module MacServerTargetPlatform (99)
[2019.11.27-05.28.52:655][110]LogModuleManager: Shutting down and abandoning module MacNoEditorTargetPlatform (97)
[2019.11.27-05.28.52:655][110]LogModuleManager: Shutting down and abandoning module MacClientTargetPlatform (95)
[2019.11.27-05.28.52:655][110]LogModuleManager: Shutting down and abandoning module AllDesktopTargetPlatform (93)
[2019.11.27-05.28.52:655][110]LogModuleManager: Shutting down and abandoning module InputCore (90)
[2019.11.27-05.28.52:655][110]LogModuleManager: Shutting down and abandoning module Settings (88)
[2019.11.27-05.28.52:655][110]LogModuleManager: Shutting down and abandoning module DirectoryWatcher (86)
[2019.11.27-05.28.52:656][110]LogModuleManager: Shutting down and abandoning module PhysXCooking (84)
[2019.11.27-05.28.52:657][110]LogModuleManager: Shutting down and abandoning module WindowsPlatformFeatures (82)
[2019.11.27-05.28.52:657][110]LogModuleManager: Shutting down and abandoning module GameplayMediaEncoder (81)
[2019.11.27-05.28.52:657][110]LogModuleManager: Shutting down and abandoning module SteamVR (78)
[2019.11.27-05.28.52:658][110]LogHMD: Freeing OpenVRDLLHandle.
[2019.11.27-05.28.52:658][110]LogModuleManager: Shutting down and abandoning module OculusHMD (76)
[2019.11.27-05.28.52:658][110]LogModuleManager: Shutting down and abandoning module ExampleDeviceProfileSelector (74)
[2019.11.27-05.28.52:659][110]LogModuleManager: Shutting down and abandoning module LauncherChunkInstaller (72)
[2019.11.27-05.28.52:659][110]LogModuleManager: Shutting down and abandoning module OnlineBlueprintSupport (70)
[2019.11.27-05.28.52:659][110]LogModuleManager: Shutting down and abandoning module OnlineSubsystem (66)
[2019.11.27-05.28.52:661][110]LogModuleManager: Shutting down and abandoning module XMPP (61)
[2019.11.27-05.28.52:662][110]LogModuleManager: Shutting down and abandoning module WebSockets (60)
[2019.11.27-05.28.52:680][110]LogModuleManager: Shutting down and abandoning module HTTP (57)
[2019.11.27-05.28.52:681][110]LogHttp: Display: Http module shutting down, but needs to wait on 1 outstanding Http requests:
[2019.11.27-05.28.52:681][110]LogHttp: Display: 	verb=[POST] url=[https://datarouter.ol.epicgames.com/datarouter/api/v1/public/data?SessionID=%7B804A28B1-4071-D224-2693-E0AD7FF0CC7A%7D&AppID=UEEditor.Rocket.Release&AppVersion=4.23.1-9631420%2B%2B%2BUE4%2BRelease-4.23&UserID=6063a0a2426a861b5185ef97bdc4e056%7C607022755b3a4bd88bbba20e16409e56%7Cc0c5d550-02b5-4e37-a415-71829215c8a0&AppEnvironment=datacollector-binary&UploadType=eteventstream] status=Processing
[2019.11.27-05.28.52:712][110]LogModuleManager: Shutting down and abandoning module SSL (56)
[2019.11.27-05.28.52:728][110]LogModuleManager: Shutting down and abandoning module WmfMedia (52)
[2019.11.27-05.28.52:734][110]LogModuleManager: Shutting down and abandoning module Media (51)
[2019.11.27-05.28.52:736][110]LogModuleManager: Shutting down and abandoning module MagicLeap (48)
[2019.11.27-05.28.52:737][110]LogModuleManager: Shutting down and abandoning module DatasmithContent (46)
[2019.11.27-05.28.52:738][110]LogModuleManager: Shutting down and abandoning module AISupportModule (44)
[2019.11.27-05.28.52:738][110]LogModuleManager: Shutting down and abandoning module PlatformCryptoOpenSSL (42)
[2019.11.27-05.28.52:739][110]LogModuleManager: Shutting down and abandoning module PlatformCrypto (40)
[2019.11.27-05.28.52:739][110]LogModuleManager: Shutting down and abandoning module AnimationModifiers (38)
[2019.11.27-05.28.52:740][110]LogModuleManager: Shutting down and abandoning module PropertyEditor (37)
[2019.11.27-05.28.52:742][110]LogModuleManager: Shutting down and abandoning module AudioEditor (34)
[2019.11.27-05.28.52:745][110]LogModuleManager: Shutting down and abandoning module TextureCompressor (32)
[2019.11.27-05.28.52:746][110]LogModuleManager: Shutting down and abandoning module RenderCore (30)
[2019.11.27-05.28.52:746][110]LogModuleManager: Shutting down and abandoning module Landscape (28)
[2019.11.27-05.28.52:746][110]LogModuleManager: Shutting down and abandoning module SlateRHIRenderer (26)
[2019.11.27-05.28.52:901][110]LogModuleManager: Shutting down and abandoning module OpenGLDrv (24)
[2019.11.27-05.28.52:902][110]LogModuleManager: Shutting down and abandoning module D3D11RHI (22)
[2019.11.27-05.28.52:902][110]LogModuleManager: Shutting down and abandoning module AnimGraphRuntime (20)
[2019.11.27-05.28.52:903][110]LogModuleManager: Shutting down and abandoning module Renderer (18)
[2019.11.27-05.28.52:904][110]LogModuleManager: Shutting down and abandoning module Engine (16)
[2019.11.27-05.28.52:904][110]LogModuleManager: Shutting down and abandoning module CoreUObject (14)
[2019.11.27-05.28.52:904][110]LogModuleManager: Shutting down and abandoning module NetworkFile (12)
[2019.11.27-05.28.52:904][110]LogModuleManager: Shutting down and abandoning module CookedIterativeFile (10)
[2019.11.27-05.28.52:904][110]LogModuleManager: Shutting down and abandoning module StreamingFile (8)
[2019.11.27-05.28.52:905][110]LogModuleManager: Shutting down and abandoning module SandboxFile (6)
[2019.11.27-05.28.52:906][110]LogModuleManager: Shutting down and abandoning module PakFile (4)
[2019.11.27-05.28.52:908][110]LogModuleManager: Shutting down and abandoning module RSA (3)
[2019.11.27-05.28.52:928][110]LogD3D11RHI: Shutdown
[2019.11.27-05.28.52:929][110]LogD3D11RHI: CleanupD3DDevice
[2019.11.27-05.28.52:940][110]LogRendererCore: FGlobalDynamicReadBuffer::Cleanup()
[2019.11.27-05.28.52:941][110]LogRendererCore: FGlobalDynamicReadBuffer::Cleanup()
[2019.11.27-05.28.52:941][110]LogRendererCore: FGlobalDynamicReadBuffer::Cleanup()
[2019.11.27-05.28.55:479][110]LogD3D11RHI: ~FD3D11DynamicRHI
[2019.11.27-05.28.55:494][110]LogExit: Exiting.
[2019.11.27-05.28.55:519][110]Log file closed, 11/27/19 14:28:55
